분석 시작 raw/114609__daxter31__snoring.wav
0:0:2.321(2.32s)!!!!!!!!!!!!!!!!!!!!!!!!!!!!!!!!!!!!!!!!!!!!!!!!!!!!!!!!!!!!!!!!!녹음 시작! 
0:0:46.01(46.01s)!!!!!!!!!!!!!!!!!!!!!!!!!!!!!!!!!!!!!!!!!!!!!!!!!!!!!!!!!!!!!!!!!녹음 종료! 
=====녹음중 분석 종료, 분석정보 시작=====
녹음파일 길이: 0:0:43.688
tmpMinDb: -74.64496490751436
tmpMaxDb: 19.25702091873702
코골이 시작
2.32~3.33 max: -13.41 low: -16.66 chk: -18.38
6.10~7.63 max: -13.70 low: -17.34 chk: -18.58
8.30~9.31 max: -21.11 low: -21.66 chk: -26.74
10.82~12.43 max: -17.75 low: -23.40 chk: -24.14
12.97~13.98 max: -18.20 low: -21.65 chk: -25.41
15.79~16.80 max: -14.23 low: -16.80 chk: -18.94
16.82~17.83 max: -17.54 low: -20.62 chk: -21.72
20.26~21.34 max: -13.87 low: -16.44 chk: -18.54
21.78~22.79 max: -18.74 low: -24.04 chk: -25.64
24.15~25.36 max: -13.77 low: -19.61 chk: -18.74
26.02~27.03 max: -15.26 low: -20.19 chk: -20.99
33.75~34.76 max: -14.74 low: -21.36 chk: -20.86
35.18~36.19 max: -14.86 low: -20.40 chk: -20.60
37.16~38.25 max: -17.06 low: -21.23 chk: -22.13
38.28~39.29 max: -22.45 low: -22.81 chk: -29.57
40.60~41.61 max: -17.60 low: -21.60 chk: -22.96
42.60~43.72 max: -14.34 low: -17.34 chk: -19.40
43.73~44.74 max: -18.47 low: -20.88 chk: -22.67
45.12~0.00 max: 0.00 low: 0.00 chk: 0.00
코골이 끝
이갈이 시작
4.13~5.14 max: 0.00 low: 0.00 chk: 0.00
28.68~29.94 max: -19.81 low: -19.58 chk: -24.83
30.70~31.71 max: 0.00 low: 0.00 chk: 0.00
32.35~33.45 max: -25.30 low: -20.98 chk: -31.51
39.31~40.32 max: 0.00 low: 0.00 chk: 0.00
이갈이 끝
분석 종료
분석 시작 raw/20545__sirplus__snore.wav
0:0:2.171(2.17s)!!!!!!!!!!!!!!!!!!!!!!!!!!!!!!!!!!!!!!!!!!!!!!!!!!!!!!!!!!!!!!!!!녹음 시작! 
0:0:32.008(32.01s)!!!!!!!!!!!!!!!!!!!!!!!!!!!!!!!!!!!!!!!!!!!!!!!!!!!!!!!!!!!!!!!!!녹음 종료! 
=====녹음중 분석 종료, 분석정보 시작=====
녹음파일 길이: 0:0:29.837
tmpMinDb: -78.54587488389268
tmpMaxDb: 27.858402854865144
코골이 시작
2.31~4.28 max: -12.43 low: -15.65 chk: -18.54
15.08~16.53 max: -10.35 low: -13.76 chk: -13.01
17.60~18.68 max: -16.26 low: -17.36 chk: -19.80
20.27~23.05 max: -7.67 low: -11.62 chk: -11.64
26.27~28.33 max: -8.50 low: -13.49 chk: -12.69
28.36~29.37 max: -14.90 low: -19.20 chk: -19.01
30.22~31.23 max: -15.85 low: -16.93 chk: -19.84
코골이 끝
이갈이 시작
4.70~5.71 max: -23.21 low: -16.19 chk: -29.19
6.11~7.17 max: -18.72 low: -12.48 chk: -22.94
7.20~8.21 max: -21.47 low: -16.55 chk: -26.20
8.28~10.70 max: -22.03 low: -16.44 chk: -27.71
11.98~13.32 max: -11.95 low: -11.55 chk: -15.04
13.33~14.34 max: -18.94 low: -17.24 chk: -22.45
16.58~17.59 max: -23.54 low: -15.25 chk: -27.91
18.70~19.71 max: -18.53 low: -18.46 chk: -22.68
23.10~24.11 max: 0.00 low: 0.00 chk: 0.00
24.17~25.18 max: -18.03 low: -17.23 chk: -22.60
25.21~26.26 max: 0.00 low: 0.00 chk: 0.00
이갈이 끝
분석 종료
분석 시작 raw/235873__delphidebrain__sjuulke-snoring-1.wav
0:0:0.29(0.29s)!!!!!!!!!!!!!!!!!!!!!!!!!!!!!!!!!!!!!!!!!!!!!!!!!!!!!!!!!!!!!!!!!녹음 시작! 
0:0:45.0(45.00s)!!!!!!!!!!!!!!!!!!!!!!!!!!!!!!!!!!!!!!!!!!!!!!!!!!!!!!!!!!!!!!!!!녹음 종료! 
=====녹음중 분석 종료, 분석정보 시작=====
녹음파일 길이: 0:0:44.71
tmpMinDb: -Infinity
tmpMaxDb: 0.0
코골이 시작
0.33~1.34 max: -28.09 low: -30.15 chk: -35.69
3.36~4.37 max: -28.49 low: -29.48 chk: -35.53
6.52~7.53 max: -30.84 low: -30.88 chk: -37.48
13.21~14.22 max: -28.22 low: -29.56 chk: -35.70
16.42~17.43 max: -26.65 low: -27.37 chk: -34.17
31.70~32.71 max: -27.72 low: -30.91 chk: -34.87
36.05~37.06 max: -27.30 low: -29.02 chk: -34.57
39.30~40.31 max: -24.61 low: -24.72 chk: -30.18
코골이 끝
이갈이 시작
10.03~11.04 max: -30.33 low: -28.96 chk: -34.55
19.91~20.92 max: -29.98 low: -29.11 chk: -35.44
23.75~24.76 max: 0.00 low: 0.00 chk: 0.00
27.59~28.60 max: -31.22 low: -28.97 chk: -35.86
42.67~43.68 max: -30.44 low: -28.36 chk: -37.32
이갈이 끝
분석 종료
분석 시작 raw/377119__ejking17__20170112-the-zzz.wav
0:0:1.892(1.89s)!!!!!!!!!!!!!!!!!!!!!!!!!!!!!!!!!!!!!!!!!!!!!!!!!!!!!!!!!!!!!!!!!녹음 시작! 
0:0:3.006(3.01s)!!!!!!!!!!!!!!!!!!!!!!!!!!!!!!!!!!!!!!!!!!!!!!!!!!!!!!!!!!!!!!!!!녹음 종료! 
=====녹음중 분석 종료, 분석정보 시작=====
녹음파일 길이: 0:0:1.114
tmpMinDb: -48.03793738666506
tmpMaxDb: 22.47149599327397
코골이 시작
1.89~2.90 max: -26.53 low: -30.69 chk: -33.94
2.97~0.00 max: 0.00 low: 0.00 chk: 0.00
코골이 끝
이갈이 시작
이갈이 끝
분석 종료
분석 시작 raw/40621__acclivity__sleepingbeauty.wav
0:0:0.928(0.93s)!!!!!!!!!!!!!!!!!!!!!!!!!!!!!!!!!!!!!!!!!!!!!!!!!!!!!!!!!!!!!!!!!녹음 시작! 
0:2:15.0(135.00s)!!!!!!!!!!!!!!!!!!!!!!!!!!!!!!!!!!!!!!!!!!!!!!!!!!!!!!!!!!!!!!!!!녹음 종료! 
=====녹음중 분석 종료, 분석정보 시작=====
녹음파일 길이: 0:2:14.072
tmpMinDb: -56.82599278155848
tmpMaxDb: 38.71919370116735
코골이 시작
57.84~59.64 max: -18.40 low: -20.69 chk: -22.86
59.65~60.66 max: -19.83 low: -21.98 chk: -24.52
61.74~62.97 max: -18.04 low: -19.73 chk: -21.33
65.77~67.26 max: -17.85 low: -21.21 chk: -23.53
107.64~109.12 max: -19.46 low: -20.51 chk: -22.88
110.89~112.33 max: -19.42 low: -20.20 chk: -24.94
118.63~120.20 max: -17.21 low: -19.35 chk: -22.37
134.13~0.00 max: 0.00 low: 0.00 chk: 0.00
코골이 끝
이갈이 시작
1.53~2.62 max: -20.19 low: -18.63 chk: -25.00
2.64~3.65 max: 0.00 low: 0.00 chk: 0.00
6.07~7.13 max: -22.19 low: -21.15 chk: -26.30
7.15~8.16 max: 0.00 low: 0.00 chk: 0.00
9.71~10.72 max: -22.88 low: -20.32 chk: -27.17
10.81~11.82 max: 0.00 low: 0.00 chk: 0.00
22.00~23.12 max: -21.39 low: -19.03 chk: -26.27
23.13~24.14 max: -26.94 low: -22.03 chk: -33.09
25.09~26.46 max: -21.46 low: -20.63 chk: -26.51
28.12~29.65 max: -26.17 low: -20.38 chk: -31.03
31.60~33.01 max: -21.54 low: -19.89 chk: -26.43
33.02~34.03 max: 0.00 low: 0.00 chk: 0.00
35.16~36.17 max: -23.16 low: -20.36 chk: -28.23
38.14~39.15 max: -22.55 low: -20.55 chk: -26.83
41.04~42.12 max: -23.72 low: -22.56 chk: -29.47
42.14~43.15 max: -26.31 low: -22.02 chk: -31.88
44.38~45.60 max: -22.16 low: -20.89 chk: -27.44
45.62~46.63 max: -23.42 low: -19.90 chk: -28.37
48.10~49.11 max: -22.37 low: -20.06 chk: -27.38
51.54~52.55 max: -27.10 low: -23.30 chk: -33.17
54.37~55.41 max: -25.13 low: -22.33 chk: -30.33
55.44~56.45 max: -25.25 low: -21.11 chk: -30.03
67.28~68.29 max: 0.00 low: 0.00 chk: 0.00
69.03~70.74 max: -22.56 low: -20.56 chk: -28.08
70.79~71.80 max: 0.00 low: 0.00 chk: 0.00
72.69~74.11 max: -22.01 low: -20.38 chk: -26.84
74.12~75.13 max: -24.93 low: -21.41 chk: -30.30
76.12~77.13 max: -21.55 low: -21.54 chk: -28.06
80.06~81.14 max: -25.26 low: -21.14 chk: -28.91
81.18~82.19 max: -23.90 low: -21.85 chk: -30.61
83.66~84.69 max: -22.16 low: -20.48 chk: -29.01
84.71~85.72 max: -25.28 low: -21.15 chk: -31.25
87.21~88.50 max: -22.74 low: -22.17 chk: -28.70
88.51~89.52 max: 0.00 low: 0.00 chk: 0.00
92.04~93.05 max: 0.00 low: 0.00 chk: 0.00
100.22~102.26 max: -28.59 low: -26.59 chk: -33.95
102.27~103.28 max: -26.09 low: -20.56 chk: -31.17
104.49~105.51 max: -15.91 low: -15.35 chk: -18.56
105.52~106.53 max: 0.00 low: 0.00 chk: 0.00
112.34~113.35 max: 0.00 low: 0.00 chk: 0.00
114.40~115.90 max: -21.46 low: -20.06 chk: -26.66
123.04~124.31 max: -21.77 low: -20.14 chk: -26.67
124.35~125.36 max: 0.00 low: 0.00 chk: 0.00
이갈이 끝
분석 종료
분석 시작 raw/61605__andune__schnauf.wav
0:0:0.882(0.88s)!!!!!!!!!!!!!!!!!!!!!!!!!!!!!!!!!!!!!!!!!!!!!!!!!!!!!!!!!!!!!!!!!녹음 시작! 
0:0:4.005(4.01s)!!!!!!!!!!!!!!!!!!!!!!!!!!!!!!!!!!!!!!!!!!!!!!!!!!!!!!!!!!!!!!!!!녹음 종료! 
=====녹음중 분석 종료, 분석정보 시작=====
녹음파일 길이: 0:0:3.123
tmpMinDb: -50.58478426771192
tmpMaxDb: 34.794666316849984
코골이 시작
0.91~2.66 max: -17.86 low: -19.52 chk: -24.01
3.72~0.00 max: 0.00 low: 0.00 chk: 0.00
코골이 끝
이갈이 시작
2.68~3.69 max: -21.74 low: -16.27 chk: -26.43
이갈이 끝
분석 종료
분석 시작 raw/63103__robinhood76__00555-snoring-1-heavy-breath.wav
0:0:1.068(1.07s)!!!!!!!!!!!!!!!!!!!!!!!!!!!!!!!!!!!!!!!!!!!!!!!!!!!!!!!!!!!!!!!!!녹음 시작! 
0:1:20.004(80.00s)!!!!!!!!!!!!!!!!!!!!!!!!!!!!!!!!!!!!!!!!!!!!!!!!!!!!!!!!!!!!!!!!!녹음 종료! 
=====녹음중 분석 종료, 분석정보 시작=====
녹음파일 길이: 0:1:18.936
tmpMinDb: -38.560548900544916
tmpMaxDb: 41.744464672735155
코골이 시작
1.07~2.46 max: -18.58 low: -19.58 chk: -23.93
2.54~4.52 max: -21.06 low: -21.21 chk: -27.11
4.59~5.68 max: -21.39 low: -22.23 chk: -27.18
5.69~7.49 max: -21.28 low: -21.58 chk: -27.41
7.50~8.66 max: -18.98 low: -20.49 chk: -24.73
13.65~14.73 max: -18.87 low: -20.14 chk: -24.65
14.74~16.74 max: -19.13 low: -21.89 chk: -25.34
20.43~21.46 max: -20.22 low: -21.90 chk: -26.40
21.54~23.30 max: -20.54 low: -21.64 chk: -27.26
27.96~29.76 max: -15.26 low: -17.98 chk: -20.56
29.77~31.18 max: -19.38 low: -20.23 chk: -26.75
31.22~32.57 max: -19.63 low: -21.90 chk: -25.87
33.97~35.58 max: -17.96 low: -20.08 chk: -25.14
35.78~38.84 max: -19.25 low: -21.12 chk: -25.89
38.94~39.97 max: -21.25 low: -21.31 chk: -26.14
39.98~40.99 max: -20.22 low: -21.56 chk: -27.14
41.05~42.18 max: -18.56 low: -20.84 chk: -24.73
43.65~45.81 max: -20.20 low: -22.82 chk: -27.32
45.91~47.08 max: -18.79 low: -20.02 chk: -24.81
48.19~49.23 max: -19.44 low: -20.16 chk: -24.26
49.24~50.75 max: -19.70 low: -21.18 chk: -25.44
50.76~52.64 max: -20.48 low: -22.77 chk: -27.18
52.81~53.82 max: -20.77 low: -22.28 chk: -27.54
55.89~57.03 max: -19.03 low: -22.39 chk: -25.66
57.06~59.04 max: -17.83 low: -20.96 chk: -24.67
62.33~63.49 max: -18.72 low: -20.97 chk: -25.97
64.56~65.57 max: -19.53 low: -20.77 chk: -26.49
67.30~68.31 max: -18.02 low: -21.49 chk: -25.42
75.62~77.66 max: -20.97 low: -23.80 chk: -27.23
77.82~78.84 max: -20.30 low: -20.73 chk: -24.71
78.85~0.00 max: 0.00 low: 0.00 chk: 0.00
코골이 끝
이갈이 시작
8.68~10.47 max: 0.00 low: 0.00 chk: 0.00
10.74~11.75 max: -20.41 low: -19.72 chk: -26.20
11.77~13.64 max: -21.53 low: -19.98 chk: -28.10
17.04~18.05 max: -21.55 low: -19.81 chk: -27.21
18.17~20.15 max: -22.83 low: -21.64 chk: -29.31
23.42~24.43 max: -20.32 low: -19.73 chk: -26.61
24.45~26.41 max: -22.10 low: -18.87 chk: -28.09
26.44~27.95 max: -20.30 low: -18.79 chk: -26.09
32.58~33.84 max: -20.83 low: -19.40 chk: -26.90
42.42~43.64 max: -20.00 low: -19.75 chk: -26.15
47.09~48.10 max: -21.21 low: -21.04 chk: -28.37
53.87~55.82 max: -21.48 low: -20.27 chk: -28.04
59.11~60.17 max: -20.59 low: -19.09 chk: -26.59
60.19~62.22 max: -21.73 low: -20.44 chk: -27.31
63.51~64.53 max: -19.77 low: -18.82 chk: -25.41
65.63~66.72 max: -22.00 low: -20.17 chk: -28.72
68.34~69.81 max: -24.43 low: -21.86 chk: -30.10
70.24~71.27 max: -20.68 low: -20.28 chk: -27.14
71.68~72.69 max: -21.88 low: -21.54 chk: -28.51
72.74~74.41 max: -23.79 low: -20.08 chk: -29.05
74.44~75.60 max: -21.29 low: -21.16 chk: -27.37
이갈이 끝
분석 종료
분석 시작 raw/69329__robinhood76__00966-baby-snoring-2.wav
0:0:1.95(1.95s)!!!!!!!!!!!!!!!!!!!!!!!!!!!!!!!!!!!!!!!!!!!!!!!!!!!!!!!!!!!!!!!!!녹음 시작! 
0:1:39.009(99.01s)!!!!!!!!!!!!!!!!!!!!!!!!!!!!!!!!!!!!!!!!!!!!!!!!!!!!!!!!!!!!!!!!!녹음 종료! 
=====녹음중 분석 종료, 분석정보 시작=====
녹음파일 길이: 0:1:37.059
tmpMinDb: -35.9682983729642
tmpMaxDb: 30.538306575338368
코골이 시작
1.95~3.60 max: -25.85 low: -26.70 chk: -32.80
5.50~7.34 max: -28.32 low: -29.91 chk: -35.37
7.38~8.39 max: -28.23 low: -31.01 chk: -35.21
9.51~11.31 max: -28.03 low: -29.78 chk: -35.08
15.48~16.97 max: -28.41 low: -29.66 chk: -36.14
19.34~21.06 max: -26.34 low: -26.69 chk: -31.58
28.76~30.59 max: -27.72 low: -28.85 chk: -34.90
32.25~34.17 max: -29.70 low: -30.37 chk: -36.83
34.19~36.07 max: -26.75 low: -27.62 chk: -32.71
36.11~38.06 max: -28.27 low: -29.88 chk: -35.79
44.48~46.54 max: -23.71 low: -25.78 chk: -31.02
46.56~48.40 max: -29.65 low: -30.55 chk: -35.92
53.94~54.97 max: -30.14 low: -30.52 chk: -36.85
54.98~56.18 max: -27.49 low: -31.36 chk: -34.44
63.46~65.18 max: -27.02 low: -27.76 chk: -33.70
68.74~70.54 max: -29.11 low: -30.55 chk: -36.36
70.66~72.35 max: -30.16 low: -30.87 chk: -36.00
72.36~74.26 max: -27.88 low: -28.43 chk: -34.66
79.11~80.25 max: -29.24 low: -29.67 chk: -35.52
80.36~81.68 max: -28.63 low: -29.30 chk: -36.04
84.95~86.45 max: -29.45 low: -29.56 chk: -35.76
88.12~89.83 max: -28.85 low: -29.49 chk: -36.64
89.99~91.50 max: -29.60 low: -29.75 chk: -36.68
91.58~92.98 max: -29.18 low: -29.89 chk: -36.20
97.62~0.00 max: 0.00 low: 0.00 chk: 0.00
코골이 끝
이갈이 시작
3.68~5.48 max: -30.88 low: -30.28 chk: -36.38
8.43~9.44 max: -29.69 low: -28.44 chk: -36.84
11.40~13.46 max: -29.74 low: -29.46 chk: -34.70
13.47~15.28 max: -27.03 low: -26.93 chk: -34.03
17.17~18.92 max: -31.04 low: -28.60 chk: -36.62
21.30~23.09 max: -30.50 low: -26.74 chk: -36.63
23.12~24.86 max: -30.55 low: -29.49 chk: -36.08
24.88~26.76 max: -30.77 low: -29.38 chk: -34.57
26.77~28.73 max: -30.18 low: -25.46 chk: -36.70
30.66~32.24 max: -30.07 low: -24.12 chk: -35.94
38.07~39.60 max: -26.78 low: -25.99 chk: -32.94
39.62~41.06 max: -29.41 low: -28.51 chk: -36.32
41.22~42.43 max: -29.63 low: -29.08 chk: -36.71
42.53~44.45 max: -29.32 low: -24.67 chk: -36.15
48.45~49.82 max: -30.02 low: -29.70 chk: -36.93
49.90~51.55 max: -31.03 low: -28.05 chk: -34.76
51.56~52.87 max: -30.69 low: -29.02 chk: -36.56
52.88~53.89 max: -27.83 low: -26.48 chk: -35.11
56.35~58.31 max: -30.38 low: -29.37 chk: -36.89
58.51~60.19 max: -31.00 low: -27.08 chk: -36.83
60.35~61.81 max: -29.85 low: -27.61 chk: -36.03
61.90~63.45 max: -30.36 low: -28.75 chk: -36.84
65.31~66.83 max: -30.69 low: -29.49 chk: -36.23
66.91~68.73 max: -30.33 low: -29.65 chk: -34.55
74.27~75.84 max: -30.99 low: -28.74 chk: -34.83
75.96~77.37 max: -30.68 low: -28.60 chk: -37.01
77.52~79.10 max: -29.09 low: -27.62 chk: -36.00
81.69~83.21 max: -30.27 low: -29.85 chk: -35.99
83.29~84.81 max: -29.43 low: -28.52 chk: -35.78
86.47~88.08 max: -28.04 low: -28.00 chk: -35.21
93.04~94.53 max: -30.43 low: -29.53 chk: -36.18
94.54~96.06 max: -31.03 low: -27.80 chk: -36.65
96.25~97.57 max: -30.84 low: -30.64 chk: -36.06
이갈이 끝
분석 종료
분석 시작 raw/Snoring vs Sleep Apnea  - What the difference sounds like.wav
0:0:0.731(0.73s)!!!!!!!!!!!!!!!!!!!!!!!!!!!!!!!!!!!!!!!!!!!!!!!!!!!!!!!!!!!!!!!!!녹음 시작! 
0:5:2.01(302.01s)!!!!!!!!!!!!!!!!!!!!!!!!!!!!!!!!!!!!!!!!!!!!!!!!!!!!!!!!!!!!!!!!!녹음 종료! 
=====녹음중 분석 종료, 분석정보 시작=====
녹음파일 길이: 0:5:1.278
tmpMinDb: -74.9618590595757
tmpMaxDb: 26.24905999974283
코골이 시작
0.73~1.74 max: -23.26 low: -24.33 chk: -29.76
4.30~6.11 max: -21.00 low: -23.20 chk: -27.53
6.12~7.13 max: -23.53 low: -26.35 chk: -30.57
7.22~8.23 max: -24.10 low: -25.02 chk: -30.02
8.34~9.36 max: -23.92 low: -25.54 chk: -30.48
9.38~10.39 max: -23.66 low: -25.96 chk: -28.53
10.40~11.83 max: -15.65 low: -19.16 chk: -19.90
11.84~12.85 max: -22.75 low: -27.64 chk: -28.75
12.86~13.87 max: -25.09 low: -28.83 chk: -31.13
13.94~14.95 max: -25.90 low: -26.02 chk: -32.54
15.26~16.28 max: -25.11 low: -27.46 chk: -30.72
16.31~17.64 max: -18.57 low: -19.35 chk: -21.71
18.82~19.83 max: -23.45 low: -26.66 chk: -29.39
20.22~21.23 max: -26.09 low: -26.70 chk: -30.93
21.28~22.31 max: -26.80 low: -27.07 chk: -33.00
22.34~23.58 max: -21.37 low: -24.45 chk: -26.81
24.62~25.63 max: -21.51 low: -25.87 chk: -27.40
26.98~29.42 max: -24.50 low: -26.07 chk: -30.64
29.43~30.44 max: -23.47 low: -27.19 chk: -29.03
30.49~31.50 max: -23.41 low: -28.77 chk: -30.72
31.76~32.77 max: -22.06 low: -26.00 chk: -29.04
32.95~34.01 max: -25.47 low: -25.87 chk: -31.14
34.02~35.75 max: -17.94 low: -19.08 chk: -22.92
35.78~36.79 max: -24.09 low: -27.67 chk: -29.77
36.84~37.85 max: -23.97 low: -28.69 chk: -30.55
37.89~38.91 max: -24.02 low: -26.96 chk: -29.81
39.37~41.04 max: -21.31 low: -22.73 chk: -25.99
41.05~42.06 max: -25.74 low: -27.46 chk: -32.61
42.11~43.12 max: -21.34 low: -23.05 chk: -26.74
43.24~44.25 max: -22.36 low: -26.46 chk: -28.33
44.35~46.56 max: -23.92 low: -27.69 chk: -30.18
46.57~47.58 max: -21.98 low: -25.22 chk: -27.88
47.67~48.70 max: -22.15 low: -27.15 chk: -28.77
48.74~49.75 max: -22.84 low: -26.68 chk: -28.76
49.77~50.84 max: -25.02 low: -27.85 chk: -31.25
50.86~52.60 max: -19.84 low: -22.01 chk: -24.64
52.62~53.63 max: -24.84 low: -24.87 chk: -29.34
53.68~54.69 max: -23.46 low: -25.52 chk: -29.11
54.94~55.95 max: -23.99 low: -27.21 chk: -30.47
55.97~56.98 max: -25.49 low: -26.57 chk: -31.12
57.07~58.46 max: -21.18 low: -22.26 chk: -26.83
58.47~59.48 max: -22.99 low: -27.06 chk: -29.55
59.49~60.50 max: -24.80 low: -26.70 chk: -31.31
60.67~61.68 max: -24.03 low: -28.23 chk: -29.91
61.80~62.84 max: -23.87 low: -25.00 chk: -29.79
62.86~63.88 max: -24.17 low: -26.73 chk: -30.48
63.89~64.90 max: -22.95 low: -24.70 chk: -29.35
64.99~66.01 max: -24.29 low: -27.22 chk: -30.21
66.03~67.04 max: -26.00 low: -29.11 chk: -31.65
68.09~69.10 max: -24.00 low: -26.29 chk: -30.02
69.23~70.24 max: -24.75 low: -25.91 chk: -30.77
70.30~73.06 max: -22.68 low: -25.37 chk: -28.28
73.07~74.43 max: -22.78 low: -26.78 chk: -29.12
74.44~75.48 max: -24.31 low: -25.35 chk: -30.36
75.49~76.50 max: -24.63 low: -27.90 chk: -30.93
76.60~78.01 max: -16.76 low: -18.12 chk: -21.16
78.04~80.28 max: -24.72 low: -28.15 chk: -30.46
80.29~82.11 max: -21.52 low: -22.71 chk: -26.42
82.15~83.16 max: -24.97 low: -27.91 chk: -31.11
83.17~84.18 max: -23.42 low: -24.60 chk: -28.76
84.31~85.32 max: -25.28 low: -28.21 chk: -32.37
86.45~87.46 max: -24.50 low: -28.80 chk: -30.64
87.52~88.53 max: -23.68 low: -24.91 chk: -28.78
88.67~89.68 max: -25.90 low: -30.19 chk: -32.26
89.78~90.79 max: -26.28 low: -28.05 chk: -31.41
90.84~91.86 max: -25.10 low: -26.80 chk: -30.62
91.92~92.93 max: -25.20 low: -26.77 chk: -31.06
92.95~93.96 max: -24.03 low: -27.07 chk: -29.79
93.97~94.98 max: -23.67 low: -26.89 chk: -29.75
95.07~96.08 max: -24.10 low: -28.92 chk: -31.06
96.12~97.13 max: -24.83 low: -24.99 chk: -30.75
98.27~99.28 max: -23.81 low: -27.02 chk: -30.21
99.47~100.48 max: -25.20 low: -28.70 chk: -30.96
100.53~101.54 max: -22.63 low: -26.63 chk: -28.65
102.81~103.82 max: -22.95 low: -26.34 chk: -27.95
103.91~104.92 max: -24.32 low: -26.59 chk: -30.06
106.01~107.02 max: -26.96 low: -28.42 chk: -34.67
109.62~110.63 max: -21.99 low: -25.74 chk: -27.59
112.14~113.15 max: -22.48 low: -25.99 chk: -29.31
113.30~114.92 max: -14.92 low: -16.20 chk: -19.57
114.93~116.18 max: -23.34 low: -24.92 chk: -28.81
116.19~117.20 max: -24.36 low: -26.53 chk: -30.65
117.81~119.71 max: -13.13 low: -15.75 chk: -16.16
119.75~120.76 max: -22.32 low: -27.49 chk: -28.84
120.78~121.79 max: -24.59 low: -27.04 chk: -30.20
121.81~122.90 max: -22.50 low: -23.61 chk: -28.55
122.91~124.16 max: -25.13 low: -26.81 chk: -30.28
124.17~125.72 max: -25.27 low: -26.83 chk: -31.95
126.91~127.92 max: -25.10 low: -26.10 chk: -30.50
128.00~129.01 max: -24.03 low: -25.12 chk: -29.40
129.08~130.09 max: -26.32 low: -27.55 chk: -32.06
130.14~131.15 max: -23.52 low: -25.53 chk: -29.28
131.75~132.76 max: -25.82 low: -27.53 chk: -31.94
134.01~135.02 max: -22.61 low: -25.52 chk: -28.72
137.89~138.90 max: -23.67 low: -26.08 chk: -28.82
139.16~140.17 max: -22.93 low: -25.32 chk: -28.13
142.87~143.88 max: -24.02 low: -28.38 chk: -30.27
143.95~144.97 max: -26.92 low: -28.12 chk: -34.28
145.09~146.10 max: -26.78 low: -27.59 chk: -33.38
149.98~150.99 max: -24.89 low: -25.22 chk: -30.69
151.09~152.10 max: -27.45 low: -28.46 chk: -32.65
152.23~153.24 max: -23.54 low: -26.25 chk: -30.09
155.71~156.72 max: -25.10 low: -27.73 chk: -30.57
156.83~157.84 max: -25.27 low: -28.88 chk: -31.91
158.00~159.01 max: -25.38 low: -28.88 chk: -32.06
159.45~160.46 max: -24.69 low: -26.09 chk: -30.63
161.24~162.82 max: -14.73 low: -14.74 chk: -18.15
162.84~164.97 max: -22.57 low: -26.12 chk: -28.23
164.98~165.99 max: -24.46 low: -26.15 chk: -29.75
167.08~168.21 max: -19.49 low: -22.08 chk: -24.21
168.22~169.23 max: -22.83 low: -27.74 chk: -28.84
169.27~170.28 max: -25.97 low: -28.86 chk: -32.09
170.88~172.00 max: -23.99 low: -24.66 chk: -30.02
172.01~173.64 max: -24.81 low: -30.12 chk: -31.00
173.65~174.90 max: -25.18 low: -27.31 chk: -30.78
174.93~175.95 max: -23.35 low: -26.38 chk: -29.27
176.25~177.26 max: -23.93 low: -27.76 chk: -30.65
177.57~178.58 max: -21.42 low: -28.43 chk: -27.11
178.99~180.02 max: -24.22 low: -28.37 chk: -30.66
180.13~181.15 max: -24.26 low: -27.83 chk: -29.94
181.16~182.17 max: -25.67 low: -27.42 chk: -31.62
182.31~183.32 max: -25.54 low: -27.62 chk: -32.61
184.40~185.41 max: -23.77 low: -27.36 chk: -29.28
185.47~186.48 max: -23.76 low: -28.02 chk: -29.73
186.61~187.62 max: -25.40 low: -28.39 chk: -32.61
188.17~189.18 max: -23.96 low: -26.41 chk: -29.66
190.31~191.32 max: -24.63 low: -27.14 chk: -30.73
191.33~192.34 max: -25.03 low: -25.77 chk: -31.11
193.12~194.13 max: -24.27 low: -27.06 chk: -29.35
194.48~195.49 max: -25.04 low: -28.64 chk: -31.72
196.80~197.81 max: -24.52 low: -27.49 chk: -30.59
198.14~199.16 max: -22.78 low: -26.16 chk: -28.72
199.46~200.47 max: -24.67 low: -28.01 chk: -30.55
200.48~201.49 max: -23.61 low: -26.94 chk: -29.27
201.73~202.75 max: -22.71 low: -26.45 chk: -28.91
202.87~203.88 max: -25.58 low: -28.41 chk: -31.97
205.17~206.19 max: -24.39 low: -25.82 chk: -30.19
206.53~207.54 max: -24.05 low: -26.46 chk: -29.37
207.70~209.57 max: -24.22 low: -28.50 chk: -31.03
209.58~211.37 max: -25.66 low: -27.35 chk: -31.53
211.38~212.40 max: -23.69 low: -24.46 chk: -29.90
212.42~213.43 max: -20.87 low: -23.50 chk: -26.26
213.44~214.45 max: -25.17 low: -26.63 chk: -29.97
214.46~216.14 max: -26.46 low: -29.26 chk: -34.20
216.15~217.37 max: -13.69 low: -18.92 chk: -19.35
217.39~218.87 max: -22.85 low: -26.19 chk: -28.91
218.88~219.89 max: -26.58 low: -28.10 chk: -33.10
221.29~222.30 max: -22.61 low: -27.96 chk: -28.74
222.49~223.52 max: -26.16 low: -28.22 chk: -33.84
223.69~224.70 max: -25.19 low: -27.90 chk: -30.93
225.81~226.82 max: -27.16 low: -29.84 chk: -33.57
226.84~227.87 max: -22.29 low: -27.19 chk: -29.84
227.89~228.90 max: -23.66 low: -28.21 chk: -29.38
228.96~229.97 max: -24.17 low: -25.66 chk: -30.16
230.04~231.05 max: -26.68 low: -27.57 chk: -32.19
231.08~232.10 max: -25.67 low: -26.20 chk: -30.01
232.14~233.15 max: -24.93 low: -25.96 chk: -30.82
233.37~234.38 max: -23.65 low: -25.31 chk: -28.91
234.49~235.50 max: -24.04 low: -25.60 chk: -30.29
235.61~236.62 max: -24.52 low: -27.79 chk: -30.76
236.79~237.80 max: -26.72 low: -29.28 chk: -32.84
238.04~239.05 max: -24.19 low: -28.57 chk: -30.59
240.38~241.39 max: -23.35 low: -27.11 chk: -28.48
241.56~242.57 max: -23.48 low: -27.07 chk: -29.86
242.59~243.62 max: -23.24 low: -24.20 chk: -28.02
243.95~244.96 max: -24.02 low: -26.51 chk: -29.99
245.16~246.17 max: -26.23 low: -26.70 chk: -31.96
246.18~247.19 max: -26.89 low: -28.25 chk: -32.54
247.27~248.28 max: -23.29 low: -24.97 chk: -28.70
248.29~249.30 max: -23.10 low: -26.96 chk: -29.67
249.41~250.43 max: -25.44 low: -29.33 chk: -32.00
250.46~251.47 max: -24.09 low: -25.87 chk: -29.23
251.87~252.88 max: -24.37 low: -26.77 chk: -30.48
252.91~253.92 max: -25.22 low: -27.69 chk: -29.86
253.93~254.94 max: -23.88 low: -25.37 chk: -29.39
254.97~258.12 max: -26.42 low: -27.71 chk: -33.28
258.14~259.25 max: -24.07 low: -25.22 chk: -29.54
259.26~260.27 max: -23.43 low: -26.11 chk: -28.55
262.47~263.72 max: -22.77 low: -24.67 chk: -27.94
263.73~264.75 max: -26.16 low: -27.87 chk: -32.52
264.77~267.01 max: -20.33 low: -22.42 chk: -26.59
267.02~268.03 max: -23.74 low: -25.82 chk: -31.01
268.27~269.28 max: -25.71 low: -29.67 chk: -32.04
271.51~272.52 max: -24.12 low: -27.70 chk: -30.41
272.56~273.57 max: -23.37 low: -26.62 chk: -29.30
273.58~274.59 max: -23.81 low: -26.56 chk: -29.50
274.68~275.69 max: -26.72 low: -27.49 chk: -32.23
275.98~276.99 max: -25.69 low: -29.06 chk: -32.27
277.03~278.04 max: -25.39 low: -26.55 chk: -30.84
278.27~279.28 max: -25.53 low: -31.42 chk: -31.89
280.49~281.50 max: -24.96 low: -26.98 chk: -30.75
281.51~282.52 max: -24.74 low: -27.13 chk: -31.31
283.62~284.63 max: -25.22 low: -28.08 chk: -30.88
284.69~285.70 max: -21.50 low: -24.24 chk: -26.82
285.79~286.80 max: -25.89 low: -26.13 chk: -31.25
287.14~288.15 max: -24.12 low: -25.61 chk: -30.21
288.24~289.25 max: -24.54 low: -26.27 chk: -30.52
289.29~290.30 max: -24.61 low: -27.55 chk: -30.99
290.83~291.84 max: -23.57 low: -26.05 chk: -29.01
292.22~293.23 max: -24.24 low: -24.97 chk: -29.04
293.36~294.37 max: -22.40 low: -26.62 chk: -28.61
294.38~295.39 max: -23.79 low: -24.42 chk: -28.72
295.44~296.45 max: -26.09 low: -27.14 chk: -30.85
296.60~297.61 max: -24.45 low: -25.90 chk: -29.64
298.86~299.87 max: -25.37 low: -26.87 chk: -30.93
300.36~301.38 max: -22.92 low: -26.36 chk: -28.39
코골이 끝
이갈이 시작
1.93~2.94 max: -24.09 low: -23.12 chk: -29.49
2.97~3.98 max: -26.62 low: -25.36 chk: -30.62
17.65~18.66 max: -24.38 low: -23.69 chk: -29.24
23.59~24.60 max: 0.00 low: 0.00 chk: 0.00
25.93~26.94 max: 0.00 low: 0.00 chk: 0.00
67.05~68.06 max: 0.00 low: 0.00 chk: 0.00
85.40~86.41 max: -25.15 low: -21.22 chk: -30.22
97.20~98.21 max: -26.56 low: -25.35 chk: -31.79
101.75~102.76 max: 0.00 low: 0.00 chk: 0.00
104.95~105.96 max: 0.00 low: 0.00 chk: 0.00
107.06~108.07 max: 0.00 low: 0.00 chk: 0.00
108.10~109.11 max: 0.00 low: 0.00 chk: 0.00
110.78~111.79 max: -29.98 low: -27.90 chk: -35.44
125.75~126.76 max: 0.00 low: 0.00 chk: 0.00
132.96~133.97 max: 0.00 low: 0.00 chk: 0.00
135.26~136.27 max: 0.00 low: 0.00 chk: 0.00
140.36~141.37 max: 0.00 low: 0.00 chk: 0.00
141.42~142.43 max: 0.00 low: 0.00 chk: 0.00
146.22~147.23 max: 0.00 low: 0.00 chk: 0.00
147.34~148.35 max: 0.00 low: 0.00 chk: 0.00
148.72~149.73 max: 0.00 low: 0.00 chk: 0.00
153.38~154.39 max: -24.25 low: -24.16 chk: -28.99
154.40~155.41 max: -26.59 low: -26.48 chk: -31.97
166.01~167.03 max: -23.95 low: -21.86 chk: -28.53
183.38~184.39 max: -25.27 low: -25.27 chk: -31.76
189.23~190.24 max: 0.00 low: 0.00 chk: 0.00
195.62~196.63 max: 0.00 low: 0.00 chk: 0.00
204.07~205.09 max: -25.52 low: -23.55 chk: -32.00
219.92~220.93 max: 0.00 low: 0.00 chk: 0.00
224.71~225.72 max: 0.00 low: 0.00 chk: 0.00
239.13~240.15 max: 0.00 low: 0.00 chk: 0.00
260.35~262.46 max: -27.05 low: -26.56 chk: -32.97
269.39~270.40 max: -25.58 low: -25.02 chk: -31.60
270.43~271.50 max: 0.00 low: 0.00 chk: 0.00
279.45~280.46 max: -24.19 low: -23.76 chk: -29.18
282.55~283.56 max: 0.00 low: 0.00 chk: 0.00
297.78~298.79 max: 0.00 low: 0.00 chk: 0.00
이갈이 끝
분석 종료
분석 시작 raw/What does Sleep Apnea sound like.wav
0:0:6.617(6.62s)!!!!!!!!!!!!!!!!!!!!!!!!!!!!!!!!!!!!!!!!!!!!!!!!!!!!!!!!!!!!!!!!!녹음 시작! 
0:3:25.008(205.01s)!!!!!!!!!!!!!!!!!!!!!!!!!!!!!!!!!!!!!!!!!!!!!!!!!!!!!!!!!!!!!!!!!녹음 종료! 
=====녹음중 분석 종료, 분석정보 시작=====
녹음파일 길이: 0:3:18.391
tmpMinDb: -81.46366069048482
tmpMaxDb: 23.33034034626977
코골이 시작
6.62~7.84 max: -26.66 low: -28.43 chk: -32.75
7.86~8.87 max: -22.06 low: -23.18 chk: -26.81
10.61~11.62 max: -26.64 low: -28.04 chk: -32.61
12.55~13.56 max: -26.13 low: -27.57 chk: -32.37
55.53~56.73 max: -17.64 low: -23.13 chk: -22.87
60.51~61.52 max: -15.91 low: -21.45 chk: -20.80
61.57~62.80 max: -19.00 low: -19.82 chk: -25.05
63.45~64.46 max: -15.14 low: -20.68 chk: -21.51
108.66~109.67 max: -21.01 low: -22.52 chk: -25.85
109.84~110.85 max: -16.16 low: -18.93 chk: -21.69
110.96~111.97 max: -23.62 low: -25.62 chk: -31.45
112.29~113.35 max: -13.51 low: -19.22 chk: -18.85
116.99~118.00 max: -26.45 low: -27.13 chk: -33.70
178.49~179.90 max: -21.06 low: -24.47 chk: -27.67
183.12~184.56 max: -21.74 low: -26.96 chk: -29.43
184.58~185.59 max: -19.15 low: -19.42 chk: -25.31
185.63~186.69 max: -21.89 low: -24.76 chk: -27.92
186.71~187.93 max: -22.73 low: -23.63 chk: -28.28
188.13~189.14 max: -16.29 low: -21.22 chk: -19.67
191.12~192.13 max: -21.01 low: -24.20 chk: -25.96
192.21~193.34 max: -18.45 low: -22.99 chk: -25.01
204.01~0.00 max: 0.00 low: 0.00 chk: 0.00
코골이 끝
이갈이 시작
9.52~10.60 max: -26.99 low: -26.28 chk: -32.88
26.51~27.52 max: 0.00 low: 0.00 chk: 0.00
54.28~55.29 max: 0.00 low: 0.00 chk: 0.00
56.98~58.58 max: -26.13 low: -22.76 chk: -32.53
58.61~60.40 max: -27.20 low: -25.09 chk: -32.56
65.17~67.09 max: -26.48 low: -25.76 chk: -33.84
113.56~114.95 max: -25.17 low: -25.11 chk: -30.67
115.02~116.98 max: -23.65 low: -23.11 chk: -28.90
118.47~119.48 max: -25.30 low: -25.12 chk: -31.11
176.43~178.41 max: 0.00 low: 0.00 chk: 0.00
180.01~181.88 max: -25.34 low: -23.49 chk: -31.87
181.93~182.94 max: 0.00 low: 0.00 chk: 0.00
193.35~194.36 max: 0.00 low: 0.00 chk: 0.00
195.95~196.96 max: 0.00 low: 0.00 chk: 0.00
198.33~199.34 max: 0.00 low: 0.00 chk: 0.00
201.31~202.32 max: 0.00 low: 0.00 chk: 0.00
이갈이 끝
분석 종료
분석 시작 raw/veryclearrepeating.wav
0:0:2.078(2.08s)!!!!!!!!!!!!!!!!!!!!!!!!!!!!!!!!!!!!!!!!!!!!!!!!!!!!!!!!!!!!!!!!!녹음 시작! 
0:0:16.01(16.01s)!!!!!!!!!!!!!!!!!!!!!!!!!!!!!!!!!!!!!!!!!!!!!!!!!!!!!!!!!!!!!!!!!녹음 종료! 
=====녹음중 분석 종료, 분석정보 시작=====
녹음파일 길이: 0:0:13.931
tmpMinDb: -61.501476065387514
tmpMaxDb: 37.60311487641602
코골이 시작
2.08~3.10 max: -11.91 low: -13.52 chk: -14.98
3.18~4.19 max: -16.85 low: -18.44 chk: -21.53
4.30~5.31 max: -15.28 low: -16.46 chk: -19.29
6.43~7.44 max: -15.61 low: -15.71 chk: -19.86
8.54~9.58 max: -16.62 low: -17.40 chk: -21.02
9.73~10.74 max: -16.87 low: -16.88 chk: -21.91
15.06~0.00 max: 0.00 low: 0.00 chk: 0.00
코골이 끝
이갈이 시작
5.41~6.42 max: -18.06 low: -15.87 chk: -21.99
7.49~8.53 max: -22.98 low: -18.00 chk: -28.02
10.79~11.81 max: -20.51 low: -14.84 chk: -24.35
11.82~12.83 max: -22.36 low: -19.72 chk: -27.49
12.98~13.99 max: -15.30 low: -14.71 chk: -19.20
14.00~15.03 max: -22.55 low: -18.91 chk: -28.04
이갈이 끝
분석 종료
분석 시작 raw/Matt Script - TEETH GRINDING_GRIND_TOOTH_CREAK.wav
0:0:2.054(2.05s)!!!!!!!!!!!!!!!!!!!!!!!!!!!!!!!!!!!!!!!!!!!!!!!!!!!!!!!!!!!!!!!!!녹음 시작! 
0:0:21.002(21.00s)!!!!!!!!!!!!!!!!!!!!!!!!!!!!!!!!!!!!!!!!!!!!!!!!!!!!!!!!!!!!!!!!!녹음 종료! 
=====녹음중 분석 종료, 분석정보 시작=====
녹음파일 길이: 0:0:18.947
tmpMinDb: -89.96920205079402
tmpMaxDb: 19.892306912476673
코골이 시작
2.08~3.11 max: -23.65 low: -30.77 chk: -31.06
5.39~6.40 max: -28.02 low: -30.51 chk: -34.38
6.44~7.45 max: -29.58 low: -30.61 chk: -35.69
7.47~8.48 max: -28.23 low: -30.42 chk: -34.64
8.65~9.66 max: -26.72 low: -27.21 chk: -32.80
11.03~12.04 max: -26.75 low: -29.55 chk: -33.14
12.23~13.24 max: -28.26 low: -30.11 chk: -34.41
14.06~15.07 max: -28.65 low: -29.55 chk: -34.59
15.10~16.11 max: -21.46 low: -24.15 chk: -26.34
16.54~17.55 max: -22.51 low: -26.59 chk: -27.65
17.66~18.68 max: -26.18 low: -30.58 chk: -32.29
19.84~20.85 max: -27.41 low: -30.32 chk: -33.50
20.87~0.00 max: 0.00 low: 0.00 chk: 0.00
코골이 끝
이갈이 시작
3.18~4.19 max: 0.00 low: 0.00 chk: 0.00
9.87~10.88 max: -28.23 low: -28.15 chk: -34.59
18.77~19.80 max: 0.00 low: 0.00 chk: 0.00
이갈이 끝
분석 종료
분석 시작 raw/Matt Script - TEETH CHATTERING_CHATTER_TOOTH.wav
0:0:2.02(2.02s)!!!!!!!!!!!!!!!!!!!!!!!!!!!!!!!!!!!!!!!!!!!!!!!!!!!!!!!!!!!!!!!!!녹음 시작! 
0:0:35.004(35.00s)!!!!!!!!!!!!!!!!!!!!!!!!!!!!!!!!!!!!!!!!!!!!!!!!!!!!!!!!!!!!!!!!!녹음 종료! 
=====녹음중 분석 종료, 분석정보 시작=====
녹음파일 길이: 0:0:32.983
tmpMinDb: -46.86318829899988
tmpMaxDb: 38.02811012188454
코골이 시작
2.09~3.10 max: -25.81 low: -26.65 chk: -32.94
4.39~5.40 max: -27.34 low: -28.83 chk: -35.18
15.85~16.86 max: -26.32 low: -27.12 chk: -33.59
17.93~18.94 max: -28.58 low: -28.88 chk: -35.86
20.31~21.32 max: -29.87 low: -31.25 chk: -37.29
22.67~23.68 max: -28.36 low: -28.87 chk: -35.32
24.96~25.97 max: -28.54 low: -28.67 chk: -35.69
26.04~27.05 max: -25.71 low: -29.57 chk: -33.16
27.54~28.55 max: -19.32 low: -22.34 chk: -23.66
28.62~29.63 max: -19.13 low: -23.12 chk: -25.58
29.66~30.67 max: -19.35 low: -22.09 chk: -24.86
30.72~31.73 max: -17.29 low: -21.88 chk: -21.69
31.74~32.75 max: -17.86 low: -18.38 chk: -22.00
32.79~33.80 max: -18.66 low: -21.88 chk: -22.28
33.96~0.00 max: 0.00 low: 0.00 chk: 0.00
코골이 끝
이갈이 시작
3.26~4.27 max: -29.65 low: -29.28 chk: -35.34
5.43~6.44 max: 0.00 low: 0.00 chk: 0.00
6.66~7.67 max: -27.64 low: -26.25 chk: -35.38
7.69~8.70 max: -29.37 low: -28.75 chk: -35.74
8.92~9.93 max: -29.05 low: -27.17 chk: -36.55
10.12~11.13 max: -31.48 low: -29.98 chk: -36.13
11.18~12.19 max: -28.15 low: -26.44 chk: -35.63
12.38~13.39 max: -28.77 low: -25.95 chk: -35.73
13.51~14.52 max: 0.00 low: 0.00 chk: 0.00
14.63~15.64 max: 0.00 low: 0.00 chk: 0.00
19.17~20.18 max: -28.08 low: -27.98 chk: -35.20
21.34~22.35 max: -30.65 low: -29.58 chk: -35.05
23.73~24.75 max: -30.48 low: -27.19 chk: -37.05
이갈이 끝
분석 종료
분석 시작 raw/Matt Script - TEETH CHATTERING_FAST_MOVEMENT_MOUTH OPEN.wav
0:0:1.044(1.04s)!!!!!!!!!!!!!!!!!!!!!!!!!!!!!!!!!!!!!!!!!!!!!!!!!!!!!!!!!!!!!!!!!녹음 시작! 
0:0:4.005(4.01s)!!!!!!!!!!!!!!!!!!!!!!!!!!!!!!!!!!!!!!!!!!!!!!!!!!!!!!!!!!!!!!!!!녹음 종료! 
=====녹음중 분석 종료, 분석정보 시작=====
녹음파일 길이: 0:0:2.96
tmpMinDb: -51.30483891366245
tmpMaxDb: 29.40132454625797
코골이 시작
1.06~2.07 max: -22.88 low: -24.30 chk: -27.10
2.10~3.11 max: -19.66 low: -22.58 chk: -25.75
3.15~0.00 max: 0.00 low: 0.00 chk: 0.00
코골이 끝
이갈이 시작
이갈이 끝
분석 종료
