분석 시작 raw/114609__daxter31__snoring.wav
0:0:2.321(2.32s)!!!!!!!!!!!!!!!!!!!!!!!!!!!!!!!!!!!!!!!!!!!!!!!!!!!!!!!!!!!!!!!!!녹음 시작! 
0:0:46.01(46.01s)!!!!!!!!!!!!!!!!!!!!!!!!!!!!!!!!!!!!!!!!!!!!!!!!!!!!!!!!!!!!!!!!!녹음 종료! 
=====녹음중 분석 종료, 분석정보 시작=====
녹음파일 길이: 0:0:43.688
tmpMinDb: -47.067160104694935
tmpMaxDb: 29.38262761115849
코골이 시작
2.32~3.33 max: -9.30 low: -15.31 chk: -15.00
6.10~7.63 max: -2.03 low: -5.50 chk: -15.00
8.30~9.31 max: -11.63 low: -17.27 chk: -15.00
10.82~12.43 max: -2.70 low: -5.57 chk: -15.00
15.79~16.80 max: -7.89 low: -8.97 chk: -15.00
16.82~17.83 max: -3.61 low: -11.53 chk: -15.00
20.26~21.34 max: -3.57 low: -11.55 chk: -15.00
21.78~22.79 max: -10.96 low: -17.54 chk: -15.00
24.15~25.36 max: -2.96 low: -7.77 chk: -15.00
26.02~27.03 max: -7.44 low: -10.61 chk: -15.00
28.68~29.94 max: -2.34 low: -8.74 chk: -15.00
30.70~31.71 max: -11.63 low: -18.25 chk: -15.00
33.75~34.76 max: -5.19 low: -12.34 chk: -15.00
35.18~36.19 max: -13.21 low: -16.52 chk: -15.00
37.16~38.25 max: -3.76 low: -15.28 chk: -15.00
38.28~39.29 max: -5.38 low: -12.60 chk: -15.00
39.31~40.32 max: -5.70 low: -26.52 chk: -15.00
40.60~41.61 max: -14.03 low: -15.26 chk: -15.00
42.60~43.72 max: -3.68 low: -8.52 chk: -15.00
43.73~44.74 max: -7.95 low: -14.01 chk: -15.00
45.12~0.00 max: 0.00 low: 0.00 chk: 0.00
코골이 끝
이갈이 시작
4.13~5.14 max: -14.40 low: -12.13 chk: -15.00
12.97~13.98 max: -12.65 low: -11.78 chk: -15.00
32.35~33.45 max: -9.99 low: -8.40 chk: -15.00
이갈이 끝
분석 종료
분석 시작 raw/20545__sirplus__snore.wav
0:0:2.171(2.17s)!!!!!!!!!!!!!!!!!!!!!!!!!!!!!!!!!!!!!!!!!!!!!!!!!!!!!!!!!!!!!!!!!녹음 시작! 
0:0:32.008(32.01s)!!!!!!!!!!!!!!!!!!!!!!!!!!!!!!!!!!!!!!!!!!!!!!!!!!!!!!!!!!!!!!!!!녹음 종료! 
=====녹음중 분석 종료, 분석정보 시작=====
녹음파일 길이: 0:0:29.837
tmpMinDb: -35.17725155403643
tmpMaxDb: 23.52986568296909
코골이 시작
2.31~4.28 max: -0.31 low: -10.22 chk: -15.00
8.28~10.70 max: -3.48 low: -11.80 chk: -15.00
11.98~13.32 max: -9.07 low: -11.09 chk: -15.00
15.08~16.53 max: -0.45 low: -5.46 chk: -15.00
17.60~18.68 max: -7.96 low: -8.33 chk: -15.00
20.27~23.05 max: -0.68 low: -5.03 chk: -15.00
23.10~24.11 max: -5.75 low: -7.78 chk: -15.00
26.27~28.33 max: -1.27 low: -3.02 chk: -15.00
28.36~29.37 max: -1.18 low: -10.35 chk: -15.00
코골이 끝
이갈이 시작
4.70~5.71 max: -12.09 low: -6.02 chk: -15.00
6.11~7.17 max: -10.44 low: -5.18 chk: -15.00
7.20~8.21 max: -12.35 low: -6.77 chk: -15.00
13.33~14.34 max: -12.72 low: -7.48 chk: -15.00
16.58~17.59 max: -11.25 low: -5.38 chk: -15.00
18.70~19.71 max: -13.12 low: -8.18 chk: -15.00
24.17~25.18 max: -12.60 low: -8.75 chk: -15.00
25.21~26.26 max: -12.14 low: -6.18 chk: -15.00
30.22~31.23 max: -11.76 low: -7.99 chk: -15.00
이갈이 끝
분석 종료
분석 시작 raw/235873__delphidebrain__sjuulke-snoring-1.wav
0:0:0.29(0.29s)!!!!!!!!!!!!!!!!!!!!!!!!!!!!!!!!!!!!!!!!!!!!!!!!!!!!!!!!!!!!!!!!!녹음 시작! 
0:0:45.0(45.00s)!!!!!!!!!!!!!!!!!!!!!!!!!!!!!!!!!!!!!!!!!!!!!!!!!!!!!!!!!!!!!!!!!녹음 종료! 
=====녹음중 분석 종료, 분석정보 시작=====
녹음파일 길이: 0:0:44.71
tmpMinDb: -Infinity
tmpMaxDb: 0.0
코골이 시작
0.33~1.34 max: -13.93 low: -17.78 chk: -15.00
3.36~4.37 max: -8.65 low: -17.05 chk: -15.00
6.52~7.53 max: -12.00 low: -18.96 chk: -15.00
10.03~11.04 max: -9.08 low: -24.72 chk: -15.00
13.21~14.22 max: -12.02 low: -22.28 chk: -15.00
16.42~17.43 max: -11.73 low: -23.78 chk: -15.00
19.91~20.92 max: -12.41 low: -18.88 chk: -15.00
23.75~24.76 max: -13.90 low: -22.27 chk: -15.00
27.59~28.60 max: -12.46 low: -22.26 chk: -15.00
31.70~32.71 max: -12.23 low: -21.97 chk: -15.00
36.05~37.06 max: -8.61 low: -19.54 chk: -15.00
39.30~40.31 max: -12.03 low: -21.74 chk: -15.00
42.67~43.68 max: -13.28 low: -19.49 chk: -15.00
코골이 끝
이갈이 시작
이갈이 끝
분석 종료
분석 시작 raw/377119__ejking17__20170112-the-zzz.wav
0:0:1.892(1.89s)!!!!!!!!!!!!!!!!!!!!!!!!!!!!!!!!!!!!!!!!!!!!!!!!!!!!!!!!!!!!!!!!!녹음 시작! 
0:0:3.006(3.01s)!!!!!!!!!!!!!!!!!!!!!!!!!!!!!!!!!!!!!!!!!!!!!!!!!!!!!!!!!!!!!!!!!녹음 종료! 
=====녹음중 분석 종료, 분석정보 시작=====
녹음파일 길이: 0:0:1.114
tmpMinDb: -21.958525119782912
tmpMaxDb: 46.89874348345179
코골이 시작
1.89~2.90 max: -12.21 low: -23.22 chk: -15.00
2.97~0.00 max: 0.00 low: 0.00 chk: 0.00
코골이 끝
이갈이 시작
이갈이 끝
분석 종료
분석 시작 raw/40621__acclivity__sleepingbeauty.wav
0:0:0.928(0.93s)!!!!!!!!!!!!!!!!!!!!!!!!!!!!!!!!!!!!!!!!!!!!!!!!!!!!!!!!!!!!!!!!!녹음 시작! 
0:2:15.0(135.00s)!!!!!!!!!!!!!!!!!!!!!!!!!!!!!!!!!!!!!!!!!!!!!!!!!!!!!!!!!!!!!!!!!녹음 종료! 
=====녹음중 분석 종료, 분석정보 시작=====
녹음파일 길이: 0:2:14.072
tmpMinDb: -37.6352278079957
tmpMaxDb: 23.939146041530567
코골이 시작
1.53~2.62 max: -7.40 low: -11.09 chk: -15.00
2.64~3.65 max: -14.20 low: -15.68 chk: -15.00
6.07~7.13 max: -7.53 low: -12.28 chk: -15.00
7.15~8.16 max: -11.80 low: -13.01 chk: -15.00
9.71~10.72 max: -8.13 low: -14.23 chk: -15.00
10.81~11.82 max: -13.50 low: -16.33 chk: -15.00
22.00~23.12 max: -9.62 low: -13.32 chk: -15.00
23.13~24.14 max: -13.27 low: -22.38 chk: -15.00
25.09~26.46 max: -3.24 low: -17.70 chk: -15.00
28.12~29.65 max: -4.15 low: -15.77 chk: -15.00
31.60~33.01 max: -5.96 low: -14.52 chk: -15.00
33.02~34.03 max: -13.80 low: -14.43 chk: -15.00
35.16~36.17 max: -10.18 low: -11.84 chk: -15.00
38.14~39.15 max: -11.31 low: -15.03 chk: -15.00
41.04~42.12 max: -7.42 low: -18.86 chk: -15.00
42.14~43.15 max: -13.12 low: -16.37 chk: -15.00
44.38~45.60 max: -4.97 low: -15.86 chk: -15.00
45.62~46.63 max: -13.83 low: -16.62 chk: -15.00
48.10~49.11 max: -12.85 low: -14.50 chk: -15.00
54.37~55.41 max: -11.31 low: -15.14 chk: -15.00
55.44~56.45 max: -13.67 low: -15.25 chk: -15.00
57.84~59.64 max: -4.28 low: -12.38 chk: -15.00
59.65~60.66 max: -11.56 low: -16.06 chk: -15.00
61.74~62.97 max: -4.11 low: -15.16 chk: -15.00
65.77~67.26 max: -7.73 low: -12.46 chk: -15.00
67.28~68.29 max: -14.90 low: -16.22 chk: -15.00
69.03~70.74 max: -7.33 low: -12.58 chk: -15.00
72.69~74.11 max: -5.35 low: -10.74 chk: -15.00
74.12~75.13 max: -10.10 low: -16.60 chk: -15.00
76.12~77.13 max: -9.09 low: -12.20 chk: -15.00
80.06~81.14 max: -9.10 low: -12.83 chk: -15.00
81.18~82.19 max: -13.17 low: -15.16 chk: -15.00
83.66~84.69 max: -6.58 low: -14.21 chk: -15.00
84.71~85.72 max: -10.15 low: -12.65 chk: -15.00
87.21~88.50 max: -4.58 low: -15.90 chk: -15.00
88.51~89.52 max: -14.08 low: -15.53 chk: -15.00
92.04~93.05 max: -14.45 low: -16.78 chk: -15.00
100.22~102.26 max: -6.68 low: -13.96 chk: -15.00
102.27~103.28 max: -12.07 low: -14.34 chk: -15.00
104.49~105.51 max: -3.28 low: -15.51 chk: -15.00
107.64~109.12 max: -2.91 low: -7.79 chk: -15.00
110.89~112.33 max: -3.44 low: -11.23 chk: -15.00
112.34~113.35 max: -14.20 low: -18.41 chk: -15.00
114.40~115.90 max: -3.28 low: -18.40 chk: -15.00
118.63~120.20 max: -4.11 low: -13.90 chk: -15.00
123.04~124.31 max: -4.64 low: -13.78 chk: -15.00
134.13~0.00 max: 0.00 low: 0.00 chk: 0.00
코골이 끝
이갈이 시작
51.54~52.55 max: -14.43 low: -11.47 chk: -15.00
70.79~71.80 max: -13.70 low: -10.92 chk: -15.00
105.52~106.53 max: -13.90 low: -13.57 chk: -15.00
124.35~125.36 max: -14.80 low: -10.85 chk: -15.00
이갈이 끝
분석 종료
분석 시작 raw/61605__andune__schnauf.wav
0:0:0.882(0.88s)!!!!!!!!!!!!!!!!!!!!!!!!!!!!!!!!!!!!!!!!!!!!!!!!!!!!!!!!!!!!!!!!!녹음 시작! 
0:0:4.005(4.01s)!!!!!!!!!!!!!!!!!!!!!!!!!!!!!!!!!!!!!!!!!!!!!!!!!!!!!!!!!!!!!!!!!녹음 종료! 
=====녹음중 분석 종료, 분석정보 시작=====
녹음파일 길이: 0:0:3.123
tmpMinDb: -28.655688903103936
tmpMaxDb: 37.65213592764462
코골이 시작
3.72~0.00 max: 0.00 low: 0.00 chk: 0.00
코골이 끝
이갈이 시작
0.91~2.66 max: -13.03 low: -12.69 chk: -15.00
2.68~3.69 max: -9.11 low: -8.38 chk: -15.00
이갈이 끝
분석 종료
분석 시작 raw/63103__robinhood76__00555-snoring-1-heavy-breath.wav
0:0:1.068(1.07s)!!!!!!!!!!!!!!!!!!!!!!!!!!!!!!!!!!!!!!!!!!!!!!!!!!!!!!!!!!!!!!!!!녹음 시작! 
0:1:20.004(80.00s)!!!!!!!!!!!!!!!!!!!!!!!!!!!!!!!!!!!!!!!!!!!!!!!!!!!!!!!!!!!!!!!!!녹음 종료! 
=====녹음중 분석 종료, 분석정보 시작=====
녹음파일 길이: 0:1:18.936
tmpMinDb: -2.9293902928662203
tmpMaxDb: 54.359824856319975
코골이 시작
1.07~2.46 max: -2.49 low: -15.80 chk: -15.00
2.54~4.52 max: -5.26 low: -13.42 chk: -15.00
4.59~5.68 max: -5.48 low: -20.79 chk: -15.00
5.69~7.49 max: -5.52 low: -15.97 chk: -15.00
7.50~8.66 max: -6.57 low: -14.73 chk: -15.00
8.68~10.47 max: -6.67 low: -16.85 chk: -15.00
10.74~11.75 max: -9.77 low: -16.80 chk: -15.00
13.65~14.73 max: -6.69 low: -14.36 chk: -15.00
14.74~16.74 max: -11.63 low: -12.84 chk: -15.00
17.04~18.05 max: -9.61 low: -21.17 chk: -15.00
20.43~21.46 max: -10.07 low: -14.09 chk: -15.00
21.54~23.30 max: -3.67 low: -11.90 chk: -15.00
23.42~24.43 max: -7.75 low: -13.67 chk: -15.00
26.44~27.95 max: -4.98 low: -12.40 chk: -15.00
27.96~29.76 max: -1.17 low: -13.44 chk: -15.00
29.77~31.18 max: -6.89 low: -10.35 chk: -15.00
31.22~32.57 max: -1.48 low: -14.75 chk: -15.00
32.58~33.84 max: -5.19 low: -18.45 chk: -15.00
33.97~35.58 max: -2.26 low: -10.47 chk: -15.00
35.78~38.84 max: -7.87 low: -11.63 chk: -15.00
38.94~39.97 max: -6.45 low: -18.40 chk: -15.00
41.05~42.18 max: -0.41 low: -15.39 chk: -15.00
42.42~43.64 max: -6.81 low: -13.53 chk: -15.00
43.65~45.81 max: -8.56 low: -14.31 chk: -15.00
45.91~47.08 max: -5.46 low: -11.59 chk: -15.00
48.19~49.23 max: -0.42 low: -10.52 chk: -15.00
49.24~50.75 max: -6.95 low: -10.51 chk: -15.00
50.76~52.64 max: -12.53 low: -13.56 chk: -15.00
52.81~53.82 max: -8.33 low: -14.85 chk: -15.00
55.89~57.03 max: -8.09 low: -9.72 chk: -15.00
59.11~60.17 max: -7.27 low: -11.99 chk: -15.00
60.19~62.22 max: -10.83 low: -12.22 chk: -15.00
62.33~63.49 max: -9.30 low: -13.13 chk: -15.00
64.56~65.57 max: -2.93 low: -13.29 chk: -15.00
65.63~66.72 max: -4.21 low: -14.44 chk: -15.00
67.30~68.31 max: -0.77 low: -11.90 chk: -15.00
68.34~69.81 max: -2.13 low: -13.84 chk: -15.00
70.24~71.27 max: -0.48 low: -15.18 chk: -15.00
71.68~72.69 max: -5.60 low: -15.64 chk: -15.00
72.74~74.41 max: -2.14 low: -16.39 chk: -15.00
74.44~75.60 max: -3.36 low: -13.36 chk: -15.00
75.62~77.66 max: -3.75 low: -11.53 chk: -15.00
77.82~78.84 max: -5.13 low: -13.77 chk: -15.00
78.85~0.00 max: 0.00 low: 0.00 chk: 0.00
코골이 끝
이갈이 시작
11.77~13.64 max: -12.12 low: -11.58 chk: -15.00
18.17~20.15 max: -12.93 low: -11.75 chk: -15.00
24.45~26.41 max: -12.54 low: -11.05 chk: -15.00
39.98~40.99 max: -12.70 low: -11.61 chk: -15.00
47.09~48.10 max: -12.45 low: -11.12 chk: -15.00
53.87~55.82 max: -12.39 low: -11.77 chk: -15.00
57.06~59.04 max: -12.62 low: -10.70 chk: -15.00
63.51~64.53 max: -11.55 low: -10.81 chk: -15.00
이갈이 끝
분석 종료
분석 시작 raw/69329__robinhood76__00966-baby-snoring-2.wav
0:0:1.95(1.95s)!!!!!!!!!!!!!!!!!!!!!!!!!!!!!!!!!!!!!!!!!!!!!!!!!!!!!!!!!!!!!!!!!녹음 시작! 
0:1:39.009(99.01s)!!!!!!!!!!!!!!!!!!!!!!!!!!!!!!!!!!!!!!!!!!!!!!!!!!!!!!!!!!!!!!!!!녹음 종료! 
=====녹음중 분석 종료, 분석정보 시작=====
녹음파일 길이: 0:1:37.059
tmpMinDb: -13.38474957965472
tmpMaxDb: 46.46348789354306
코골이 시작
1.95~3.60 max: -0.52 low: -19.76 chk: -15.00
3.68~5.48 max: -12.25 low: -22.94 chk: -15.00
5.50~7.34 max: -12.82 low: -23.49 chk: -15.00
7.38~8.39 max: -3.07 low: -19.39 chk: -15.00
8.43~9.44 max: -11.94 low: -24.92 chk: -15.00
9.51~11.31 max: -10.97 low: -21.65 chk: -15.00
11.40~13.46 max: -9.91 low: -26.27 chk: -15.00
13.47~15.28 max: -10.02 low: -23.56 chk: -15.00
15.48~16.97 max: -1.52 low: -16.79 chk: -15.00
17.17~18.92 max: -2.32 low: -17.61 chk: -15.00
19.34~21.06 max: -2.23 low: -14.25 chk: -15.00
21.30~23.09 max: -13.38 low: -24.81 chk: -15.00
23.12~24.86 max: -13.24 low: -26.72 chk: -15.00
24.88~26.76 max: -11.55 low: -21.60 chk: -15.00
26.77~28.73 max: -11.10 low: -20.03 chk: -15.00
28.76~30.59 max: -11.45 low: -19.13 chk: -15.00
30.66~32.24 max: -11.92 low: -18.94 chk: -15.00
32.25~34.17 max: -13.37 low: -22.15 chk: -15.00
34.19~36.07 max: -10.36 low: -22.31 chk: -15.00
36.11~38.06 max: -12.56 low: -24.82 chk: -15.00
38.07~39.60 max: -11.60 low: -20.18 chk: -15.00
39.62~41.06 max: -12.87 low: -24.66 chk: -15.00
41.22~42.43 max: -5.69 low: -21.78 chk: -15.00
42.53~44.45 max: -7.17 low: -22.17 chk: -15.00
44.48~46.54 max: -12.97 low: -24.28 chk: -15.00
46.56~48.40 max: -12.51 low: -22.76 chk: -15.00
48.45~49.82 max: -5.79 low: -22.47 chk: -15.00
49.90~51.55 max: -13.03 low: -26.94 chk: -15.00
51.56~52.87 max: -13.38 low: -23.27 chk: -15.00
52.88~53.89 max: -13.20 low: -24.45 chk: -15.00
53.94~54.97 max: -1.29 low: -17.11 chk: -15.00
54.98~56.18 max: -2.51 low: -19.86 chk: -15.00
56.35~58.31 max: -5.33 low: -26.92 chk: -15.00
58.51~60.19 max: -1.15 low: -15.04 chk: -15.00
60.35~61.81 max: -3.74 low: -21.03 chk: -15.00
61.90~63.45 max: -5.45 low: -23.69 chk: -15.00
63.46~65.18 max: -11.85 low: -18.01 chk: -15.00
65.31~66.83 max: -0.59 low: -13.79 chk: -15.00
66.91~68.73 max: -12.40 low: -24.17 chk: -15.00
68.74~70.54 max: -10.62 low: -20.13 chk: -15.00
70.66~72.35 max: -9.58 low: -23.50 chk: -15.00
72.36~74.26 max: -10.64 low: -19.79 chk: -15.00
74.27~75.84 max: -12.02 low: -26.03 chk: -15.00
75.96~77.37 max: -1.43 low: -21.45 chk: -15.00
77.52~79.10 max: -1.21 low: -14.83 chk: -15.00
79.11~80.25 max: -2.48 low: -15.69 chk: -15.00
80.36~81.68 max: -0.83 low: -17.75 chk: -15.00
81.69~83.21 max: -7.65 low: -21.68 chk: -15.00
83.29~84.81 max: -2.85 low: -20.21 chk: -15.00
84.95~86.45 max: -2.20 low: -25.12 chk: -15.00
86.47~88.08 max: -10.79 low: -26.33 chk: -15.00
88.12~89.83 max: -12.62 low: -20.99 chk: -15.00
89.99~91.50 max: -2.50 low: -18.68 chk: -15.00
91.58~92.98 max: -1.21 low: -17.26 chk: -15.00
93.04~94.53 max: -11.26 low: -25.37 chk: -15.00
94.54~96.06 max: -12.65 low: -24.64 chk: -15.00
96.25~97.57 max: -1.10 low: -17.29 chk: -15.00
97.62~0.00 max: 0.00 low: 0.00 chk: 0.00
코골이 끝
이갈이 시작
이갈이 끝
분석 종료
분석 시작 raw/Snoring vs Sleep Apnea  - What the difference sounds like.wav
0:0:0.731(0.73s)!!!!!!!!!!!!!!!!!!!!!!!!!!!!!!!!!!!!!!!!!!!!!!!!!!!!!!!!!!!!!!!!!녹음 시작! 
0:5:2.01(302.01s)!!!!!!!!!!!!!!!!!!!!!!!!!!!!!!!!!!!!!!!!!!!!!!!!!!!!!!!!!!!!!!!!!녹음 종료! 
=====녹음중 분석 종료, 분석정보 시작=====
녹음파일 길이: 0:5:1.278
tmpMinDb: -44.1603358146845
tmpMaxDb: 28.65277464271341
코골이 시작
0.73~1.74 max: -14.12 low: -16.64 chk: -15.00
1.93~2.94 max: -14.15 low: -16.59 chk: -15.00
2.97~3.98 max: -14.05 low: -20.29 chk: -15.00
4.30~6.11 max: -0.98 low: -7.96 chk: -15.00
6.12~7.13 max: -14.12 low: -20.83 chk: -15.00
7.22~8.23 max: -13.41 low: -19.49 chk: -15.00
8.34~9.36 max: -13.28 low: -19.71 chk: -15.00
9.38~10.39 max: -14.17 low: -16.15 chk: -15.00
10.40~11.83 max: -0.30 low: -13.76 chk: -15.00
11.84~12.85 max: -13.71 low: -19.29 chk: -15.00
12.86~13.87 max: -14.38 low: -14.83 chk: -15.00
13.94~14.95 max: -13.85 low: -21.98 chk: -15.00
15.26~16.28 max: -12.47 low: -16.69 chk: -15.00
16.31~17.64 max: -0.41 low: -8.94 chk: -15.00
17.65~18.66 max: -12.67 low: -17.96 chk: -15.00
18.82~19.83 max: -13.43 low: -16.69 chk: -15.00
20.22~21.23 max: -13.65 low: -17.82 chk: -15.00
21.28~22.31 max: -13.89 low: -16.29 chk: -15.00
22.34~23.58 max: -1.54 low: -15.88 chk: -15.00
23.59~24.60 max: -12.15 low: -20.27 chk: -15.00
24.62~25.63 max: -12.25 low: -15.68 chk: -15.00
25.93~26.94 max: -14.40 low: -20.63 chk: -15.00
26.98~29.42 max: -13.27 low: -16.67 chk: -15.00
29.43~30.44 max: -13.21 low: -17.52 chk: -15.00
30.49~31.50 max: -14.38 low: -17.65 chk: -15.00
31.76~32.77 max: -14.28 low: -22.67 chk: -15.00
32.95~34.01 max: -13.51 low: -23.44 chk: -15.00
34.02~35.75 max: -0.37 low: -6.81 chk: -15.00
35.78~36.79 max: -14.65 low: -23.95 chk: -15.00
36.84~37.85 max: -12.83 low: -16.04 chk: -15.00
37.89~38.91 max: -13.51 low: -16.22 chk: -15.00
39.37~41.04 max: -1.33 low: -8.53 chk: -15.00
41.05~42.06 max: -13.56 low: -24.66 chk: -15.00
42.11~43.12 max: -13.75 low: -20.54 chk: -15.00
43.24~44.25 max: -13.30 low: -14.74 chk: -15.00
44.35~46.56 max: -7.99 low: -21.52 chk: -15.00
46.57~47.58 max: -14.25 low: -19.46 chk: -15.00
47.67~48.70 max: -11.89 low: -25.03 chk: -15.00
48.74~49.75 max: -14.57 low: -19.42 chk: -15.00
49.77~50.84 max: -13.36 low: -15.66 chk: -15.00
50.86~52.60 max: -1.19 low: -9.01 chk: -15.00
52.62~53.63 max: -12.48 low: -19.15 chk: -15.00
53.68~54.69 max: -14.05 low: -17.13 chk: -15.00
54.94~55.95 max: -14.25 low: -17.13 chk: -15.00
55.97~56.98 max: -13.56 low: -18.52 chk: -15.00
57.07~58.46 max: -1.37 low: -11.31 chk: -15.00
58.47~59.48 max: -11.93 low: -18.51 chk: -15.00
59.49~60.50 max: -14.24 low: -17.83 chk: -15.00
60.67~61.68 max: -14.55 low: -16.78 chk: -15.00
61.80~62.84 max: -12.67 low: -18.04 chk: -15.00
62.86~63.88 max: -13.81 low: -17.12 chk: -15.00
63.89~64.90 max: -12.09 low: -17.75 chk: -15.00
64.99~66.01 max: -10.77 low: -21.73 chk: -15.00
66.03~67.04 max: -12.77 low: -16.72 chk: -15.00
67.05~68.06 max: -13.73 low: -15.73 chk: -15.00
68.09~69.10 max: -12.20 low: -19.59 chk: -15.00
69.23~70.24 max: -14.59 low: -24.44 chk: -15.00
70.30~73.06 max: -10.13 low: -21.06 chk: -15.00
73.07~74.43 max: -6.24 low: -20.96 chk: -15.00
74.44~75.48 max: -7.90 low: -18.14 chk: -15.00
75.49~76.50 max: -13.50 low: -19.65 chk: -15.00
76.60~78.01 max: -1.47 low: -26.94 chk: -15.00
78.04~80.28 max: -0.58 low: -6.29 chk: -15.00
80.29~82.11 max: -4.56 low: -18.95 chk: -15.00
82.15~83.16 max: -13.61 low: -25.35 chk: -15.00
83.17~84.18 max: -14.02 low: -18.17 chk: -15.00
84.31~85.32 max: -13.77 low: -17.68 chk: -15.00
85.40~86.41 max: -13.05 low: -20.56 chk: -15.00
86.45~87.46 max: -14.14 low: -16.09 chk: -15.00
87.52~88.53 max: -13.33 low: -18.28 chk: -15.00
88.67~89.68 max: -13.50 low: -16.55 chk: -15.00
89.78~90.79 max: -14.18 low: -18.52 chk: -15.00
90.84~91.86 max: -12.43 low: -17.92 chk: -15.00
91.92~92.93 max: -13.36 low: -20.05 chk: -15.00
92.95~93.96 max: -13.35 low: -16.11 chk: -15.00
93.97~94.98 max: -13.93 low: -21.14 chk: -15.00
95.07~96.08 max: -13.43 low: -17.51 chk: -15.00
96.12~97.13 max: -13.24 low: -21.79 chk: -15.00
97.20~98.21 max: -13.52 low: -24.58 chk: -15.00
98.27~99.28 max: -13.03 low: -21.50 chk: -15.00
99.47~100.48 max: -14.08 low: -23.87 chk: -15.00
100.53~101.54 max: -13.24 low: -16.42 chk: -15.00
101.75~102.76 max: -13.50 low: -15.94 chk: -15.00
102.81~103.82 max: -14.35 low: -23.76 chk: -15.00
103.91~104.92 max: -13.46 low: -17.77 chk: -15.00
104.95~105.96 max: -14.50 low: -15.05 chk: -15.00
106.01~107.02 max: -13.07 low: -22.22 chk: -15.00
107.06~108.07 max: -12.80 low: -17.73 chk: -15.00
108.10~109.11 max: -14.30 low: -15.78 chk: -15.00
109.62~110.63 max: -13.55 low: -20.24 chk: -15.00
110.78~111.79 max: -13.55 low: -16.92 chk: -15.00
112.14~113.15 max: -13.58 low: -24.36 chk: -15.00
113.30~114.92 max: -0.03 low: -6.65 chk: -15.00
114.93~116.18 max: -1.46 low: -13.67 chk: -15.00
116.19~117.20 max: -13.58 low: -21.93 chk: -15.00
117.81~119.71 max: -4.42 low: -19.04 chk: -15.00
119.75~120.76 max: -11.18 low: -20.53 chk: -15.00
120.78~121.79 max: -14.55 low: -18.85 chk: -15.00
121.81~122.90 max: -3.10 low: -17.90 chk: -15.00
122.91~124.16 max: -7.07 low: -15.88 chk: -15.00
124.17~125.72 max: -1.64 low: -17.37 chk: -15.00
125.75~126.76 max: -12.65 low: -19.68 chk: -15.00
126.91~127.92 max: -12.98 low: -20.15 chk: -15.00
128.00~129.01 max: -13.53 low: -17.30 chk: -15.00
129.08~130.09 max: -14.13 low: -19.73 chk: -15.00
130.14~131.15 max: -13.88 low: -18.53 chk: -15.00
131.75~132.76 max: -13.38 low: -21.00 chk: -15.00
132.96~133.97 max: -14.60 low: -18.64 chk: -15.00
134.01~135.02 max: -13.77 low: -24.77 chk: -15.00
135.26~136.27 max: -14.60 low: -22.87 chk: -15.00
137.89~138.90 max: -14.30 low: -23.42 chk: -15.00
139.16~140.17 max: -13.15 low: -17.40 chk: -15.00
140.36~141.37 max: -13.30 low: -20.24 chk: -15.00
141.42~142.43 max: -11.90 low: -17.52 chk: -15.00
142.87~143.88 max: -14.35 low: -16.30 chk: -15.00
143.95~144.97 max: -14.25 low: -18.90 chk: -15.00
145.09~146.10 max: -14.01 low: -21.96 chk: -15.00
146.22~147.23 max: -13.85 low: -17.08 chk: -15.00
147.34~148.35 max: -13.00 low: -21.00 chk: -15.00
148.72~149.73 max: -12.90 low: -17.48 chk: -15.00
149.98~150.99 max: -13.84 low: -24.00 chk: -15.00
151.09~152.10 max: -14.44 low: -18.19 chk: -15.00
152.23~153.24 max: -14.08 low: -18.41 chk: -15.00
153.38~154.39 max: -14.15 low: -21.17 chk: -15.00
154.40~155.41 max: -12.90 low: -18.98 chk: -15.00
155.71~156.72 max: -13.13 low: -17.77 chk: -15.00
156.83~157.84 max: -13.05 low: -17.42 chk: -15.00
158.00~159.01 max: -13.45 low: -18.21 chk: -15.00
159.45~160.46 max: -13.87 low: -23.77 chk: -15.00
161.24~162.82 max: -0.21 low: -5.64 chk: -15.00
162.84~164.97 max: -13.34 low: -20.73 chk: -15.00
164.98~165.99 max: -11.93 low: -14.81 chk: -15.00
166.01~167.03 max: -12.61 low: -17.80 chk: -15.00
167.08~168.21 max: -1.77 low: -15.41 chk: -15.00
168.22~169.23 max: -12.76 low: -19.72 chk: -15.00
169.27~170.28 max: -13.55 low: -17.31 chk: -15.00
170.88~172.00 max: -2.12 low: -19.41 chk: -15.00
172.01~173.64 max: -5.35 low: -19.72 chk: -15.00
173.65~174.90 max: -5.86 low: -18.23 chk: -15.00
174.93~175.95 max: -13.81 low: -18.86 chk: -15.00
176.25~177.26 max: -13.76 low: -21.54 chk: -15.00
177.57~178.58 max: -14.33 low: -17.66 chk: -15.00
178.99~180.02 max: -13.69 low: -19.00 chk: -15.00
180.13~181.15 max: -12.59 low: -16.44 chk: -15.00
181.16~182.17 max: -12.82 low: -21.30 chk: -15.00
182.31~183.32 max: -13.84 low: -15.72 chk: -15.00
183.38~184.39 max: -13.35 low: -22.50 chk: -15.00
184.40~185.41 max: -13.15 low: -18.52 chk: -15.00
185.47~186.48 max: -14.38 low: -15.62 chk: -15.00
186.61~187.62 max: -12.52 low: -17.32 chk: -15.00
188.17~189.18 max: -13.73 low: -16.47 chk: -15.00
189.23~190.24 max: -14.20 low: -22.90 chk: -15.00
190.31~191.32 max: -13.66 low: -14.46 chk: -15.00
191.33~192.34 max: -13.12 low: -16.75 chk: -15.00
193.12~194.13 max: -12.55 low: -22.65 chk: -15.00
194.48~195.49 max: -14.48 low: -20.24 chk: -15.00
195.62~196.63 max: -14.50 low: -15.36 chk: -15.00
196.80~197.81 max: -12.65 low: -17.31 chk: -15.00
198.14~199.16 max: -14.48 low: -16.77 chk: -15.00
199.46~200.47 max: -13.22 low: -18.08 chk: -15.00
200.48~201.49 max: -14.06 low: -16.80 chk: -15.00
201.73~202.75 max: -13.58 low: -20.45 chk: -15.00
202.87~203.88 max: -14.09 low: -18.24 chk: -15.00
204.07~205.09 max: -12.27 low: -16.71 chk: -15.00
205.17~206.19 max: -14.13 low: -18.45 chk: -15.00
206.53~207.54 max: -13.34 low: -17.94 chk: -15.00
207.70~209.57 max: -14.32 low: -24.99 chk: -15.00
209.58~211.37 max: -4.16 low: -14.66 chk: -15.00
211.38~212.40 max: -13.50 low: -21.55 chk: -15.00
212.42~213.43 max: -3.18 low: -15.74 chk: -15.00
213.44~214.45 max: -13.31 low: -22.29 chk: -15.00
214.46~216.14 max: -8.32 low: -17.90 chk: -15.00
216.15~217.37 max: -2.01 low: -11.85 chk: -15.00
217.39~218.87 max: -2.58 low: -20.51 chk: -15.00
218.88~219.89 max: -9.75 low: -20.89 chk: -15.00
219.92~220.93 max: -14.80 low: -18.35 chk: -15.00
221.29~222.30 max: -12.57 low: -17.01 chk: -15.00
222.49~223.52 max: -11.23 low: -17.78 chk: -15.00
223.69~224.70 max: -13.95 low: -17.59 chk: -15.00
224.71~225.72 max: -14.10 low: -22.85 chk: -15.00
225.81~226.82 max: -13.75 low: -22.88 chk: -15.00
226.84~227.87 max: -12.12 low: -15.96 chk: -15.00
227.89~228.90 max: -13.76 low: -21.73 chk: -15.00
228.96~229.97 max: -14.06 low: -18.04 chk: -15.00
230.04~231.05 max: -12.99 low: -22.41 chk: -15.00
231.08~232.10 max: -13.51 low: -19.29 chk: -15.00
232.14~233.15 max: -12.17 low: -18.17 chk: -15.00
233.37~234.38 max: -13.17 low: -20.08 chk: -15.00
234.49~235.50 max: -13.21 low: -23.30 chk: -15.00
235.61~236.62 max: -13.90 low: -16.70 chk: -15.00
236.79~237.80 max: -14.01 low: -21.74 chk: -15.00
238.04~239.05 max: -12.45 low: -17.79 chk: -15.00
239.13~240.15 max: -14.20 low: -19.21 chk: -15.00
240.38~241.39 max: -13.93 low: -16.77 chk: -15.00
241.56~242.57 max: -12.91 low: -15.43 chk: -15.00
243.95~244.96 max: -13.40 low: -16.42 chk: -15.00
245.16~246.17 max: -13.01 low: -15.36 chk: -15.00
246.18~247.19 max: -12.65 low: -22.75 chk: -15.00
247.27~248.28 max: -13.72 low: -17.09 chk: -15.00
248.29~249.30 max: -13.93 low: -17.31 chk: -15.00
249.41~250.43 max: -12.68 low: -16.81 chk: -15.00
250.46~251.47 max: -14.41 low: -22.73 chk: -15.00
251.87~252.88 max: -12.72 low: -23.55 chk: -15.00
252.91~253.92 max: -12.65 low: -14.17 chk: -15.00
253.93~254.94 max: -14.08 low: -18.33 chk: -15.00
254.97~258.12 max: -13.45 low: -18.72 chk: -15.00
258.14~259.25 max: -11.28 low: -24.04 chk: -15.00
259.26~260.27 max: -13.70 low: -17.89 chk: -15.00
260.35~262.46 max: -1.76 low: -8.60 chk: -15.00
262.47~263.72 max: -8.91 low: -18.05 chk: -15.00
263.73~264.75 max: -12.20 low: -24.19 chk: -15.00
264.77~267.01 max: -1.17 low: -10.53 chk: -15.00
267.02~268.03 max: -13.72 low: -20.53 chk: -15.00
268.27~269.28 max: -13.85 low: -18.84 chk: -15.00
269.39~270.40 max: -13.65 low: -18.14 chk: -15.00
270.43~271.50 max: -13.50 low: -13.99 chk: -15.00
271.51~272.52 max: -13.80 low: -19.57 chk: -15.00
272.56~273.57 max: -13.76 low: -18.64 chk: -15.00
273.58~274.59 max: -12.90 low: -18.49 chk: -15.00
274.68~275.69 max: -13.16 low: -22.27 chk: -15.00
275.98~276.99 max: -13.44 low: -19.12 chk: -15.00
277.03~278.04 max: -14.35 low: -15.08 chk: -15.00
278.27~279.28 max: -12.33 low: -19.49 chk: -15.00
279.45~280.46 max: -13.89 low: -19.43 chk: -15.00
280.49~281.50 max: -12.52 low: -15.94 chk: -15.00
281.51~282.52 max: -14.40 low: -16.13 chk: -15.00
282.55~283.56 max: -13.80 low: -15.76 chk: -15.00
283.62~284.63 max: -11.66 low: -13.07 chk: -15.00
284.69~285.70 max: -12.42 low: -15.81 chk: -15.00
285.79~286.80 max: -13.59 low: -18.46 chk: -15.00
287.14~288.15 max: -13.61 low: -17.91 chk: -15.00
288.24~289.25 max: -13.50 low: -16.23 chk: -15.00
289.29~290.30 max: -13.94 low: -21.05 chk: -15.00
290.83~291.84 max: -13.45 low: -22.09 chk: -15.00
292.22~293.23 max: -12.95 low: -16.66 chk: -15.00
293.36~294.37 max: -13.18 low: -16.95 chk: -15.00
294.38~295.39 max: -13.98 low: -16.81 chk: -15.00
295.44~296.45 max: -13.15 low: -17.11 chk: -15.00
296.60~297.61 max: -14.34 low: -19.65 chk: -15.00
297.78~298.79 max: -14.75 low: -20.24 chk: -15.00
298.86~299.87 max: -12.16 low: -19.87 chk: -15.00
300.36~301.38 max: -14.40 low: -16.53 chk: -15.00
코골이 끝
이갈이 시작
242.59~243.62 max: -14.43 low: -12.74 chk: -15.00
이갈이 끝
분석 종료
분석 시작 raw/What does Sleep Apnea sound like.wav
0:0:6.617(6.62s)!!!!!!!!!!!!!!!!!!!!!!!!!!!!!!!!!!!!!!!!!!!!!!!!!!!!!!!!!!!!!!!!!녹음 시작! 
0:3:25.008(205.01s)!!!!!!!!!!!!!!!!!!!!!!!!!!!!!!!!!!!!!!!!!!!!!!!!!!!!!!!!!!!!!!!!!녹음 종료! 
=====녹음중 분석 종료, 분석정보 시작=====
녹음파일 길이: 0:3:18.391
tmpMinDb: -21.597331680199456
tmpMaxDb: 32.65120191889359
코골이 시작
6.62~7.84 max: -1.95 low: -20.14 chk: -15.00
7.86~8.87 max: -10.56 low: -18.85 chk: -15.00
9.52~10.60 max: -4.29 low: -20.69 chk: -15.00
10.61~11.62 max: -13.91 low: -24.32 chk: -15.00
12.55~13.56 max: -9.72 low: -16.55 chk: -15.00
26.51~27.52 max: -14.50 low: -29.84 chk: -15.00
54.28~55.29 max: -14.70 low: -24.51 chk: -15.00
55.53~56.73 max: -0.93 low: -12.31 chk: -15.00
56.98~58.58 max: -1.14 low: -7.89 chk: -15.00
58.61~60.40 max: -4.60 low: -18.37 chk: -15.00
60.51~61.52 max: -7.19 low: -18.87 chk: -15.00
61.57~62.80 max: -4.92 low: -13.54 chk: -15.00
63.45~64.46 max: -13.10 low: -16.89 chk: -15.00
65.17~67.09 max: -7.68 low: -16.32 chk: -15.00
108.66~109.67 max: -11.90 low: -20.53 chk: -15.00
109.84~110.85 max: -1.08 low: -11.12 chk: -15.00
110.96~111.97 max: -4.65 low: -20.14 chk: -15.00
112.29~113.35 max: -2.80 low: -9.82 chk: -15.00
113.56~114.95 max: -3.58 low: -21.20 chk: -15.00
115.02~116.98 max: -10.92 low: -18.24 chk: -15.00
116.99~118.00 max: -6.38 low: -22.17 chk: -15.00
118.47~119.48 max: -9.24 low: -14.95 chk: -15.00
176.43~178.41 max: -10.18 low: -23.39 chk: -15.00
178.49~179.90 max: -1.29 low: -9.24 chk: -15.00
180.01~181.88 max: -13.77 low: -19.89 chk: -15.00
181.93~182.94 max: -3.40 low: -10.15 chk: -15.00
183.12~184.56 max: -10.01 low: -21.13 chk: -15.00
184.58~185.59 max: -12.60 low: -18.06 chk: -15.00
185.63~186.69 max: -9.64 low: -16.89 chk: -15.00
186.71~187.93 max: -12.72 low: -15.65 chk: -15.00
188.13~189.14 max: -11.90 low: -14.83 chk: -15.00
191.12~192.13 max: -13.00 low: -14.58 chk: -15.00
192.21~193.34 max: -12.01 low: -18.03 chk: -15.00
193.35~194.36 max: -11.00 low: -16.92 chk: -15.00
195.95~196.96 max: -14.20 low: -15.65 chk: -15.00
198.33~199.34 max: -11.30 low: -18.49 chk: -15.00
201.31~202.32 max: -4.00 low: -12.57 chk: -15.00
204.01~0.00 max: 0.00 low: 0.00 chk: 0.00
코골이 끝
이갈이 시작
이갈이 끝
분석 종료
분석 시작 raw/veryclearrepeating.wav
0:0:2.078(2.08s)!!!!!!!!!!!!!!!!!!!!!!!!!!!!!!!!!!!!!!!!!!!!!!!!!!!!!!!!!!!!!!!!!녹음 시작! 
0:0:16.01(16.01s)!!!!!!!!!!!!!!!!!!!!!!!!!!!!!!!!!!!!!!!!!!!!!!!!!!!!!!!!!!!!!!!!!녹음 종료! 
=====녹음중 분석 종료, 분석정보 시작=====
녹음파일 길이: 0:0:13.931
tmpMinDb: -30.682287092847297
tmpMaxDb: 30.374390461368527
코골이 시작
3.18~4.19 max: -5.49 low: -7.72 chk: -15.00
4.30~5.31 max: -10.30 low: -10.94 chk: -15.00
5.41~6.42 max: -3.40 low: -12.16 chk: -15.00
6.43~7.44 max: -9.53 low: -11.61 chk: -15.00
7.49~8.53 max: -7.59 low: -8.89 chk: -15.00
8.54~9.58 max: -6.10 low: -10.17 chk: -15.00
9.73~10.74 max: -6.94 low: -13.36 chk: -15.00
10.79~11.81 max: -9.23 low: -10.04 chk: -15.00
11.82~12.83 max: -7.25 low: -8.43 chk: -15.00
14.00~15.03 max: -5.38 low: -8.68 chk: -15.00
15.06~0.00 max: 0.00 low: 0.00 chk: 0.00
코골이 끝
이갈이 시작
2.08~3.10 max: -8.84 low: -6.29 chk: -15.00
12.98~13.99 max: -8.89 low: -5.91 chk: -15.00
이갈이 끝
분석 종료
분석 시작 raw/Matt Script - TEETH GRINDING_GRIND_TOOTH_CREAK.wav
0:0:2.054(2.05s)!!!!!!!!!!!!!!!!!!!!!!!!!!!!!!!!!!!!!!!!!!!!!!!!!!!!!!!!!!!!!!!!!녹음 시작! 
0:0:21.002(21.00s)!!!!!!!!!!!!!!!!!!!!!!!!!!!!!!!!!!!!!!!!!!!!!!!!!!!!!!!!!!!!!!!!!녹음 종료! 
=====녹음중 분석 종료, 분석정보 시작=====
녹음파일 길이: 0:0:18.947
tmpMinDb: -54.787672039750504
tmpMaxDb: 26.816780038840733
코골이 시작
2.08~3.11 max: -8.33 low: -21.75 chk: -15.00
3.18~4.19 max: -7.60 low: -16.15 chk: -15.00
5.39~6.40 max: -6.31 low: -20.95 chk: -15.00
6.44~7.45 max: -3.12 low: -19.55 chk: -15.00
7.47~8.48 max: -9.79 low: -24.13 chk: -15.00
8.65~9.66 max: -3.63 low: -19.43 chk: -15.00
9.87~10.88 max: -8.88 low: -23.59 chk: -15.00
11.03~12.04 max: -3.23 low: -19.47 chk: -15.00
12.23~13.24 max: -4.61 low: -25.49 chk: -15.00
14.06~15.07 max: -4.13 low: -15.54 chk: -15.00
15.10~16.11 max: -8.86 low: -19.20 chk: -15.00
16.54~17.55 max: -2.68 low: -22.63 chk: -15.00
17.66~18.68 max: -4.89 low: -17.02 chk: -15.00
18.77~19.80 max: -5.15 low: -22.38 chk: -15.00
19.84~20.85 max: -2.61 low: -18.39 chk: -15.00
20.87~0.00 max: 0.00 low: 0.00 chk: 0.00
코골이 끝
이갈이 시작
이갈이 끝
분석 종료
분석 시작 raw/Matt Script - TEETH CHATTERING_CHATTER_TOOTH.wav
0:0:2.02(2.02s)!!!!!!!!!!!!!!!!!!!!!!!!!!!!!!!!!!!!!!!!!!!!!!!!!!!!!!!!!!!!!!!!!녹음 시작! 
0:0:35.004(35.00s)!!!!!!!!!!!!!!!!!!!!!!!!!!!!!!!!!!!!!!!!!!!!!!!!!!!!!!!!!!!!!!!!!녹음 종료! 
=====녹음중 분석 종료, 분석정보 시작=====
녹음파일 길이: 0:0:32.983
tmpMinDb: -14.430067299909368
tmpMaxDb: 41.1420179176847
코골이 시작
2.09~3.10 max: -8.26 low: -25.63 chk: -15.00
3.26~4.27 max: -7.25 low: -26.22 chk: -15.00
4.39~5.40 max: -9.04 low: -20.20 chk: -15.00
5.43~6.44 max: -13.40 low: -24.22 chk: -15.00
6.66~7.67 max: -4.50 low: -23.73 chk: -15.00
7.69~8.70 max: -6.27 low: -20.90 chk: -15.00
8.92~9.93 max: -9.04 low: -24.02 chk: -15.00
10.12~11.13 max: -12.85 low: -23.05 chk: -15.00
11.18~12.19 max: -3.46 low: -14.25 chk: -15.00
12.38~13.39 max: -5.48 low: -19.24 chk: -15.00
13.51~14.52 max: -3.61 low: -16.54 chk: -15.00
14.63~15.64 max: -11.00 low: -20.39 chk: -15.00
15.85~16.86 max: -6.65 low: -25.62 chk: -15.00
17.93~18.94 max: -7.95 low: -22.63 chk: -15.00
19.17~20.18 max: -8.60 low: -23.37 chk: -15.00
20.31~21.32 max: -10.48 low: -22.69 chk: -15.00
21.34~22.35 max: -8.10 low: -26.19 chk: -15.00
22.67~23.68 max: -7.35 low: -26.26 chk: -15.00
23.73~24.75 max: -6.90 low: -18.70 chk: -15.00
24.96~25.97 max: -6.01 low: -19.39 chk: -15.00
26.04~27.05 max: -8.35 low: -22.06 chk: -15.00
27.54~28.55 max: -6.21 low: -12.94 chk: -15.00
28.62~29.63 max: -11.26 low: -13.42 chk: -15.00
29.66~30.67 max: -11.83 low: -11.97 chk: -15.00
30.72~31.73 max: -13.06 low: -14.28 chk: -15.00
32.79~33.80 max: -5.14 low: -12.75 chk: -15.00
33.96~0.00 max: 0.00 low: 0.00 chk: 0.00
코골이 끝
이갈이 시작
31.74~32.75 max: -12.24 low: -11.46 chk: -15.00
이갈이 끝
분석 종료
분석 시작 raw/Matt Script - TEETH CHATTERING_FAST_MOVEMENT_MOUTH OPEN.wav
0:0:1.044(1.04s)!!!!!!!!!!!!!!!!!!!!!!!!!!!!!!!!!!!!!!!!!!!!!!!!!!!!!!!!!!!!!!!!!녹음 시작! 
0:0:4.005(4.01s)!!!!!!!!!!!!!!!!!!!!!!!!!!!!!!!!!!!!!!!!!!!!!!!!!!!!!!!!!!!!!!!!!녹음 종료! 
=====녹음중 분석 종료, 분석정보 시작=====
녹음파일 길이: 0:0:2.96
tmpMinDb: -7.421022827270155
tmpMaxDb: 43.54383220705563
코골이 시작
1.06~2.07 max: -6.75 low: -15.70 chk: -15.00
2.10~3.11 max: -9.03 low: -12.37 chk: -15.00
3.15~0.00 max: 0.00 low: 0.00 chk: 0.00
코골이 끝
이갈이 시작
이갈이 끝
분석 종료
