분석 시작 raw/235873__delphidebrain__sjuulke-snoring-1.wav
0:0:2.321(2.32s)!!!!!!!!!!!!!!!!!!!!!!!!!!!!!!!!!!!!!!!!!!!!!!!!!!!!!!!!!!!!!!!!!녹음 시작! 
0:0:45.0(45.00s)!!!!!!!!!!!!!!!!!!!!!!!!!!!!!!!!!!!!!!!!!!!!!!!!!!!!!!!!!!!!!!!!!녹음 종료! 
=====녹음중 분석 종료, 분석정보 시작=====
녹음파일 길이: 0:0:42.678
분석 종료
6.52~7.53
10.03~11.04
13.21~14.22
16.42~17.43
19.91~20.92
23.75~24.76
27.59~28.60
42.67~43.68
분석 시작 raw/401334__ckvoiceover__man-coughing.wav
0:0:1.59(1.59s)!!!!!!!!!!!!!!!!!!!!!!!!!!!!!!!!!!!!!!!!!!!!!!!!!!!!!!!!!!!!!!!!!녹음 시작! 
0:0:3.006(3.01s)!!!!!!!!!!!!!!!!!!!!!!!!!!!!!!!!!!!!!!!!!!!!!!!!!!!!!!!!!!!!!!!!!녹음 종료! 
=====녹음중 분석 종료, 분석정보 시작=====
녹음파일 길이: 0:0:1.416
분석 종료
분석 시작 raw/178997__bigtexan7213__coughing.wav
0:0:0.452(0.45s)!!!!!!!!!!!!!!!!!!!!!!!!!!!!!!!!!!!!!!!!!!!!!!!!!!!!!!!!!!!!!!!!!녹음 시작! 
0:0:5.003(5.00s)!!!!!!!!!!!!!!!!!!!!!!!!!!!!!!!!!!!!!!!!!!!!!!!!!!!!!!!!!!!!!!!!!녹음 종료! 
=====녹음중 분석 종료, 분석정보 시작=====
녹음파일 길이: 0:0:4.551
분석 종료
분석 시작 raw/252240__reitanna__real-cough.wav
분석 종료
분석 시작 raw/41386__sandyrb__db-cough-002.wav
분석 종료
분석 시작 raw/348364__frostyfrost__cough.wav
0:0:0.208(0.21s)!!!!!!!!!!!!!!!!!!!!!!!!!!!!!!!!!!!!!!!!!!!!!!!!!!!!!!!!!!!!!!!!!녹음 시작! 
0:0:4.005(4.01s)!!!!!!!!!!!!!!!!!!!!!!!!!!!!!!!!!!!!!!!!!!!!!!!!!!!!!!!!!!!!!!!!!녹음 종료! 
=====녹음중 분석 종료, 분석정보 시작=====
녹음파일 길이: 0:0:3.796
분석 종료
분석 시작 raw/155858__rutgermuller__footsteps-in-factory-hall-on-wood-and-concrete.wav
0:0:0.359(0.36s)!!!!!!!!!!!!!!!!!!!!!!!!!!!!!!!!!!!!!!!!!!!!!!!!!!!!!!!!!!!!!!!!!녹음 시작! 
0:1:48.007(108.01s)!!!!!!!!!!!!!!!!!!!!!!!!!!!!!!!!!!!!!!!!!!!!!!!!!!!!!!!!!!!!!!!!!녹음 종료! 
=====녹음중 분석 종료, 분석정보 시작=====
녹음파일 길이: 0:1:47.647
분석 종료
0.60~1.61
3.48~4.49
4.59~5.60
8.34~9.35
12.97~13.98
14.04~15.05
17.43~18.44
18.52~19.53
21.88~22.89
35.43~36.44
36.54~37.55
44.41~45.42
58.12~59.13
73.35~74.36
74.69~75.70
78.91~79.92
81.21~82.22
87.48~88.49
88.94~89.95
93.10~94.11
98.21~99.23
102.78~103.79
105.21~106.25
분석 시작 raw/194825__macphage__gravel3.wav
0:0:1.811(1.81s)!!!!!!!!!!!!!!!!!!!!!!!!!!!!!!!!!!!!!!!!!!!!!!!!!!!!!!!!!!!!!!!!!녹음 시작! 
0:0:28.003(28.00s)!!!!!!!!!!!!!!!!!!!!!!!!!!!!!!!!!!!!!!!!!!!!!!!!!!!!!!!!!!!!!!!!!녹음 종료! 
=====녹음중 분석 종료, 분석정보 시작=====
녹음파일 길이: 0:0:26.192
분석 종료
분석 시작 raw/180535__suz-soundcreations__footsteps-snow-mono-44-16.wav
0:0:1.729(1.73s)!!!!!!!!!!!!!!!!!!!!!!!!!!!!!!!!!!!!!!!!!!!!!!!!!!!!!!!!!!!!!!!!!녹음 시작! 
0:0:29.001(29.00s)!!!!!!!!!!!!!!!!!!!!!!!!!!!!!!!!!!!!!!!!!!!!!!!!!!!!!!!!!!!!!!!!!녹음 종료! 
=====녹음중 분석 종료, 분석정보 시작=====
녹음파일 길이: 0:0:27.271
분석 종료
2.30~3.31
3.46~4.47
4.52~5.53
5.56~6.57
6.75~7.76
7.77~8.78
10.41~11.42
11.52~12.53
15.13~16.14
17.16~18.17
18.23~19.25
19.27~20.28
21.29~22.30
22.40~23.41
24.81~25.82
26.81~27.82
27.89~28.90
분석 시작 raw/259639__stevious42__footsteps-in-street-woman.wav
0:0:0.15(0.15s)!!!!!!!!!!!!!!!!!!!!!!!!!!!!!!!!!!!!!!!!!!!!!!!!!!!!!!!!!!!!!!!!!녹음 시작! 
0:0:41.006(41.01s)!!!!!!!!!!!!!!!!!!!!!!!!!!!!!!!!!!!!!!!!!!!!!!!!!!!!!!!!!!!!!!!!!녹음 종료! 
=====녹음중 분석 종료, 분석정보 시작=====
녹음파일 길이: 0:0:40.855
분석 종료
1.73~2.75
3.90~4.91
6.05~7.11
7.12~8.13
8.16~9.17
9.21~10.23
10.24~11.25
11.48~12.50
12.53~13.54
14.64~15.77
16.81~17.83
19.90~21.06
22.09~23.12
23.14~24.20
25.24~26.25
27.36~28.37
28.40~29.41
29.63~30.64
32.93~33.94
39.79~40.80
분석 시작 raw/267499__purplewalrus23__footsteps-on-rough-gravel.wav
0:0:0.394(0.39s)!!!!!!!!!!!!!!!!!!!!!!!!!!!!!!!!!!!!!!!!!!!!!!!!!!!!!!!!!!!!!!!!!녹음 시작! 
0:0:8.01(8.01s)!!!!!!!!!!!!!!!!!!!!!!!!!!!!!!!!!!!!!!!!!!!!!!!!!!!!!!!!!!!!!!!!!녹음 종료! 
=====녹음중 분석 종료, 분석정보 시작=====
녹음파일 길이: 0:0:7.616
분석 종료
0.51~1.52
1.68~2.69
5.48~6.49
분석 시작 raw/175954__freefire66__footsteps.wav
0:0:0.766(0.77s)!!!!!!!!!!!!!!!!!!!!!!!!!!!!!!!!!!!!!!!!!!!!!!!!!!!!!!!!!!!!!!!!!녹음 시작! 
0:0:44.001(44.00s)!!!!!!!!!!!!!!!!!!!!!!!!!!!!!!!!!!!!!!!!!!!!!!!!!!!!!!!!!!!!!!!!!녹음 종료! 
=====녹음중 분석 종료, 분석정보 시작=====
녹음파일 길이: 0:0:43.235
분석 종료
8.73~9.82
20.75~21.87
분석 시작 raw/195132__philter137__walking-from-wood-to-path.wav
0:0:0.557(0.56s)!!!!!!!!!!!!!!!!!!!!!!!!!!!!!!!!!!!!!!!!!!!!!!!!!!!!!!!!!!!!!!!!!녹음 시작! 
0:0:1.01(1.01s)!!!!!!!!!!!!!!!!!!!!!!!!!!!!!!!!!!!!!!!!!!!!!!!!!!!!!!!!!!!!!!!!!녹음 종료! 
=====녹음중 분석 종료, 분석정보 시작=====
녹음파일 길이: 0:0:0.452
분석 종료
분석 시작 raw/259646__stevious42__footsteps-in-the-street.wav
0:0:1.253(1.25s)!!!!!!!!!!!!!!!!!!!!!!!!!!!!!!!!!!!!!!!!!!!!!!!!!!!!!!!!!!!!!!!!!녹음 시작! 
0:0:27.004(27.00s)!!!!!!!!!!!!!!!!!!!!!!!!!!!!!!!!!!!!!!!!!!!!!!!!!!!!!!!!!!!!!!!!!녹음 종료! 
=====녹음중 분석 종료, 분석정보 시작=====
녹음파일 길이: 0:0:25.75
분석 종료
1.54~2.55
3.73~4.74
4.77~5.78
5.85~6.86
6.90~7.91
7.92~8.93
8.94~10.00
15.37~16.46
16.49~17.50
17.51~18.52
18.54~19.56
19.59~20.61
20.63~21.66
21.72~22.74
분석 시작 raw/48212__slothrop__footsteps.wav
분석 종료
분석 시작 raw/198962__mydo1__footsteps-on-wood.wav
0:0:0.278(0.28s)!!!!!!!!!!!!!!!!!!!!!!!!!!!!!!!!!!!!!!!!!!!!!!!!!!!!!!!!!!!!!!!!!녹음 시작! 
0:0:17.008(17.01s)!!!!!!!!!!!!!!!!!!!!!!!!!!!!!!!!!!!!!!!!!!!!!!!!!!!!!!!!!!!!!!!!!녹음 종료! 
=====녹음중 분석 종료, 분석정보 시작=====
녹음파일 길이: 0:0:16.729
분석 종료
0.28~1.29
1.47~2.48
2.90~3.91
4.34~5.35
5.63~6.64
6.95~7.96
8.09~9.10
9.53~10.54
10.58~11.59
11.63~12.64
12.92~13.93
14.16~15.17
15.45~16.46
분석 시작 raw/223152__yoyodaman234__glass-footstep-1.wav
분석 종료
분석 시작 raw/238608__shart69__talking-creature.wav
분석 종료
분석 시작 raw/428777__pauliperez1999__bimbo-girl-3.wav
0:0:1.648(1.65s)!!!!!!!!!!!!!!!!!!!!!!!!!!!!!!!!!!!!!!!!!!!!!!!!!!!!!!!!!!!!!!!!!녹음 시작! 
0:0:3.006(3.01s)!!!!!!!!!!!!!!!!!!!!!!!!!!!!!!!!!!!!!!!!!!!!!!!!!!!!!!!!!!!!!!!!!녹음 종료! 
=====녹음중 분석 종료, 분석정보 시작=====
녹음파일 길이: 0:0:1.358
분석 종료
분석 시작 raw/164606__steveukguy__class-a-female-talking-1.wav
0:0:0.034(0.03s)!!!!!!!!!!!!!!!!!!!!!!!!!!!!!!!!!!!!!!!!!!!!!!!!!!!!!!!!!!!!!!!!!녹음 시작! 
0:0:1.01(1.01s)!!!!!!!!!!!!!!!!!!!!!!!!!!!!!!!!!!!!!!!!!!!!!!!!!!!!!!!!!!!!!!!!!녹음 종료! 
=====녹음중 분석 종료, 분석정보 시작=====
녹음파일 길이: 0:0:0.975
분석 종료
분석 시작 raw/61036__timtube__talking-3.wav
0:0:1.207(1.21s)!!!!!!!!!!!!!!!!!!!!!!!!!!!!!!!!!!!!!!!!!!!!!!!!!!!!!!!!!!!!!!!!!녹음 시작! 
0:0:2.008(2.01s)!!!!!!!!!!!!!!!!!!!!!!!!!!!!!!!!!!!!!!!!!!!!!!!!!!!!!!!!!!!!!!!!!녹음 종료! 
=====녹음중 분석 종료, 분석정보 시작=====
녹음파일 길이: 0:0:0.801
분석 종료
분석 시작 raw/361928__toiletrolltube__161009-0085-lw-radio.wav
0:0:0.626(0.63s)!!!!!!!!!!!!!!!!!!!!!!!!!!!!!!!!!!!!!!!!!!!!!!!!!!!!!!!!!!!!!!!!!녹음 시작! 
0:5:21.004(321.00s)!!!!!!!!!!!!!!!!!!!!!!!!!!!!!!!!!!!!!!!!!!!!!!!!!!!!!!!!!!!!!!!!!녹음 종료! 
=====녹음중 분석 종료, 분석정보 시작=====
녹음파일 길이: 0:5:20.377
분석 종료
분석 시작 raw/61945__noisecollector__radio.wav
0:0:1.532(1.53s)!!!!!!!!!!!!!!!!!!!!!!!!!!!!!!!!!!!!!!!!!!!!!!!!!!!!!!!!!!!!!!!!!녹음 시작! 
0:2:5.004(125.00s)!!!!!!!!!!!!!!!!!!!!!!!!!!!!!!!!!!!!!!!!!!!!!!!!!!!!!!!!!!!!!!!!!녹음 종료! 
=====녹음중 분석 종료, 분석정보 시작=====
녹음파일 길이: 0:2:3.472
분석 종료
분석 시작 raw/156220__framixo__radionoize-0.wav
0:0:0.046(0.05s)!!!!!!!!!!!!!!!!!!!!!!!!!!!!!!!!!!!!!!!!!!!!!!!!!!!!!!!!!!!!!!!!!녹음 시작! 
0:0:30.0(30.00s)!!!!!!!!!!!!!!!!!!!!!!!!!!!!!!!!!!!!!!!!!!!!!!!!!!!!!!!!!!!!!!!!!녹음 종료! 
=====녹음중 분석 종료, 분석정보 시작=====
녹음파일 길이: 0:0:29.953
분석 종료
분석 시작 raw/69012__lex0myko1__am-147-305mhz.wav
분석 종료
분석 시작 raw/205951__ryding__alarm-01.wav
0:0:0.197(0.20s)!!!!!!!!!!!!!!!!!!!!!!!!!!!!!!!!!!!!!!!!!!!!!!!!!!!!!!!!!!!!!!!!!녹음 시작! 
0:0:18.007(18.01s)!!!!!!!!!!!!!!!!!!!!!!!!!!!!!!!!!!!!!!!!!!!!!!!!!!!!!!!!!!!!!!!!!녹음 종료! 
=====녹음중 분석 종료, 분석정보 시작=====
녹음파일 길이: 0:0:17.809
분석 종료
분석 시작 raw/93639__benboncan__personal-alarm.wav
0:0:0.29(0.29s)!!!!!!!!!!!!!!!!!!!!!!!!!!!!!!!!!!!!!!!!!!!!!!!!!!!!!!!!!!!!!!!!!녹음 시작! 
0:0:16.01(16.01s)!!!!!!!!!!!!!!!!!!!!!!!!!!!!!!!!!!!!!!!!!!!!!!!!!!!!!!!!!!!!!!!!!녹음 종료! 
=====녹음중 분석 종료, 분석정보 시작=====
녹음파일 길이: 0:0:15.719
분석 종료
분석 시작 raw/244917__kwahmah-02__house-alarm.wav
0:0:2.171(2.17s)!!!!!!!!!!!!!!!!!!!!!!!!!!!!!!!!!!!!!!!!!!!!!!!!!!!!!!!!!!!!!!!!!녹음 시작! 
0:0:10.007(10.01s)!!!!!!!!!!!!!!!!!!!!!!!!!!!!!!!!!!!!!!!!!!!!!!!!!!!!!!!!!!!!!!!!!녹음 종료! 
=====녹음중 분석 종료, 분석정보 시작=====
녹음파일 길이: 0:0:7.836
분석 종료
분석 시작 raw/345230__embracetheart__ceiling-fan-indoor.wav
0:0:0.917(0.92s)!!!!!!!!!!!!!!!!!!!!!!!!!!!!!!!!!!!!!!!!!!!!!!!!!!!!!!!!!!!!!!!!!녹음 시작! 
0:0:16.01(16.01s)!!!!!!!!!!!!!!!!!!!!!!!!!!!!!!!!!!!!!!!!!!!!!!!!!!!!!!!!!!!!!!!!!녹음 종료! 
=====녹음중 분석 종료, 분석정보 시작=====
녹음파일 길이: 0:0:15.092
분석 종료
1.34~2.35
2.54~3.55
3.75~4.79
5.02~6.03
6.15~7.16
7.20~8.21
8.25~9.26
9.60~10.61
10.67~11.69
11.70~12.71
12.76~13.77
13.78~14.79
14.81~15.82
분석 시작 raw/435518__sromon__swtch-and-start-the-fan-ambiance.wav
0:0:1.079(1.08s)!!!!!!!!!!!!!!!!!!!!!!!!!!!!!!!!!!!!!!!!!!!!!!!!!!!!!!!!!!!!!!!!!녹음 시작! 
0:0:14.001(14.00s)!!!!!!!!!!!!!!!!!!!!!!!!!!!!!!!!!!!!!!!!!!!!!!!!!!!!!!!!!!!!!!!!!녹음 종료! 
=====녹음중 분석 종료, 분석정보 시작=====
녹음파일 길이: 0:0:12.921
분석 종료
분석 시작 raw/40621__acclivity__sleepingbeauty.wav
0:0:1.01(1.01s)!!!!!!!!!!!!!!!!!!!!!!!!!!!!!!!!!!!!!!!!!!!!!!!!!!!!!!!!!!!!!!!!!녹음 시작! 
0:2:15.0(135.00s)!!!!!!!!!!!!!!!!!!!!!!!!!!!!!!!!!!!!!!!!!!!!!!!!!!!!!!!!!!!!!!!!!녹음 종료! 
=====녹음중 분석 종료, 분석정보 시작=====
녹음파일 길이: 0:2:13.99
분석 종료
2.64~3.65
7.15~8.16
10.81~11.82
23.13~24.14
33.02~34.03
42.14~43.15
45.62~46.63
51.54~52.55
55.44~56.45
67.28~68.29
70.79~71.80
74.12~75.13
81.18~82.19
84.71~85.72
88.51~89.52
92.04~93.05
102.27~103.28
105.52~106.53
112.34~113.35
124.35~125.36
분석 시작 raw/77267__sagetyrtle__catsnores.wav
0:0:0.963(0.96s)!!!!!!!!!!!!!!!!!!!!!!!!!!!!!!!!!!!!!!!!!!!!!!!!!!!!!!!!!!!!!!!!!녹음 시작! 
0:1:29.002(89.00s)!!!!!!!!!!!!!!!!!!!!!!!!!!!!!!!!!!!!!!!!!!!!!!!!!!!!!!!!!!!!!!!!!녹음 종료! 
=====녹음중 분석 종료, 분석정보 시작=====
녹음파일 길이: 0:1:28.038
분석 종료
8.37~9.38
17.50~18.51
19.61~20.62
25.17~26.18
29.47~30.48
38.53~39.54
46.15~47.16
50.41~51.42
51.46~52.47
53.79~54.80
63.26~64.27
83.35~84.36
분석 시작 raw/180535__suz-soundcreations__footsteps-snow-mono-44-16.wav
0:0:0.185(0.19s)!!!!!!!!!!!!!!!!!!!!!!!!!!!!!!!!!!!!!!!!!!!!!!!!!!!!!!!!!!!!!!!!!녹음 시작! 
0:0:29.001(29.00s)!!!!!!!!!!!!!!!!!!!!!!!!!!!!!!!!!!!!!!!!!!!!!!!!!!!!!!!!!!!!!!!!!녹음 종료! 
=====녹음중 분석 종료, 분석정보 시작=====
녹음파일 길이: 0:0:28.815
분석 종료
0.48~1.49
1.66~2.67
3.46~4.47
4.52~5.53
5.56~6.57
6.75~7.76
7.77~8.78
10.41~11.42
11.52~12.53
15.13~16.14
17.16~18.17
18.23~19.25
19.27~20.28
21.29~22.30
22.40~23.41
24.81~25.82
26.81~27.82
27.89~28.90
분석 시작 raw/259639__stevious42__footsteps-in-street-woman.wav
0:0:0.94(0.94s)!!!!!!!!!!!!!!!!!!!!!!!!!!!!!!!!!!!!!!!!!!!!!!!!!!!!!!!!!!!!!!!!!녹음 시작! 
0:0:41.006(41.01s)!!!!!!!!!!!!!!!!!!!!!!!!!!!!!!!!!!!!!!!!!!!!!!!!!!!!!!!!!!!!!!!!!녹음 종료! 
=====녹음중 분석 종료, 분석정보 시작=====
녹음파일 길이: 0:0:40.066
분석 종료
2.00~3.01
4.34~5.38
6.49~7.52
7.53~8.54
8.64~9.65
9.67~10.75
10.92~11.94
12.00~13.01
13.05~14.09
14.13~15.14
16.20~17.22
17.24~18.25
18.27~19.31
19.32~20.33
20.35~21.42
21.44~22.45
22.53~23.56
24.65~25.66
25.67~26.69
26.76~27.79
28.92~29.93
30.07~31.08
33.36~34.37
39.13~40.14
분석 시작 raw/63103__robinhood76__00555-snoring-1-heavy-breath.wav
0:0:1.184(1.18s)!!!!!!!!!!!!!!!!!!!!!!!!!!!!!!!!!!!!!!!!!!!!!!!!!!!!!!!!!!!!!!!!!녹음 시작! 
0:1:20.004(80.00s)!!!!!!!!!!!!!!!!!!!!!!!!!!!!!!!!!!!!!!!!!!!!!!!!!!!!!!!!!!!!!!!!!녹음 종료! 
=====녹음중 분석 종료, 분석정보 시작=====
녹음파일 길이: 0:1:18.82
분석 종료
39.98~40.99
47.09~48.10
63.51~64.53
분석 시작 raw/69329__robinhood76__00966-baby-snoring-2.wav
0:0:2.066(2.07s)!!!!!!!!!!!!!!!!!!!!!!!!!!!!!!!!!!!!!!!!!!!!!!!!!!!!!!!!!!!!!!!!!녹음 시작! 
0:1:39.009(99.01s)!!!!!!!!!!!!!!!!!!!!!!!!!!!!!!!!!!!!!!!!!!!!!!!!!!!!!!!!!!!!!!!!!녹음 종료! 
=====녹음중 분석 종료, 분석정보 시작=====
녹음파일 길이: 0:1:36.943
분석 종료
52.88~53.89
분석 시작 raw/61605__andune__schnauf.wav
0:0:0.847(0.85s)!!!!!!!!!!!!!!!!!!!!!!!!!!!!!!!!!!!!!!!!!!!!!!!!!!!!!!!!!!!!!!!!!녹음 시작! 
0:0:4.005(4.01s)!!!!!!!!!!!!!!!!!!!!!!!!!!!!!!!!!!!!!!!!!!!!!!!!!!!!!!!!!!!!!!!!!녹음 종료! 
=====녹음중 분석 종료, 분석정보 시작=====
녹음파일 길이: 0:0:3.157
분석 종료
2.68~3.69
분석 시작 raw/235873__delphidebrain__sjuulke-snoring-1.wav
0:0:1.033(1.03s)!!!!!!!!!!!!!!!!!!!!!!!!!!!!!!!!!!!!!!!!!!!!!!!!!!!!!!!!!!!!!!!!!녹음 시작! 
0:0:45.0(45.00s)!!!!!!!!!!!!!!!!!!!!!!!!!!!!!!!!!!!!!!!!!!!!!!!!!!!!!!!!!!!!!!!!!녹음 종료! 
=====녹음중 분석 종료, 분석정보 시작=====
녹음파일 길이: 0:0:43.966
분석 종료
6.52~7.53
10.03~11.04
13.21~14.22
16.42~17.43
19.91~20.92
23.75~24.76
27.59~28.60
42.67~43.68
분석 시작 raw/377119__ejking17__20170112-the-zzz.wav
0:0:2.635(2.64s)!!!!!!!!!!!!!!!!!!!!!!!!!!!!!!!!!!!!!!!!!!!!!!!!!!!!!!!!!!!!!!!!!녹음 시작! 
0:0:3.006(3.01s)!!!!!!!!!!!!!!!!!!!!!!!!!!!!!!!!!!!!!!!!!!!!!!!!!!!!!!!!!!!!!!!!!녹음 종료! 
=====녹음중 분석 종료, 분석정보 시작=====
녹음파일 길이: 0:0:0.371
분석 종료
분석 시작 raw/Matt Script - TEETH GRINDING_GRIND_TOOTH_CREAK.wav
0:0:1.671(1.67s)!!!!!!!!!!!!!!!!!!!!!!!!!!!!!!!!!!!!!!!!!!!!!!!!!!!!!!!!!!!!!!!!!녹음 시작! 
0:0:21.002(21.00s)!!!!!!!!!!!!!!!!!!!!!!!!!!!!!!!!!!!!!!!!!!!!!!!!!!!!!!!!!!!!!!!!!녹음 종료! 
=====녹음중 분석 종료, 분석정보 시작=====
녹음파일 길이: 0:0:19.33
분석 종료
2.73~3.74
분석 시작 raw/Matt Script - TEETH CHATTERING_CHATTER_TOOTH.wav
0:0:1.637(1.64s)!!!!!!!!!!!!!!!!!!!!!!!!!!!!!!!!!!!!!!!!!!!!!!!!!!!!!!!!!!!!!!!!!녹음 시작! 
0:0:35.004(35.00s)!!!!!!!!!!!!!!!!!!!!!!!!!!!!!!!!!!!!!!!!!!!!!!!!!!!!!!!!!!!!!!!!!녹음 종료! 
=====녹음중 분석 종료, 분석정보 시작=====
녹음파일 길이: 0:0:33.367
분석 종료
10.12~11.13
14.63~15.64
22.67~23.68
30.72~31.73
31.74~32.75
분석 시작 raw/Matt Script - TEETH CHATTERING_FAST_MOVEMENT_MOUTH OPEN.wav
0:0:0.661(0.66s)!!!!!!!!!!!!!!!!!!!!!!!!!!!!!!!!!!!!!!!!!!!!!!!!!!!!!!!!!!!!!!!!!녹음 시작! 
0:0:4.005(4.01s)!!!!!!!!!!!!!!!!!!!!!!!!!!!!!!!!!!!!!!!!!!!!!!!!!!!!!!!!!!!!!!!!!녹음 종료! 
=====녹음중 분석 종료, 분석정보 시작=====
녹음파일 길이: 0:0:3.343
분석 종료
분석 시작 raw/20545__sirplus__snore.wav
0:0:0.905(0.91s)!!!!!!!!!!!!!!!!!!!!!!!!!!!!!!!!!!!!!!!!!!!!!!!!!!!!!!!!!!!!!!!!!녹음 시작! 
0:0:32.008(32.01s)!!!!!!!!!!!!!!!!!!!!!!!!!!!!!!!!!!!!!!!!!!!!!!!!!!!!!!!!!!!!!!!!!녹음 종료! 
=====녹음중 분석 종료, 분석정보 시작=====
녹음파일 길이: 0:0:31.103
분석 종료
1.11~2.12
4.70~5.71
6.11~7.17
13.33~14.34
16.58~17.59
18.70~19.71
24.17~25.18
25.21~26.26
분석 시작 raw/What does Sleep Apnea sound like.wav
0:0:6.025(6.03s)!!!!!!!!!!!!!!!!!!!!!!!!!!!!!!!!!!!!!!!!!!!!!!!!!!!!!!!!!!!!!!!!!녹음 시작! 
0:3:25.008(205.01s)!!!!!!!!!!!!!!!!!!!!!!!!!!!!!!!!!!!!!!!!!!!!!!!!!!!!!!!!!!!!!!!!!녹음 종료! 
=====녹음중 분석 종료, 분석정보 시작=====
녹음파일 길이: 0:3:18.983
분석 종료
10.61~11.62
12.55~13.56
26.51~27.52
54.28~55.29
181.93~182.94
188.13~189.14
191.12~192.13
193.35~194.36
195.95~196.96
198.33~199.34
201.31~202.32
분석 시작 raw/s107FY1JHHyr.wav
0:0:1.486(1.49s)!!!!!!!!!!!!!!!!!!!!!!!!!!!!!!!!!!!!!!!!!!!!!!!!!!!!!!!!!!!!!!!!!녹음 시작! 
0:1:58.131(118.13s)!!!!!!!!!!!!!!!!!!!!!!!!!!!!!!!!!!!!!!!!!!!!!!!!!!!!!!!!!!!!!!!!!녹음 종료! 
=====녹음중 분석 종료, 분석정보 시작=====
녹음파일 길이: 0:1:56.645
0:3:22.176(202.18s)!!!!!!!!!!!!!!!!!!!!!!!!!!!!!!!!!!!!!!!!!!!!!!!!!!!!!!!!!!!!!!!!!녹음 시작! 
0:4:31.847(271.85s)!!!!!!!!!!!!!!!!!!!!!!!!!!!!!!!!!!!!!!!!!!!!!!!!!!!!!!!!!!!!!!!!!녹음 종료! 
=====녹음중 분석 종료, 분석정보 시작=====
녹음파일 길이: 0:1:9.671
0:6:28.864(388.86s)!!!!!!!!!!!!!!!!!!!!!!!!!!!!!!!!!!!!!!!!!!!!!!!!!!!!!!!!!!!!!!!!!녹음 시작! 
0:9:57.879(597.88s)!!!!!!!!!!!!!!!!!!!!!!!!!!!!!!!!!!!!!!!!!!!!!!!!!!!!!!!!!!!!!!!!!녹음 종료! 
=====녹음중 분석 종료, 분석정보 시작=====
녹음파일 길이: 0:3:29.014
0:9:58.889(598.89s)!!!!!!!!!!!!!!!!!!!!!!!!!!!!!!!!!!!!!!!!!!!!!!!!!!!!!!!!!!!!!!!!!녹음 시작! 
0:11:8.56(668.56s)!!!!!!!!!!!!!!!!!!!!!!!!!!!!!!!!!!!!!!!!!!!!!!!!!!!!!!!!!!!!!!!!!녹음 종료! 
=====녹음중 분석 종료, 분석정보 시작=====
녹음파일 길이: 0:1:9.671
0:16:51.937(1011.94s)!!!!!!!!!!!!!!!!!!!!!!!!!!!!!!!!!!!!!!!!!!!!!!!!!!!!!!!!!!!!!!!!!녹음 시작! 
0:18:1.608(1081.61s)!!!!!!!!!!!!!!!!!!!!!!!!!!!!!!!!!!!!!!!!!!!!!!!!!!!!!!!!!!!!!!!!!녹음 종료! 
=====녹음중 분석 종료, 분석정보 시작=====
녹음파일 길이: 0:1:9.671
0:18:50.951(1130.95s)!!!!!!!!!!!!!!!!!!!!!!!!!!!!!!!!!!!!!!!!!!!!!!!!!!!!!!!!!!!!!!!!!녹음 시작! 
0:20:0.622(1200.62s)!!!!!!!!!!!!!!!!!!!!!!!!!!!!!!!!!!!!!!!!!!!!!!!!!!!!!!!!!!!!!!!!!녹음 종료! 
=====녹음중 분석 종료, 분석정보 시작=====
녹음파일 길이: 0:1:9.671
0:20:0.959(1200.96s)!!!!!!!!!!!!!!!!!!!!!!!!!!!!!!!!!!!!!!!!!!!!!!!!!!!!!!!!!!!!!!!!!녹음 시작! 
1:2:58.803(3778.80s)!!!!!!!!!!!!!!!!!!!!!!!!!!!!!!!!!!!!!!!!!!!!!!!!!!!!!!!!!!!!!!!!!녹음 종료! 
=====녹음중 분석 종료, 분석정보 시작=====
녹음파일 길이: 0:42:57.844
1:3:13.594(3793.59s)!!!!!!!!!!!!!!!!!!!!!!!!!!!!!!!!!!!!!!!!!!!!!!!!!!!!!!!!!!!!!!!!!녹음 시작! 
1:4:23.266(3863.27s)!!!!!!!!!!!!!!!!!!!!!!!!!!!!!!!!!!!!!!!!!!!!!!!!!!!!!!!!!!!!!!!!!녹음 종료! 
=====녹음중 분석 종료, 분석정보 시작=====
녹음파일 길이: 0:1:9.671
1:5:17.276(3917.28s)!!!!!!!!!!!!!!!!!!!!!!!!!!!!!!!!!!!!!!!!!!!!!!!!!!!!!!!!!!!!!!!!!녹음 시작! 
1:6:26.947(3986.95s)!!!!!!!!!!!!!!!!!!!!!!!!!!!!!!!!!!!!!!!!!!!!!!!!!!!!!!!!!!!!!!!!!녹음 종료! 
=====녹음중 분석 종료, 분석정보 시작=====
녹음파일 길이: 0:1:9.671
1:13:1.663(4381.66s)!!!!!!!!!!!!!!!!!!!!!!!!!!!!!!!!!!!!!!!!!!!!!!!!!!!!!!!!!!!!!!!!!녹음 시작! 
1:14:11.334(4451.33s)!!!!!!!!!!!!!!!!!!!!!!!!!!!!!!!!!!!!!!!!!!!!!!!!!!!!!!!!!!!!!!!!!녹음 종료! 
=====녹음중 분석 종료, 분석정보 시작=====
녹음파일 길이: 0:1:9.671
1:15:42.682(4542.68s)!!!!!!!!!!!!!!!!!!!!!!!!!!!!!!!!!!!!!!!!!!!!!!!!!!!!!!!!!!!!!!!!!녹음 시작! 
1:16:52.353(4612.35s)!!!!!!!!!!!!!!!!!!!!!!!!!!!!!!!!!!!!!!!!!!!!!!!!!!!!!!!!!!!!!!!!!녹음 종료! 
=====녹음중 분석 종료, 분석정보 시작=====
녹음파일 길이: 0:1:9.671
1:26:54.76(5214.76s)!!!!!!!!!!!!!!!!!!!!!!!!!!!!!!!!!!!!!!!!!!!!!!!!!!!!!!!!!!!!!!!!!녹음 시작! 
1:28:4.432(5284.43s)!!!!!!!!!!!!!!!!!!!!!!!!!!!!!!!!!!!!!!!!!!!!!!!!!!!!!!!!!!!!!!!!!녹음 종료! 
=====녹음중 분석 종료, 분석정보 시작=====
녹음파일 길이: 0:1:9.671
1:31:4.456(5464.46s)!!!!!!!!!!!!!!!!!!!!!!!!!!!!!!!!!!!!!!!!!!!!!!!!!!!!!!!!!!!!!!!!!녹음 시작! 
1:32:14.127(5534.13s)!!!!!!!!!!!!!!!!!!!!!!!!!!!!!!!!!!!!!!!!!!!!!!!!!!!!!!!!!!!!!!!!!녹음 종료! 
=====녹음중 분석 종료, 분석정보 시작=====
녹음파일 길이: 0:1:9.671
1:32:44.801(5564.80s)!!!!!!!!!!!!!!!!!!!!!!!!!!!!!!!!!!!!!!!!!!!!!!!!!!!!!!!!!!!!!!!!!녹음 시작! 
1:33:54.472(5634.47s)!!!!!!!!!!!!!!!!!!!!!!!!!!!!!!!!!!!!!!!!!!!!!!!!!!!!!!!!!!!!!!!!!녹음 종료! 
=====녹음중 분석 종료, 분석정보 시작=====
녹음파일 길이: 0:1:9.671
1:34:22.812(5662.81s)!!!!!!!!!!!!!!!!!!!!!!!!!!!!!!!!!!!!!!!!!!!!!!!!!!!!!!!!!!!!!!!!!녹음 시작! 
1:39:1.498(5941.50s)!!!!!!!!!!!!!!!!!!!!!!!!!!!!!!!!!!!!!!!!!!!!!!!!!!!!!!!!!!!!!!!!!녹음 종료! 
=====녹음중 분석 종료, 분석정보 시작=====
녹음파일 길이: 0:4:38.685
1:39:7.512(5947.51s)!!!!!!!!!!!!!!!!!!!!!!!!!!!!!!!!!!!!!!!!!!!!!!!!!!!!!!!!!!!!!!!!!녹음 시작! 
1:42:36.527(6156.53s)!!!!!!!!!!!!!!!!!!!!!!!!!!!!!!!!!!!!!!!!!!!!!!!!!!!!!!!!!!!!!!!!!녹음 종료! 
=====녹음중 분석 종료, 분석정보 시작=====
녹음파일 길이: 0:3:29.014
1:43:3.206(6183.21s)!!!!!!!!!!!!!!!!!!!!!!!!!!!!!!!!!!!!!!!!!!!!!!!!!!!!!!!!!!!!!!!!!녹음 시작! 
1:44:12.878(6252.88s)!!!!!!!!!!!!!!!!!!!!!!!!!!!!!!!!!!!!!!!!!!!!!!!!!!!!!!!!!!!!!!!!!녹음 종료! 
=====녹음중 분석 종료, 분석정보 시작=====
녹음파일 길이: 0:1:9.671
1:44:24.883(6264.88s)!!!!!!!!!!!!!!!!!!!!!!!!!!!!!!!!!!!!!!!!!!!!!!!!!!!!!!!!!!!!!!!!!녹음 시작! 
1:46:44.226(6404.23s)!!!!!!!!!!!!!!!!!!!!!!!!!!!!!!!!!!!!!!!!!!!!!!!!!!!!!!!!!!!!!!!!!녹음 종료! 
=====녹음중 분석 종료, 분석정보 시작=====
녹음파일 길이: 0:2:19.342
1:46:54.233(6414.23s)!!!!!!!!!!!!!!!!!!!!!!!!!!!!!!!!!!!!!!!!!!!!!!!!!!!!!!!!!!!!!!!!!녹음 시작! 
1:48:3.905(6483.91s)!!!!!!!!!!!!!!!!!!!!!!!!!!!!!!!!!!!!!!!!!!!!!!!!!!!!!!!!!!!!!!!!!녹음 종료! 
=====녹음중 분석 종료, 분석정보 시작=====
녹음파일 길이: 0:1:9.671
1:48:15.91(6495.91s)!!!!!!!!!!!!!!!!!!!!!!!!!!!!!!!!!!!!!!!!!!!!!!!!!!!!!!!!!!!!!!!!!녹음 시작! 
1:49:25.581(6565.58s)!!!!!!!!!!!!!!!!!!!!!!!!!!!!!!!!!!!!!!!!!!!!!!!!!!!!!!!!!!!!!!!!!녹음 종료! 
=====녹음중 분석 종료, 분석정보 시작=====
녹음파일 길이: 0:1:9.671
1:49:44.587(6584.59s)!!!!!!!!!!!!!!!!!!!!!!!!!!!!!!!!!!!!!!!!!!!!!!!!!!!!!!!!!!!!!!!!!녹음 시작! 
1:54:23.272(6863.27s)!!!!!!!!!!!!!!!!!!!!!!!!!!!!!!!!!!!!!!!!!!!!!!!!!!!!!!!!!!!!!!!!!녹음 종료! 
=====녹음중 분석 종료, 분석정보 시작=====
녹음파일 길이: 0:4:38.685
1:54:36.287(6876.29s)!!!!!!!!!!!!!!!!!!!!!!!!!!!!!!!!!!!!!!!!!!!!!!!!!!!!!!!!!!!!!!!!!녹음 시작! 
1:55:45.959(6945.96s)!!!!!!!!!!!!!!!!!!!!!!!!!!!!!!!!!!!!!!!!!!!!!!!!!!!!!!!!!!!!!!!!!녹음 종료! 
=====녹음중 분석 종료, 분석정보 시작=====
녹음파일 길이: 0:1:9.671
1:57:59.311(7079.31s)!!!!!!!!!!!!!!!!!!!!!!!!!!!!!!!!!!!!!!!!!!!!!!!!!!!!!!!!!!!!!!!!!녹음 시작! 
1:59:8.982(7148.98s)!!!!!!!!!!!!!!!!!!!!!!!!!!!!!!!!!!!!!!!!!!!!!!!!!!!!!!!!!!!!!!!!!녹음 종료! 
=====녹음중 분석 종료, 분석정보 시작=====
녹음파일 길이: 0:1:9.671
1:59:18.653(7158.65s)!!!!!!!!!!!!!!!!!!!!!!!!!!!!!!!!!!!!!!!!!!!!!!!!!!!!!!!!!!!!!!!!!녹음 시작! 
2:22:32.083(8552.08s)!!!!!!!!!!!!!!!!!!!!!!!!!!!!!!!!!!!!!!!!!!!!!!!!!!!!!!!!!!!!!!!!!녹음 종료! 
=====녹음중 분석 종료, 분석정보 시작=====
녹음파일 길이: 0:23:13.429
2:23:11.487(8591.49s)!!!!!!!!!!!!!!!!!!!!!!!!!!!!!!!!!!!!!!!!!!!!!!!!!!!!!!!!!!!!!!!!!녹음 시작! 
2:24:21.159(8661.16s)!!!!!!!!!!!!!!!!!!!!!!!!!!!!!!!!!!!!!!!!!!!!!!!!!!!!!!!!!!!!!!!!!녹음 종료! 
=====녹음중 분석 종료, 분석정보 시작=====
녹음파일 길이: 0:1:9.671
2:25:3.5(8703.50s)!!!!!!!!!!!!!!!!!!!!!!!!!!!!!!!!!!!!!!!!!!!!!!!!!!!!!!!!!!!!!!!!!녹음 시작! 
2:26:13.172(8773.17s)!!!!!!!!!!!!!!!!!!!!!!!!!!!!!!!!!!!!!!!!!!!!!!!!!!!!!!!!!!!!!!!!!녹음 종료! 
=====녹음중 분석 종료, 분석정보 시작=====
녹음파일 길이: 0:1:9.671
2:27:30.517(8850.52s)!!!!!!!!!!!!!!!!!!!!!!!!!!!!!!!!!!!!!!!!!!!!!!!!!!!!!!!!!!!!!!!!!녹음 시작! 
2:28:40.189(8920.19s)!!!!!!!!!!!!!!!!!!!!!!!!!!!!!!!!!!!!!!!!!!!!!!!!!!!!!!!!!!!!!!!!!녹음 종료! 
=====녹음중 분석 종료, 분석정보 시작=====
녹음파일 길이: 0:1:9.671
2:31:2.876(9062.88s)!!!!!!!!!!!!!!!!!!!!!!!!!!!!!!!!!!!!!!!!!!!!!!!!!!!!!!!!!!!!!!!!!녹음 시작! 
2:32:12.547(9132.55s)!!!!!!!!!!!!!!!!!!!!!!!!!!!!!!!!!!!!!!!!!!!!!!!!!!!!!!!!!!!!!!!!!녹음 종료! 
=====녹음중 분석 종료, 분석정보 시작=====
녹음파일 길이: 0:1:9.671
2:32:57.222(9177.22s)!!!!!!!!!!!!!!!!!!!!!!!!!!!!!!!!!!!!!!!!!!!!!!!!!!!!!!!!!!!!!!!!!녹음 시작! 
2:34:6.894(9246.89s)!!!!!!!!!!!!!!!!!!!!!!!!!!!!!!!!!!!!!!!!!!!!!!!!!!!!!!!!!!!!!!!!!녹음 종료! 
=====녹음중 분석 종료, 분석정보 시작=====
녹음파일 길이: 0:1:9.671
2:34:18.898(9258.90s)!!!!!!!!!!!!!!!!!!!!!!!!!!!!!!!!!!!!!!!!!!!!!!!!!!!!!!!!!!!!!!!!!녹음 시작! 
2:35:28.57(9328.57s)!!!!!!!!!!!!!!!!!!!!!!!!!!!!!!!!!!!!!!!!!!!!!!!!!!!!!!!!!!!!!!!!!녹음 종료! 
=====녹음중 분석 종료, 분석정보 시작=====
녹음파일 길이: 0:1:9.671
2:36:6.244(9366.24s)!!!!!!!!!!!!!!!!!!!!!!!!!!!!!!!!!!!!!!!!!!!!!!!!!!!!!!!!!!!!!!!!!녹음 시작! 
2:38:25.587(9505.59s)!!!!!!!!!!!!!!!!!!!!!!!!!!!!!!!!!!!!!!!!!!!!!!!!!!!!!!!!!!!!!!!!!녹음 종료! 
=====녹음중 분석 종료, 분석정보 시작=====
녹음파일 길이: 0:2:19.342
2:38:26.261(9506.26s)!!!!!!!!!!!!!!!!!!!!!!!!!!!!!!!!!!!!!!!!!!!!!!!!!!!!!!!!!!!!!!!!!녹음 시작! 
2:40:45.603(9645.60s)!!!!!!!!!!!!!!!!!!!!!!!!!!!!!!!!!!!!!!!!!!!!!!!!!!!!!!!!!!!!!!!!!녹음 종료! 
=====녹음중 분석 종료, 분석정보 시작=====
녹음파일 길이: 0:2:19.342
2:42:19.621(9739.62s)!!!!!!!!!!!!!!!!!!!!!!!!!!!!!!!!!!!!!!!!!!!!!!!!!!!!!!!!!!!!!!!!!녹음 시작! 
2:43:29.293(9809.29s)!!!!!!!!!!!!!!!!!!!!!!!!!!!!!!!!!!!!!!!!!!!!!!!!!!!!!!!!!!!!!!!!!녹음 종료! 
=====녹음중 분석 종료, 분석정보 시작=====
녹음파일 길이: 0:1:9.671
2:44:44.305(9884.31s)!!!!!!!!!!!!!!!!!!!!!!!!!!!!!!!!!!!!!!!!!!!!!!!!!!!!!!!!!!!!!!!!!녹음 시작! 
2:45:53.976(9953.98s)!!!!!!!!!!!!!!!!!!!!!!!!!!!!!!!!!!!!!!!!!!!!!!!!!!!!!!!!!!!!!!!!!녹음 종료! 
=====녹음중 분석 종료, 분석정보 시작=====
녹음파일 길이: 0:1:9.671
2:46:19.982(9979.98s)!!!!!!!!!!!!!!!!!!!!!!!!!!!!!!!!!!!!!!!!!!!!!!!!!!!!!!!!!!!!!!!!!녹음 시작! 
2:47:29.654(10049.65s)!!!!!!!!!!!!!!!!!!!!!!!!!!!!!!!!!!!!!!!!!!!!!!!!!!!!!!!!!!!!!!!!!녹음 종료! 
=====녹음중 분석 종료, 분석정보 시작=====
녹음파일 길이: 0:1:9.671
2:49:8.002(10148.00s)!!!!!!!!!!!!!!!!!!!!!!!!!!!!!!!!!!!!!!!!!!!!!!!!!!!!!!!!!!!!!!!!!녹음 시작! 
2:50:17.674(10217.67s)!!!!!!!!!!!!!!!!!!!!!!!!!!!!!!!!!!!!!!!!!!!!!!!!!!!!!!!!!!!!!!!!!녹음 종료! 
=====녹음중 분석 종료, 분석정보 시작=====
녹음파일 길이: 0:1:9.671
2:52:19.358(10339.36s)!!!!!!!!!!!!!!!!!!!!!!!!!!!!!!!!!!!!!!!!!!!!!!!!!!!!!!!!!!!!!!!!!녹음 시작! 
2:53:29.029(10409.03s)!!!!!!!!!!!!!!!!!!!!!!!!!!!!!!!!!!!!!!!!!!!!!!!!!!!!!!!!!!!!!!!!!녹음 종료! 
=====녹음중 분석 종료, 분석정보 시작=====
녹음파일 길이: 0:1:9.671
2:54:44.041(10484.04s)!!!!!!!!!!!!!!!!!!!!!!!!!!!!!!!!!!!!!!!!!!!!!!!!!!!!!!!!!!!!!!!!!녹음 시작! 
2:55:53.713(10553.71s)!!!!!!!!!!!!!!!!!!!!!!!!!!!!!!!!!!!!!!!!!!!!!!!!!!!!!!!!!!!!!!!!!녹음 종료! 
=====녹음중 분석 종료, 분석정보 시작=====
녹음파일 길이: 0:1:9.671
2:56:19.719(10579.72s)!!!!!!!!!!!!!!!!!!!!!!!!!!!!!!!!!!!!!!!!!!!!!!!!!!!!!!!!!!!!!!!!!녹음 시작! 
2:57:29.391(10649.39s)!!!!!!!!!!!!!!!!!!!!!!!!!!!!!!!!!!!!!!!!!!!!!!!!!!!!!!!!!!!!!!!!!녹음 종료! 
=====녹음중 분석 종료, 분석정보 시작=====
녹음파일 길이: 0:1:9.671
2:57:32.061(10652.06s)!!!!!!!!!!!!!!!!!!!!!!!!!!!!!!!!!!!!!!!!!!!!!!!!!!!!!!!!!!!!!!!!!녹음 시작! 
2:58:41.732(10721.73s)!!!!!!!!!!!!!!!!!!!!!!!!!!!!!!!!!!!!!!!!!!!!!!!!!!!!!!!!!!!!!!!!!녹음 종료! 
=====녹음중 분석 종료, 분석정보 시작=====
녹음파일 길이: 0:1:9.671
2:59:7.739(10747.74s)!!!!!!!!!!!!!!!!!!!!!!!!!!!!!!!!!!!!!!!!!!!!!!!!!!!!!!!!!!!!!!!!!녹음 시작! 
3:0:17.41(10817.41s)!!!!!!!!!!!!!!!!!!!!!!!!!!!!!!!!!!!!!!!!!!!!!!!!!!!!!!!!!!!!!!!!!녹음 종료! 
=====녹음중 분석 종료, 분석정보 시작=====
녹음파일 길이: 0:1:9.671
3:0:55.084(10855.08s)!!!!!!!!!!!!!!!!!!!!!!!!!!!!!!!!!!!!!!!!!!!!!!!!!!!!!!!!!!!!!!!!!녹음 시작! 
3:2:4.756(10924.76s)!!!!!!!!!!!!!!!!!!!!!!!!!!!!!!!!!!!!!!!!!!!!!!!!!!!!!!!!!!!!!!!!!녹음 종료! 
=====녹음중 분석 종료, 분석정보 시작=====
녹음파일 길이: 0:1:9.671
3:7:34.131(11254.13s)!!!!!!!!!!!!!!!!!!!!!!!!!!!!!!!!!!!!!!!!!!!!!!!!!!!!!!!!!!!!!!!!!녹음 시작! 
3:22:39.86(12159.86s)!!!!!!!!!!!!!!!!!!!!!!!!!!!!!!!!!!!!!!!!!!!!!!!!!!!!!!!!!!!!!!!!!녹음 종료! 
=====녹음중 분석 종료, 분석정보 시작=====
녹음파일 길이: 0:15:5.729
3:24:3.58(12243.58s)!!!!!!!!!!!!!!!!!!!!!!!!!!!!!!!!!!!!!!!!!!!!!!!!!!!!!!!!!!!!!!!!!녹음 시작! 
3:25:13.251(12313.25s)!!!!!!!!!!!!!!!!!!!!!!!!!!!!!!!!!!!!!!!!!!!!!!!!!!!!!!!!!!!!!!!!!녹음 종료! 
=====녹음중 분석 종료, 분석정보 시작=====
녹음파일 길이: 0:1:9.671
3:25:29.923(12329.92s)!!!!!!!!!!!!!!!!!!!!!!!!!!!!!!!!!!!!!!!!!!!!!!!!!!!!!!!!!!!!!!!!!녹음 시작! 
3:26:39.595(12399.60s)!!!!!!!!!!!!!!!!!!!!!!!!!!!!!!!!!!!!!!!!!!!!!!!!!!!!!!!!!!!!!!!!!녹음 종료! 
=====녹음중 분석 종료, 분석정보 시작=====
녹음파일 길이: 0:1:9.671
3:27:5.601(12425.60s)!!!!!!!!!!!!!!!!!!!!!!!!!!!!!!!!!!!!!!!!!!!!!!!!!!!!!!!!!!!!!!!!!녹음 시작! 
3:28:15.272(12495.27s)!!!!!!!!!!!!!!!!!!!!!!!!!!!!!!!!!!!!!!!!!!!!!!!!!!!!!!!!!!!!!!!!!녹음 종료! 
=====녹음중 분석 종료, 분석정보 시작=====
녹음파일 길이: 0:1:9.671
3:28:22.61(12502.61s)!!!!!!!!!!!!!!!!!!!!!!!!!!!!!!!!!!!!!!!!!!!!!!!!!!!!!!!!!!!!!!!!!녹음 시작! 
3:29:32.281(12572.28s)!!!!!!!!!!!!!!!!!!!!!!!!!!!!!!!!!!!!!!!!!!!!!!!!!!!!!!!!!!!!!!!!!녹음 종료! 
=====녹음중 분석 종료, 분석정보 시작=====
녹음파일 길이: 0:1:9.671
3:30:7.622(12607.62s)!!!!!!!!!!!!!!!!!!!!!!!!!!!!!!!!!!!!!!!!!!!!!!!!!!!!!!!!!!!!!!!!!녹음 시작! 
3:31:17.294(12677.29s)!!!!!!!!!!!!!!!!!!!!!!!!!!!!!!!!!!!!!!!!!!!!!!!!!!!!!!!!!!!!!!!!!녹음 종료! 
=====녹음중 분석 종료, 분석정보 시작=====
녹음파일 길이: 0:1:9.671
3:31:43.3(12703.30s)!!!!!!!!!!!!!!!!!!!!!!!!!!!!!!!!!!!!!!!!!!!!!!!!!!!!!!!!!!!!!!!!!녹음 시작! 
3:34:2.643(12842.64s)!!!!!!!!!!!!!!!!!!!!!!!!!!!!!!!!!!!!!!!!!!!!!!!!!!!!!!!!!!!!!!!!!녹음 종료! 
=====녹음중 분석 종료, 분석정보 시작=====
녹음파일 길이: 0:2:19.342
3:35:10.991(12910.99s)!!!!!!!!!!!!!!!!!!!!!!!!!!!!!!!!!!!!!!!!!!!!!!!!!!!!!!!!!!!!!!!!!녹음 시작! 
3:36:20.662(12980.66s)!!!!!!!!!!!!!!!!!!!!!!!!!!!!!!!!!!!!!!!!!!!!!!!!!!!!!!!!!!!!!!!!!녹음 종료! 
=====녹음중 분석 종료, 분석정보 시작=====
녹음파일 길이: 0:1:9.671
3:38:8.345(13088.35s)!!!!!!!!!!!!!!!!!!!!!!!!!!!!!!!!!!!!!!!!!!!!!!!!!!!!!!!!!!!!!!!!!녹음 시작! 
4:19:56.518(15596.52s)!!!!!!!!!!!!!!!!!!!!!!!!!!!!!!!!!!!!!!!!!!!!!!!!!!!!!!!!!!!!!!!!!녹음 종료! 
=====녹음중 분석 종료, 분석정보 시작=====
녹음파일 길이: 0:41:48.173
4:20:3.972(15603.97s)!!!!!!!!!!!!!!!!!!!!!!!!!!!!!!!!!!!!!!!!!!!!!!!!!!!!!!!!!!!!!!!!!녹음 시작! 
4:21:13.643(15673.64s)!!!!!!!!!!!!!!!!!!!!!!!!!!!!!!!!!!!!!!!!!!!!!!!!!!!!!!!!!!!!!!!!!녹음 종료! 
=====녹음중 분석 종료, 분석정보 시작=====
녹음파일 길이: 0:1:9.671
4:21:20.981(15680.98s)!!!!!!!!!!!!!!!!!!!!!!!!!!!!!!!!!!!!!!!!!!!!!!!!!!!!!!!!!!!!!!!!!녹음 시작! 
4:22:30.652(15750.65s)!!!!!!!!!!!!!!!!!!!!!!!!!!!!!!!!!!!!!!!!!!!!!!!!!!!!!!!!!!!!!!!!!녹음 종료! 
=====녹음중 분석 종료, 분석정보 시작=====
녹음파일 길이: 0:1:9.671
4:22:30.989(15750.99s)!!!!!!!!!!!!!!!!!!!!!!!!!!!!!!!!!!!!!!!!!!!!!!!!!!!!!!!!!!!!!!!!!녹음 시작! 
4:23:11.008(15791.01s)!!!!!!!!!!!!!!!!!!!!!!!!!!!!!!!!!!!!!!!!!!!!!!!!!!!!!!!!!!!!!!!!!녹음 종료! 
=====녹음중 분석 종료, 분석정보 시작=====
녹음파일 길이: 0:0:40.019
분석 종료
40.73~41.74
58.62~59.63
100.94~101.95
202.18~203.19
206.52~207.53
225.86~226.87
253.89~254.90
399.09~400.10
404.71~405.72
419.89~420.90
422.72~423.73
424.11~425.12
426.45~427.46
443.51~444.52
444.59~445.60
464.94~465.95
467.24~468.46
471.47~472.48
472.69~473.70
476.40~477.41
486.10~487.11
493.88~494.89
495.06~496.07
503.88~504.89
591.67~592.68
1015.36~1016.37
1019.36~1020.37
1025.36~1026.37
1030.13~1031.14
1043.28~1044.29
1180.47~1181.48
1184.04~1185.05
1195.34~1196.35
1198.65~1199.66
1202.56~1203.57
1207.80~1208.81
1216.23~1217.24
1220.45~1221.46
1224.75~1225.76
1233.01~1234.02
1236.63~1237.64
1237.93~1238.94
1242.31~1243.32
1247.63~1248.64
1269.04~1270.05
1277.36~1278.37
1286.05~1287.06
1291.45~1292.46
1292.48~1293.49
1295.98~1296.99
1297.00~1298.01
1301.37~1302.38
1305.97~1306.98
1316.57~1317.58
1324.25~1325.38
1325.43~1326.44
1330.26~1331.27
1334.17~1335.18
1344.69~1345.70
1366.60~1367.61
1371.16~1372.17
1378.01~1379.02
1381.72~1382.73
1386.57~1387.58
1391.08~1392.09
1395.88~1396.89
1404.06~1405.07
1405.14~1406.15
1408.53~1409.54
1412.63~1413.64
1417.32~1418.33
1425.23~1426.24
1433.72~1434.73
1437.70~1438.71
1441.85~1442.86
1451.44~1452.45
1456.00~1457.01
1463.73~1464.94
1464.96~1465.97
1469.23~1470.24
1474.90~1475.91
1479.34~1480.35
1484.35~1485.36
1487.89~1488.90
1492.39~1493.40
1496.90~1497.91
1500.91~1501.92
1501.94~1502.95
1505.44~1506.57
1506.58~1507.59
1510.10~1511.26
1514.67~1515.69
1522.99~1524.00
1532.42~1533.43
1536.86~1537.87
1542.34~1543.35
1555.20~1556.21
1559.73~1560.74
1572.42~1573.47
1573.48~1574.49
1576.99~1578.00
1581.57~1582.58
1586.34~1587.35
1589.84~1590.86
1593.96~1594.99
1598.22~1599.27
1599.30~1600.31
1603.60~1604.61
1608.35~1609.36
1613.39~1614.40
1618.18~1619.19
1623.45~1624.46
1628.14~1629.16
1632.80~1633.81
1637.74~1638.75
1638.76~1639.77
1642.39~1643.43
1643.44~1644.45
1646.62~1647.64
1647.65~1648.66
1651.52~1652.53
1660.47~1661.48
1665.28~1666.29
1666.31~1667.32
1669.79~1670.80
1670.83~1671.84
1674.96~1675.97
1679.65~1680.66
1683.86~1684.87
1688.02~1689.09
1689.22~1690.23
1692.70~1693.71
1693.79~1694.80
1697.66~1698.67
1700.88~1701.89
1705.39~1706.40
1710.23~1711.24
1714.57~1715.58
1718.50~1719.51
1719.53~1720.54
1723.63~1724.64
1728.40~1729.41
1732.14~1733.15
1733.36~1734.37
1738.01~1739.02
1742.47~1743.48
1747.03~1748.04
1751.16~1752.17
1755.52~1756.53
1759.89~1760.90
1764.37~1765.38
1769.05~1770.06
1773.46~1774.47
1777.70~1778.71
1782.12~1783.13
1786.64~1787.65
1791.15~1792.16
1795.03~1796.04
1799.99~1801.00
1803.73~1804.74
1808.09~1809.10
1809.14~1810.15
1813.26~1814.27
1817.55~1818.56
1822.53~1823.54
1827.27~1828.28
1831.46~1832.47
1836.98~1837.99
1840.97~1841.98
1845.27~1846.28
1849.40~1850.41
1854.03~1855.04
1859.30~1860.31
1863.13~1864.14
1868.46~1869.47
1872.22~1873.24
1876.57~1877.58
1881.32~1882.33
1885.36~1886.37
1889.87~1890.88
1894.74~1895.75
1899.23~1900.24
1903.44~1904.45
1907.91~1908.92
1911.95~1912.96
1916.70~1917.71
1921.28~1922.29
1925.96~1926.97
1930.38~1931.39
1934.79~1935.88
1935.92~1936.93
1939.80~1940.81
1944.40~1945.41
1948.42~1949.43
1953.38~1954.39
1958.00~1959.01
1962.74~1963.75
1967.66~1968.67
1972.11~1973.12
1980.04~1981.05
1981.08~1982.09
1985.14~1986.15
1989.97~1990.98
1994.29~1995.30
1998.77~1999.78
2003.91~2004.92
2006.54~2007.55
2008.12~2009.13
2012.88~2013.89
2017.23~2018.24
2021.99~2023.00
2027.00~2028.01
2034.40~2035.41
2038.94~2039.95
2043.68~2044.69
2048.72~2049.73
2053.15~2054.16
2057.83~2058.84
2061.42~2062.43
2066.07~2067.19
2067.21~2068.22
2070.79~2071.81
2075.78~2076.86
2076.87~2077.88
2080.64~2081.65
2090.48~2091.49
2094.73~2095.74
2100.11~2101.12
2104.40~2105.41
2105.42~2106.43
2109.11~2110.12
2113.41~2114.42
2117.69~2118.70
2118.74~2119.75
2122.92~2123.93
2127.71~2128.72
2131.85~2132.86
2136.11~2137.12
2141.91~2142.92
2145.79~2146.80
2150.62~2151.63
2155.69~2156.70
2160.16~2161.17
2164.87~2165.88
2169.38~2170.39
2173.68~2174.69
2177.87~2178.88
2182.27~2183.28
2183.37~2184.38
2187.59~2188.60
2194.36~2195.37
2199.27~2200.28
2203.61~2204.62
2207.82~2208.83
2212.52~2213.54
2216.73~2217.74
2220.90~2221.91
2225.64~2226.65
2230.10~2231.11
2235.15~2236.16
2240.57~2241.58
2244.43~2245.44
2248.67~2249.68
2253.07~2254.09
2254.19~2255.20
2258.07~2259.08
2262.62~2263.63
2266.35~2267.37
2275.37~2276.38
2280.59~2281.60
2283.97~2284.98
2285.10~2286.11
2289.28~2290.29
2293.88~2294.89
2298.28~2299.29
2302.63~2303.64
2307.78~2308.79
2312.34~2313.35
2313.38~2314.39
2318.33~2319.34
2322.30~2323.31
2326.77~2327.78
2331.34~2332.35
2335.92~2336.93
2339.77~2340.78
2348.06~2349.07
2352.40~2353.44
2356.76~2357.77
2361.03~2362.04
2364.86~2365.87
2365.89~2366.90
2369.86~2370.87
2374.75~2375.76
2379.62~2380.63
2384.62~2385.63
2388.13~2389.14
2393.30~2394.31
2397.41~2398.42
2400.90~2401.91
2401.95~2402.96
2405.32~2406.33
2409.58~2410.59
2414.16~2415.17
2415.20~2416.21
2419.21~2420.22
2424.13~2425.14
2427.62~2428.63
2435.66~2436.67
2440.10~2441.11
2445.33~2446.34
2446.36~2447.37
2449.84~2450.85
2454.81~2455.82
2455.95~2456.96
2460.20~2461.21
2464.51~2465.52
2473.10~2474.12
2474.14~2475.15
2477.85~2479.00
2479.01~2480.02
2482.79~2483.95
2483.97~2484.98
2488.04~2489.05
2493.11~2494.12
2497.47~2498.48
2501.63~2502.73
2502.76~2503.77
2506.71~2507.72
2511.78~2512.79
2515.45~2516.61
2516.63~2517.64
2521.12~2522.13
2525.16~2526.17
2526.23~2527.24
2529.72~2530.80
2530.86~2531.87
2533.82~2534.83
2534.92~2535.93
2539.74~2540.75
2541.57~2542.59
2544.01~2545.02
2548.94~2549.95
2551.30~2552.31
2553.72~2554.73
2558.10~2559.11
2562.71~2563.72
2567.28~2568.29
2572.23~2573.24
2573.28~2574.29
2576.65~2577.66
2581.52~2582.56
2586.85~2587.86
2590.07~2591.08
2598.91~2599.92
2599.97~2600.98
2603.53~2604.63
2608.24~2609.25
2609.27~2610.28
2614.23~2615.24
2617.77~2618.78
2622.06~2623.07
2625.99~2627.00
2627.21~2628.22
2630.76~2631.77
2634.94~2635.95
2638.92~2639.93
2643.12~2644.13
2648.27~2649.28
2652.25~2653.26
2656.56~2657.57
2660.73~2661.80
2665.22~2666.23
2669.54~2670.55
2670.61~2671.62
2673.70~2674.71
2677.95~2678.97
2682.01~2683.04
2683.14~2684.15
2685.84~2686.86
2689.96~2690.97
2691.00~2692.01
2694.63~2695.64
2695.65~2696.66
2698.67~2699.68
2703.09~2704.10
2704.13~2705.14
2708.47~2709.50
2709.64~2710.65
2712.86~2713.87
2717.51~2718.52
2722.26~2723.27
2726.67~2727.68
2731.27~2732.28
2735.93~2736.94
2739.63~2740.64
2740.65~2741.66
2745.16~2746.17
2749.87~2750.88
2754.07~2755.08
2758.47~2759.48
2762.20~2763.23
2763.24~2764.25
2766.41~2767.42
2767.59~2768.60
2771.48~2772.49
2772.53~2773.54
2776.15~2777.16
2780.61~2781.62
2781.83~2782.84
2785.85~2786.86
2790.25~2791.26
2794.30~2795.31
2798.82~2799.83
2803.14~2804.15
2804.16~2805.17
2807.68~2808.69
2811.90~2812.91
2816.01~2817.02
2821.19~2822.20
2825.54~2826.55
2829.01~2830.14
2830.15~2831.16
2833.75~2834.76
2838.72~2839.73
2840.18~2841.19
2842.63~2843.64
2843.85~2844.86
2848.23~2849.24
2853.02~2854.03
2856.86~2857.87
2861.89~2862.90
2867.21~2868.22
2871.18~2872.19
2875.92~2876.93
2876.95~2877.96
2880.44~2881.45
2885.21~2886.22
2886.31~2887.32
2890.79~2891.80
2894.52~2895.53
2899.38~2900.39
2900.52~2901.53
2913.22~2914.23
2917.16~2918.17
2921.57~2922.58
2922.60~2923.61
2926.26~2927.27
2931.25~2932.26
2935.62~2936.63
2940.47~2941.48
2942.04~2943.05
2944.86~2945.87
2946.54~2947.55
2948.92~2949.93
2949.94~2950.95
2953.81~2954.83
2954.86~2955.87
2958.51~2959.52
2963.74~2964.75
2967.74~2968.75
2976.23~2977.24
2980.43~2981.44
2984.90~2985.91
2989.30~2990.31
2993.04~2994.09
2997.68~2998.74
2998.75~2999.76
3002.14~3003.15
3003.18~3004.19
3007.53~3008.54
3012.06~3013.07
3017.33~3018.34
3021.44~3022.45
3025.55~3026.73
3026.74~3027.75
3030.90~3031.91
3035.05~3036.06
3040.51~3041.52
3046.19~3047.20
3049.89~3050.90
3054.69~3055.70
3058.83~3059.84
3059.93~3060.94
3063.87~3064.88
3068.73~3069.74
3073.68~3074.69
3077.57~3078.58
3087.09~3088.10
3090.56~3091.61
3091.66~3092.67
3095.22~3096.24
3096.25~3097.26
3099.64~3100.65
3100.68~3101.69
3104.76~3105.77
3109.33~3110.34
3113.77~3114.78
3114.86~3115.87
3118.81~3119.82
3123.35~3124.37
3124.38~3125.39
3128.23~3129.24
3133.09~3134.10
3136.89~3137.90
3137.91~3138.92
3141.82~3142.83
3146.08~3147.09
3147.10~3148.12
3151.30~3152.31
3154.83~3155.84
3159.40~3160.41
3163.52~3164.53
3168.55~3169.56
3172.90~3173.91
3177.77~3178.78
3182.31~3183.32
3187.25~3188.26
3192.05~3193.06
3196.34~3197.35
3200.39~3201.40
3204.23~3205.35
3208.68~3209.69
3212.99~3214.02
3214.05~3215.06
3217.79~3218.80
3226.88~3227.89
3230.88~3231.89
3235.38~3236.39
3239.35~3240.36
3243.20~3244.21
3244.22~3245.23
3248.13~3249.15
3249.16~3250.17
3252.92~3253.93
3258.10~3259.11
3262.72~3263.73
3266.86~3267.87
3267.91~3268.92
3271.95~3272.96
3275.94~3276.95
3276.97~3277.98
3280.62~3281.63
3281.69~3282.70
3285.64~3286.65
3290.26~3291.27
3294.60~3295.61
3298.94~3299.95
3303.19~3304.20
3304.23~3305.24
3307.95~3308.96
3309.24~3310.25
3313.26~3314.27
3318.21~3319.22
3319.32~3320.33
3323.15~3324.17
3327.40~3328.41
3331.53~3332.54
3335.44~3336.45
3339.97~3340.98
3344.90~3345.91
3349.47~3350.48
3354.12~3355.13
3358.37~3359.38
3362.77~3363.78
3366.78~3367.79
3371.31~3372.32
3372.33~3373.34
3375.78~3376.83
3376.88~3377.89
3380.71~3381.72
3386.22~3387.23
3390.86~3391.87
3394.87~3395.88
3403.35~3404.36
3407.88~3408.91
3409.35~3410.36
3410.59~3411.60
3418.42~3419.43
3423.72~3424.73
3427.90~3428.91
3432.07~3433.08
3436.48~3437.49
3441.13~3442.14
3445.17~3446.18
3448.55~3449.56
3453.12~3454.13
3457.87~3458.88
3461.58~3462.59
3466.12~3467.13
3470.37~3471.38
3472.95~3473.96
3477.54~3478.55
3480.85~3481.86
3485.33~3486.34
3489.36~3490.37
3493.35~3494.36
3497.87~3498.88
3502.49~3503.50
3507.62~3508.63
3511.52~3512.53
3516.24~3517.25
3519.91~3520.92
3528.67~3529.68
3532.93~3533.94
3537.13~3538.14
3541.45~3542.46
3545.72~3546.73
3550.16~3551.17
3554.93~3555.94
3559.10~3560.11
3562.97~3563.98
3567.64~3568.65
3572.94~3573.95
3576.81~3577.82
3580.60~3581.61
3589.48~3590.49
3594.11~3595.12
3595.17~3596.18
3599.28~3600.29
3608.33~3609.34
3612.50~3613.51
3616.62~3617.63
3620.76~3621.77
3624.68~3625.69
3629.36~3630.37
3633.35~3634.36
3638.74~3639.75
3643.05~3644.06
3647.80~3648.81
3651.80~3652.81
3656.47~3657.48
3660.45~3661.46
3665.41~3666.42
3669.76~3670.77
3674.00~3675.01
3677.02~3678.40
3678.54~3679.55
3681.12~3682.13
3682.15~3683.16
3686.26~3687.27
3690.31~3691.32
3693.80~3694.81
3694.84~3695.86
3695.89~3696.90
3698.94~3699.95
3699.97~3700.98
3703.15~3704.16
3704.79~3705.80
3706.00~3707.01
3713.73~3714.74
3728.11~3729.12
3743.07~3744.08
3763.36~3764.37
3773.73~3774.74
3777.88~3793.59
3814.63~3815.64
3816.94~3817.95
3822.26~3823.27
3824.51~3825.52
3826.42~3827.43
5217.86~5218.87
5229.06~5230.07
5233.37~5234.38
5238.11~5239.12
5275.21~5276.22
5528.87~5529.88
5576.63~5577.64
5578.12~5579.13
5590.96~5591.97
5593.61~5594.62
5596.47~5597.48
5601.11~5602.12
5613.13~5614.14
5663.94~5664.95
5667.86~5668.87
5670.82~5671.86
5671.87~5672.88
5676.42~5677.43
5679.36~5680.37
5680.38~5681.39
5683.69~5684.76
5688.25~5689.26
5692.53~5693.54
5701.96~5702.97
5707.06~5708.07
5712.02~5713.03
5716.83~5717.84
5721.59~5722.60
5726.49~5727.50
5736.77~5737.79
5737.93~5738.94
5742.00~5743.01
5747.00~5748.01
5752.27~5753.28
5757.43~5758.44
5762.22~5763.23
5766.80~5767.81
5771.45~5772.46
5780.68~5781.69
5784.83~5785.84
5790.31~5791.32
5795.13~5796.14
5800.29~5801.30
5805.07~5806.08
5811.07~5812.08
5815.50~5816.51
5820.51~5821.52
5824.71~5825.74
5825.75~5826.76
5829.31~5830.32
5832.93~5833.94
5837.25~5838.26
5838.27~5839.28
5842.67~5843.68
5847.71~5848.74
5848.75~5849.76
5852.76~5853.77
5877.11~5878.12
5886.55~5887.56
5895.27~5896.43
5896.44~5897.45
5914.90~5915.91
5960.72~5961.73
5964.43~5965.44
5971.97~5972.99
5979.44~5980.45
5990.47~5991.48
5993.74~5994.75
5996.46~5997.47
5998.45~5999.46
6007.40~6008.41
6011.40~6012.41
6016.03~6017.04
6026.46~6027.47
6028.27~6029.28
6035.75~6036.78
6037.19~6038.20
6041.39~6042.40
6045.38~6046.39
6048.47~6049.48
6054.38~6055.39
6058.07~6059.08
6063.79~6064.80
6067.62~6068.63
6068.71~6069.72
6092.57~6093.58
6113.07~6114.08
6117.95~6118.96
6122.06~6123.07
6136.72~6137.73
6142.18~6143.19
6150.15~6151.16
6186.61~6187.62
6196.20~6197.21
6200.53~6201.54
6214.67~6215.68
6243.03~6244.04
6247.75~6248.76
6267.08~6268.09
6271.59~6272.60
6275.85~6276.86
6280.51~6281.52
6284.84~6285.85
6289.64~6290.65
6293.71~6294.72
6298.08~6299.09
6305.18~6306.19
6307.36~6308.37
6311.37~6312.38
6316.84~6317.85
6326.53~6327.54
6330.96~6331.97
6335.94~6336.95
6350.02~6351.03
6354.15~6355.16
6359.09~6360.10
6363.23~6364.24
6367.92~6368.93
6372.82~6373.83
6390.91~6391.92
6396.15~6397.16
6400.58~6401.59
6419.52~6420.53
6447.28~6448.29
6464.08~6465.09
6465.49~6466.50
6469.72~6470.73
6499.14~6500.15
6530.97~6531.98
6535.48~6536.49
6539.92~6540.93
6545.30~6546.31
6549.90~6550.91
6552.94~6553.95
6554.08~6555.09
6559.00~6560.01
6592.03~6593.04
6596.88~6597.89
6601.04~6602.05
6605.50~6606.51
6610.01~6611.02
6612.96~6613.97
6614.63~6615.64
6618.93~6619.94
6623.00~6624.01
6627.69~6628.70
6632.30~6633.31
6636.52~6637.53
6641.05~6642.06
6645.70~6646.71
6650.26~6651.27
6654.57~6655.58
6659.18~6660.19
6663.96~6664.97
6669.56~6670.57
6674.02~6675.03
6679.08~6680.09
6683.79~6684.80
6685.72~6686.73
6687.87~6688.88
6696.39~6697.40
6700.91~6701.92
6705.69~6706.70
6710.75~6711.76
6715.74~6716.76
6719.83~6720.84
6724.91~6725.92
6730.12~6731.13
6734.07~6735.08
6742.37~6743.38
6751.34~6752.35
6755.49~6756.50
6760.62~6761.63
6770.72~6771.73
6775.06~6776.07
6780.09~6781.10
6784.57~6785.58
6789.10~6790.11
6792.92~6793.93
6801.19~6802.20
6806.05~6807.06
6828.80~6829.81
6843.12~6844.13
6847.73~6848.74
6879.97~6880.98
6884.37~6885.38
6893.45~6894.46
6897.74~6898.75
6916.05~6917.06
7083.20~7084.21
7087.89~7088.90
7093.36~7094.37
7102.16~7103.17
7105.17~7106.18
7115.84~7116.85
7158.70~7159.71
7179.09~7180.10
7200.08~7201.09
7201.94~7202.95
7203.07~7204.08
7213.19~7214.20
7260.67~7261.68
7276.75~7277.76
7306.10~7307.11
7307.17~7308.18
7308.32~7309.33
7320.28~7321.29
7321.53~7322.54
7330.61~7331.62
7340.07~7341.08
7344.47~7345.48
7354.62~7355.63
7357.47~7358.48
7360.06~7361.07
7380.75~7381.76
7399.65~7400.66
7408.95~7409.96
7409.98~7410.99
7414.15~7415.16
7418.88~7419.89
7423.72~7424.73
7428.78~7429.79
7433.60~7434.61
7438.68~7439.69
7447.23~7448.24
7452.84~7453.85
7462.55~7463.56
7471.22~7472.23
7475.98~7476.99
7489.70~7490.71
7495.63~7496.64
7509.74~7510.75
7517.99~7519.00
7528.11~7529.12
7533.09~7534.10
7537.37~7538.38
7542.36~7543.37
7552.74~7553.75
7557.75~7558.76
7562.48~7563.49
7563.90~7564.91
7567.23~7568.24
7572.09~7573.10
7577.08~7578.09
7581.72~7582.73
7586.37~7587.38
7591.07~7592.08
7592.40~7593.41
7593.47~7594.48
7594.52~7595.53
7595.71~7596.72
7596.73~7597.74
7600.95~7601.96
7606.24~7607.25
7611.11~7612.12
7615.88~7616.89
7623.69~7624.70
7625.11~7626.12
7626.77~7627.78
7629.36~7630.37
7630.79~7631.80
7635.43~7636.44
7640.22~7641.23
7645.09~7646.10
7649.86~7650.87
7656.78~7657.79
7663.71~7664.72
7682.58~7683.59
7687.16~7688.17
7692.14~7693.15
7696.83~7697.84
7701.10~7702.11
7706.31~7707.32
7710.64~7711.65
7715.14~7716.15
7719.90~7720.91
7734.71~7735.72
7748.01~7749.02
7762.20~7763.21
7767.39~7768.40
7771.82~7772.83
7776.50~7777.51
7785.78~7786.79
7790.49~7791.50
7794.85~7795.86
7799.57~7800.58
7809.29~7810.30
7813.75~7814.76
7814.77~7815.78
7823.26~7824.27
7832.43~7833.44
7841.72~7842.73
7845.95~7846.96
7855.94~7856.95
7865.40~7866.41
7870.50~7871.51
7880.76~7881.77
7890.92~7891.93
7894.91~7895.92
7900.22~7901.23
7914.17~7915.18
7922.82~7923.83
7927.46~7928.47
7937.31~7938.32
7946.65~7947.66
7960.65~7961.66
7965.21~7966.22
7969.83~7970.84
7980.06~7981.07
7989.06~7990.07
7997.60~7998.61
7999.00~8000.01
8002.94~8003.95
8008.27~8009.28
8017.99~8019.00
8027.45~8028.46
8032.04~8033.05
8046.67~8047.68
8053.54~8054.55
8055.35~8056.36
8069.77~8070.78
8083.70~8084.71
8088.40~8089.41
8093.25~8094.26
8108.49~8109.50
8117.43~8118.44
8131.44~8132.45
8135.95~8136.96
8141.21~8142.22
8150.40~8151.41
8154.70~8155.71
8159.58~8160.60
8164.40~8165.41
8173.55~8174.56
8188.63~8189.64
8230.88~8231.89
8262.64~8263.65
8286.98~8287.99
8306.99~8308.00
8308.40~8309.41
8309.47~8310.48
8316.75~8317.76
8321.43~8322.44
8326.26~8327.27
8331.48~8332.49
8349.06~8350.07
8350.13~8351.14
8359.86~8360.87
8366.46~8367.47
8381.60~8382.61
8389.38~8390.39
8431.61~8432.62
8442.20~8443.21
8454.68~8455.69
8456.17~8457.18
8477.54~8478.55
8483.46~8484.47
8487.69~8488.70
8491.48~8492.49
8496.07~8497.08
8510.00~8511.01
8522.50~8523.51
8536.79~8537.80
8603.28~8604.29
8711.41~8712.42
8854.88~8855.89
8890.42~8891.43
9064.85~9065.86
9069.44~9070.45
9180.10~9181.11
9184.49~9185.50
9188.91~9189.92
9194.20~9195.21
9367.42~9368.43
9368.44~9369.45
9372.69~9373.70
9377.03~9378.06
9378.08~9379.09
9382.28~9383.29
9387.32~9388.33
9472.14~9473.15
9481.97~9482.98
9487.06~9488.07
9489.58~9490.59
9538.87~9539.88
9744.97~9745.98
9750.16~9751.17
9757.09~9758.10
9982.24~9983.25
10167.44~10168.45
10208.12~10209.13
10209.19~10210.20
10341.23~10342.24
10407.44~10408.45
10484.19~10485.20
10582.94~10583.95
10587.74~10588.75
10593.04~10594.05
10620.22~10621.23
10621.24~10622.25
10753.03~10754.04
10757.02~10758.03
10759.74~10760.77
10760.99~10762.00
10775.89~10776.90
10855.29~10856.30
10878.11~10879.12
10880.71~10881.72
10887.26~10888.27
10919.69~10920.70
10921.24~10922.25
10922.83~10923.84
11254.74~11255.75
11260.46~11261.47
11289.02~11290.03
11324.71~11325.72
11344.43~11345.44
11349.68~11350.69
11359.78~11360.79
11376.38~11377.39
11382.68~11383.69
11387.18~11388.19
11402.10~11403.11
11407.50~11408.51
11411.76~11412.87
11412.90~11413.91
11417.41~11418.42
11427.78~11428.79
11483.31~11484.32
11511.16~11512.17
11518.89~11519.90
11546.17~11547.18
11559.94~11560.95
11565.57~11566.58
11571.61~11572.62
11574.96~11575.97
11578.87~11579.88
11602.93~11603.94
11643.79~11644.80
11658.08~11659.09
11659.10~11660.11
11669.34~11670.35
11675.24~11676.25
11691.12~11692.13
11728.02~11729.03
11738.12~11739.13
11752.73~11753.74
11757.45~11758.46
11768.08~11769.09
11778.11~11779.12
11787.76~11788.77
11792.74~11793.75
11797.42~11798.43
11802.20~11803.21
11821.49~11822.50
11848.18~11849.19
11854.92~11855.93
11856.74~11857.75
11857.97~11858.98
11917.56~11918.57
11927.95~11928.96
11933.32~11934.33
11943.13~11944.14
11948.47~11949.48
11983.25~11984.26
11988.95~11989.96
12002.86~12003.87
12006.30~12007.31
12007.65~12008.66
12009.76~12010.77
12010.88~12011.89
12027.43~12028.44
12045.24~12046.25
12049.87~12050.88
12057.29~12058.32
12058.33~12059.34
12061.86~12062.87
12062.92~12063.93
12069.09~12070.10
12072.84~12073.85
12077.56~12078.57
12095.91~12096.92
12098.34~12099.35
12120.83~12121.84
12246.87~12247.88
12256.44~12257.45
12261.34~12262.35
12265.88~12266.89
12275.76~12276.77
12280.57~12281.58
12286.14~12287.15
12298.97~12299.98
12302.97~12303.98
12308.34~12309.35
12333.94~12334.95
12350.03~12351.04
12366.94~12367.95
12371.81~12372.82
12376.83~12377.84
12389.24~12390.25
12391.70~12392.71
12396.79~12397.80
12429.32~12430.33
12438.69~12439.70
12443.97~12444.98
12453.44~12454.45
12457.64~12458.66
12467.39~12468.40
12472.55~12473.56
12477.20~12478.21
12488.03~12489.04
12515.58~12516.59
12519.50~12520.51
12524.41~12525.42
12529.82~12530.83
12534.70~12535.71
12539.41~12540.42
12544.66~12545.67
12550.44~12551.45
12559.49~12560.50
12563.70~12564.71
12568.82~12569.83
12616.55~12617.56
12625.68~12626.69
12631.12~12632.13
12635.20~12636.21
12640.54~12641.55
12645.55~12646.56
12650.57~12651.58
12703.31~12704.32
12707.31~12708.32
12728.66~12729.67
12913.98~12914.99
13091.27~13092.28
13134.70~13135.71
13148.80~13149.81
13158.18~13159.19
13171.58~13172.59
13221.72~13222.73
13235.49~13236.50
13243.91~13244.92
13298.68~13299.69
13337.80~13338.81
13340.92~13341.93
13342.55~13343.56
13365.81~13366.82
13394.49~13395.50
13408.17~13409.18
13462.55~13463.56
13504.27~13505.28
13545.80~13546.81
13579.45~13580.46
13629.42~13630.43
13645.44~13646.45
13653.67~13654.68
13667.67~13668.68
13727.51~13728.52
13752.15~13753.16
13765.54~13766.55
13769.67~13770.68
13773.84~13774.85
13785.62~13786.63
13826.96~13827.97
13831.00~13832.01
13840.49~13841.50
13844.72~13845.73
13853.80~13854.81
13857.89~13858.90
13862.02~13863.03
13867.47~13868.48
13909.98~13910.99
13914.29~13915.30
13917.60~13918.61
13921.79~13922.80
13948.45~13949.46
13980.48~13981.51
13986.68~13987.69
13999.88~14000.89
14016.40~14017.41
14036.88~14037.93
14067.75~14068.76
14069.74~14070.75
14087.83~14088.84
14091.45~14092.57
14124.04~14125.05
14137.53~14138.54
14155.94~14156.95
14210.69~14211.73
14225.40~14226.41
14249.16~14250.17
14253.48~14254.49
14289.25~14290.26
14293.50~14294.51
14297.36~14298.37
14304.55~14305.56
14309.23~14310.24
14319.12~14320.13
14324.77~14325.78
14329.25~14330.26
14331.55~14332.56
14335.49~14336.50
14338.53~14339.54
14347.31~14348.32
14352.43~14353.44
14354.12~14355.13
14357.26~14358.27
14361.67~14362.68
14362.76~14363.77
14365.71~14366.72
14369.23~14370.24
14371.62~14372.63
14373.69~14374.70
14376.25~14377.26
14377.39~14378.40
14380.78~14381.79
14385.27~14386.28
14394.57~14395.58
14398.86~14399.87
14403.58~14404.59
14412.07~14413.08
14413.18~14414.19
14416.41~14417.42
14419.66~14420.67
14430.93~14431.94
14436.52~14437.53
14440.35~14441.36
14445.57~14446.59
14450.08~14451.09
14454.69~14455.70
14459.67~14460.68
14463.71~14464.72
14465.51~14466.52
14468.62~14469.63
14476.53~14477.54
14481.94~14482.95
14486.36~14487.37
14491.36~14492.37
14495.06~14496.30
14501.80~14502.81
14509.20~14510.21
14513.57~14514.58
14516.45~14517.46
14520.16~14521.17
14532.96~14533.97
14545.00~14546.01
14547.19~14548.24
14557.37~14558.38
14569.31~14570.32
14580.70~14581.71
14584.17~14585.18
14585.43~14586.44
14595.38~14596.39
14600.02~14601.03
14603.17~14604.18
14605.04~14606.05
14606.23~14607.24
14610.19~14611.20
14613.58~14614.59
14623.72~14624.73
14628.20~14629.21
14632.86~14633.94
14633.95~14634.96
14657.35~14658.36
14662.81~14663.82
14667.62~14668.63
14672.28~14673.29
14676.85~14677.86
14683.12~14684.13
14689.36~14690.37
14690.41~14691.42
14703.60~14704.61
14705.58~14706.59
14713.22~14714.23
14717.85~14718.86
14720.62~14721.63
14724.13~14725.14
14727.64~14728.65
14732.02~14733.14
14747.43~14748.44
14751.67~14752.68
14769.37~14770.38
14783.74~14784.75
14787.92~14788.93
14791.62~14792.63
14795.64~14796.65
14798.40~14799.41
14806.12~14807.13
14810.60~14811.61
14825.50~14826.51
14845.02~14846.03
14850.19~14851.20
14860.50~14861.51
14883.38~14884.39
14890.70~14891.71
14898.57~14899.58
14902.62~14903.64
14911.55~14912.56
14932.52~14933.53
14936.82~14937.83
14972.44~14973.45
15011.03~15012.05
15012.06~15013.07
15021.35~15022.36
15023.37~15024.38
15028.38~15029.39
15029.58~15030.59
15032.47~15033.48
15102.73~15103.74
15122.24~15123.25
15165.08~15166.09
15179.04~15180.05
15192.93~15193.94
15217.22~15218.23
15218.61~15219.62
15235.04~15236.05
15287.02~15288.03
15296.89~15297.90
15298.62~15299.63
15301.28~15302.29
15320.54~15321.55
15329.69~15330.70
15363.95~15364.96
15378.49~15379.50
15457.80~15458.81
15477.59~15478.60
15540.36~15541.37
15549.29~15550.30
15575.35~15576.36
15576.79~15577.80
15578.73~15579.74
15582.42~15583.43
15584.25~15585.26
15586.43~15587.44
15651.28~15652.29
15715.96~15716.97
15724.24~15725.25
15733.73~15734.74
15745.44~15746.45
15749.82~15750.99
15751.16~15752.17
15753.29~15754.30
15754.31~15755.32
15756.49~15757.55
15757.60~15758.62
15759.82~15760.85
15760.94~15762.18
15762.23~15763.30
15783.57~15784.58
15785.69~15786.70
15787.55~15788.57
15788.64~15789.66
15789.75~15790.76
분석 시작 raw/s107FY1JHHyr-영역-010.wav
분석 종료
분석 시작 raw/veryclearrepeating-영역-011.wav
0:0:0.777(0.78s)!!!!!!!!!!!!!!!!!!!!!!!!!!!!!!!!!!!!!!!!!!!!!!!!!!!!!!!!!!!!!!!!!녹음 시작! 
분석 종료
분석 시작 raw/Matt Script - SINGLE BITE WITH TEETH_HUMAN_BITING-영역-012.wav
분석 종료
분석 시작 raw/114609__daxter31__snoring-영역-013.wav
분석 종료
분석 시작 raw/63103__robinhood76__00555-snoring-1-heavy-breath-영역-014.wav
0:0:0.069(0.07s)!!!!!!!!!!!!!!!!!!!!!!!!!!!!!!!!!!!!!!!!!!!!!!!!!!!!!!!!!!!!!!!!!녹음 시작! 
분석 종료
분석 시작 raw/114609__daxter31__snoring.wav
0:0:1.393(1.39s)!!!!!!!!!!!!!!!!!!!!!!!!!!!!!!!!!!!!!!!!!!!!!!!!!!!!!!!!!!!!!!!!!녹음 시작! 
0:0:46.01(46.01s)!!!!!!!!!!!!!!!!!!!!!!!!!!!!!!!!!!!!!!!!!!!!!!!!!!!!!!!!!!!!!!!!!녹음 종료! 
=====녹음중 분석 종료, 분석정보 시작=====
녹음파일 길이: 0:0:44.617
분석 종료
4.13~5.14
15.79~16.80
30.70~31.71
39.31~40.32
40.60~41.61
분석 시작 raw/Snoring vs Sleep Apnea  - What the difference sounds like.wav
0:0:1.242(1.24s)!!!!!!!!!!!!!!!!!!!!!!!!!!!!!!!!!!!!!!!!!!!!!!!!!!!!!!!!!!!!!!!!!녹음 시작! 
0:5:2.01(302.01s)!!!!!!!!!!!!!!!!!!!!!!!!!!!!!!!!!!!!!!!!!!!!!!!!!!!!!!!!!!!!!!!!!녹음 종료! 
=====녹음중 분석 종료, 분석정보 시작=====
녹음파일 길이: 0:5:0.768
분석 종료
1.37~2.38
2.43~3.44
6.12~7.13
7.22~8.23
8.34~9.36
9.38~10.39
11.84~12.85
12.86~13.87
13.94~14.95
15.26~16.28
17.65~18.66
18.82~19.83
20.22~21.23
21.28~22.31
23.59~24.60
24.62~25.63
25.93~26.94
29.43~30.44
30.49~31.50
31.76~32.77
32.95~34.01
35.78~36.79
36.84~37.85
37.89~38.91
41.05~42.06
42.11~43.12
43.24~44.25
46.57~47.58
47.67~48.70
48.74~49.75
49.77~50.84
52.62~53.63
53.68~54.69
54.94~55.95
55.97~56.98
58.47~59.48
59.49~60.50
60.67~61.68
61.80~62.84
62.86~63.88
64.99~66.01
66.03~67.04
67.05~68.06
68.09~69.10
69.23~70.24
75.49~76.50
82.15~83.16
83.17~84.18
84.31~85.32
85.40~86.41
86.45~87.46
87.52~88.53
88.67~89.68
89.78~90.79
90.84~91.86
91.92~92.93
92.95~93.96
93.97~94.98
95.07~96.08
96.12~97.13
97.20~98.21
98.27~99.28
99.47~100.48
100.53~101.54
101.75~102.76
102.81~103.82
103.91~104.92
104.95~105.96
106.01~107.02
107.06~108.07
108.10~109.11
109.62~110.63
110.78~111.79
112.14~113.15
116.19~117.20
120.78~121.79
125.75~126.76
126.91~127.92
128.00~129.01
129.08~130.09
130.14~131.15
131.75~132.76
132.96~133.97
134.01~135.02
135.26~136.27
137.89~138.90
139.16~140.17
140.36~141.37
141.42~142.43
142.87~143.88
143.95~144.97
145.09~146.10
146.22~147.23
147.34~148.35
148.72~149.73
149.98~150.99
151.09~152.10
152.23~153.24
153.38~154.39
154.40~155.41
155.71~156.72
156.83~157.84
158.00~159.01
159.45~160.46
164.98~165.99
166.01~167.03
169.27~170.28
174.93~175.95
176.25~177.26
177.57~178.58
178.99~180.02
180.13~181.15
181.16~182.17
182.31~183.32
183.38~184.39
184.40~185.41
185.47~186.48
186.61~187.62
188.17~189.18
189.23~190.24
190.31~191.32
191.33~192.34
193.12~194.13
194.48~195.49
195.62~196.63
196.80~197.81
198.14~199.16
199.46~200.47
200.48~201.49
201.73~202.75
202.87~203.88
204.07~205.09
206.53~207.54
211.38~212.40
218.88~219.89
219.92~220.93
221.29~222.30
222.49~223.52
223.69~224.70
224.71~225.72
225.81~226.82
226.84~227.87
227.89~228.90
228.96~229.97
230.04~231.05
231.08~232.10
232.14~233.15
233.37~234.38
234.49~235.50
235.61~236.62
236.79~237.80
238.04~239.05
239.13~240.15
240.38~241.39
241.56~242.57
242.59~243.62
243.95~244.96
245.16~246.17
246.18~247.19
247.27~248.28
248.29~249.30
249.41~250.43
250.46~251.47
251.87~252.88
252.91~253.92
253.93~254.94
259.26~260.27
263.73~264.75
267.02~268.03
268.27~269.28
269.39~270.40
270.43~271.50
271.51~272.52
272.56~273.57
273.58~274.59
274.68~275.69
275.98~276.99
277.03~278.04
278.27~279.28
279.45~280.46
280.49~281.50
281.51~282.52
282.55~283.56
283.62~284.63
284.69~285.70
285.79~286.80
287.14~288.15
288.24~289.25
289.29~290.30
290.83~291.84
292.22~293.23
293.36~294.37
294.38~295.39
295.44~296.45
296.60~297.61
297.78~298.79
298.86~299.87
300.36~301.38
분석 시작 raw/beep-01a.wav
분석 종료
분석 시작 raw/veryclearrepeating.wav
0:0:1.741(1.74s)!!!!!!!!!!!!!!!!!!!!!!!!!!!!!!!!!!!!!!!!!!!!!!!!!!!!!!!!!!!!!!!!!녹음 시작! 
0:0:16.01(16.01s)!!!!!!!!!!!!!!!!!!!!!!!!!!!!!!!!!!!!!!!!!!!!!!!!!!!!!!!!!!!!!!!!!녹음 종료! 
=====녹음중 분석 종료, 분석정보 시작=====
녹음파일 길이: 0:0:14.268
분석 종료
3.99~5.00
5.10~6.11
분석 시작 raw/Matt Script - TEETH GRINDING_GRIND_TOOTH_CREAK.wav
0:0:1.718(1.72s)!!!!!!!!!!!!!!!!!!!!!!!!!!!!!!!!!!!!!!!!!!!!!!!!!!!!!!!!!!!!!!!!!녹음 시작! 
0:0:21.002(21.00s)!!!!!!!!!!!!!!!!!!!!!!!!!!!!!!!!!!!!!!!!!!!!!!!!!!!!!!!!!!!!!!!!!녹음 종료! 
=====녹음중 분석 종료, 분석정보 시작=====
녹음파일 길이: 0:0:19.284
분석 종료
2.80~3.81
분석 시작 raw/Snoring vs Sleep Apnea  - What the difference sounds like.wav
0:0:1.683(1.68s)!!!!!!!!!!!!!!!!!!!!!!!!!!!!!!!!!!!!!!!!!!!!!!!!!!!!!!!!!!!!!!!!!녹음 시작! 
0:5:2.01(302.01s)!!!!!!!!!!!!!!!!!!!!!!!!!!!!!!!!!!!!!!!!!!!!!!!!!!!!!!!!!!!!!!!!!녹음 종료! 
=====녹음중 분석 종료, 분석정보 시작=====
녹음파일 길이: 0:5:0.326
분석 종료
1.93~2.94
2.97~3.98
6.12~7.13
7.22~8.23
8.34~9.36
9.38~10.39
11.84~12.85
12.86~13.87
13.94~14.95
15.26~16.28
17.65~18.66
18.82~19.83
20.22~21.23
21.28~22.31
23.59~24.60
24.62~25.63
25.93~26.94
29.43~30.44
30.49~31.50
31.76~32.77
32.95~34.01
35.78~36.79
36.84~37.85
37.89~38.91
41.05~42.06
42.11~43.12
43.24~44.25
46.57~47.58
47.67~48.70
48.74~49.75
49.77~50.84
52.62~53.63
53.68~54.69
54.94~55.95
55.97~56.98
58.47~59.48
59.49~60.50
60.67~61.68
61.80~62.84
62.86~63.88
64.99~66.01
66.03~67.04
67.05~68.06
68.09~69.10
69.23~70.24
75.49~76.50
82.15~83.16
83.17~84.18
84.31~85.32
85.40~86.41
86.45~87.46
87.52~88.53
88.67~89.68
89.78~90.79
90.84~91.86
91.92~92.93
92.95~93.96
93.97~94.98
95.07~96.08
96.12~97.13
97.20~98.21
98.27~99.28
99.47~100.48
100.53~101.54
101.75~102.76
102.81~103.82
103.91~104.92
104.95~105.96
106.01~107.02
107.06~108.07
108.10~109.11
109.62~110.63
110.78~111.79
112.14~113.15
116.19~117.20
120.78~121.79
125.75~126.76
126.91~127.92
128.00~129.01
129.08~130.09
130.14~131.15
131.75~132.76
132.96~133.97
134.01~135.02
135.26~136.27
137.89~138.90
139.16~140.17
140.36~141.37
141.42~142.43
142.87~143.88
143.95~144.97
145.09~146.10
146.22~147.23
147.34~148.35
148.72~149.73
149.98~150.99
151.09~152.10
152.23~153.24
153.38~154.39
154.40~155.41
155.71~156.72
156.83~157.84
158.00~159.01
159.45~160.46
164.98~165.99
166.01~167.03
169.27~170.28
174.93~175.95
176.25~177.26
177.57~178.58
178.99~180.02
180.13~181.15
181.16~182.17
182.31~183.32
183.38~184.39
184.40~185.41
185.47~186.48
186.61~187.62
188.17~189.18
189.23~190.24
190.31~191.32
191.33~192.34
193.12~194.13
194.48~195.49
195.62~196.63
196.80~197.81
198.14~199.16
199.46~200.47
200.48~201.49
201.73~202.75
202.87~203.88
204.07~205.09
206.53~207.54
211.38~212.40
218.88~219.89
219.92~220.93
221.29~222.30
222.49~223.52
223.69~224.70
224.71~225.72
225.81~226.82
226.84~227.87
227.89~228.90
228.96~229.97
230.04~231.05
231.08~232.10
232.14~233.15
233.37~234.38
234.49~235.50
235.61~236.62
236.79~237.80
238.04~239.05
239.13~240.15
240.38~241.39
241.56~242.57
242.59~243.62
243.95~244.96
245.16~246.17
246.18~247.19
247.27~248.28
248.29~249.30
249.41~250.43
250.46~251.47
251.87~252.88
252.91~253.92
253.93~254.94
259.26~260.27
263.73~264.75
267.02~268.03
268.27~269.28
269.39~270.40
270.43~271.50
271.51~272.52
272.56~273.57
273.58~274.59
274.68~275.69
275.98~276.99
277.03~278.04
278.27~279.28
279.45~280.46
280.49~281.50
281.51~282.52
282.55~283.56
283.62~284.63
284.69~285.70
285.79~286.80
287.14~288.15
288.24~289.25
289.29~290.30
290.83~291.84
292.22~293.23
293.36~294.37
294.38~295.39
295.44~296.45
296.60~297.61
297.78~298.79
298.86~299.87
300.36~301.38
분석 시작 raw/What does Sleep Apnea sound like.wav
0:0:0.568(0.57s)!!!!!!!!!!!!!!!!!!!!!!!!!!!!!!!!!!!!!!!!!!!!!!!!!!!!!!!!!!!!!!!!!녹음 시작! 
0:3:25.008(205.01s)!!!!!!!!!!!!!!!!!!!!!!!!!!!!!!!!!!!!!!!!!!!!!!!!!!!!!!!!!!!!!!!!!녹음 종료! 
=====녹음중 분석 종료, 분석정보 시작=====
녹음파일 길이: 0:3:24.44
분석 종료
8.46~9.47
10.61~11.62
12.55~13.56
26.51~27.52
54.28~55.29
181.93~182.94
188.13~189.14
191.12~192.13
193.35~194.36
195.95~196.96
198.33~199.34
201.31~202.32
분석 시작 raw/235873__delphidebrain__sjuulke-snoring-1.wav
0:0:0.696(0.70s)!!!!!!!!!!!!!!!!!!!!!!!!!!!!!!!!!!!!!!!!!!!!!!!!!!!!!!!!!!!!!!!!!녹음 시작! 
0:0:45.0(45.00s)!!!!!!!!!!!!!!!!!!!!!!!!!!!!!!!!!!!!!!!!!!!!!!!!!!!!!!!!!!!!!!!!!녹음 종료! 
=====녹음중 분석 종료, 분석정보 시작=====
녹음파일 길이: 0:0:44.303
분석 종료
0.70~1.71
6.52~7.53
10.03~11.04
13.21~14.22
16.42~17.43
19.91~20.92
23.75~24.76
27.59~28.60
42.67~43.68
분석 시작 raw/20545__sirplus__snore.wav
0:0:2.298(2.30s)!!!!!!!!!!!!!!!!!!!!!!!!!!!!!!!!!!!!!!!!!!!!!!!!!!!!!!!!!!!!!!!!!녹음 시작! 
0:0:32.008(32.01s)!!!!!!!!!!!!!!!!!!!!!!!!!!!!!!!!!!!!!!!!!!!!!!!!!!!!!!!!!!!!!!!!!녹음 종료! 
=====녹음중 분석 종료, 분석정보 시작=====
녹음파일 길이: 0:0:29.709
분석 종료
4.70~5.71
6.11~7.17
13.33~14.34
16.58~17.59
18.70~19.71
24.17~25.18
25.21~26.26
분석 시작 raw/63103__robinhood76__00555-snoring-1-heavy-breath.wav
0:0:0.417(0.42s)!!!!!!!!!!!!!!!!!!!!!!!!!!!!!!!!!!!!!!!!!!!!!!!!!!!!!!!!!!!!!!!!!녹음 시작! 
0:1:20.004(80.00s)!!!!!!!!!!!!!!!!!!!!!!!!!!!!!!!!!!!!!!!!!!!!!!!!!!!!!!!!!!!!!!!!!녹음 종료! 
=====녹음중 분석 종료, 분석정보 시작=====
녹음파일 길이: 0:1:19.586
분석 종료
39.98~40.99
47.09~48.10
63.51~64.53
분석 시작 raw/235873__delphidebrain__sjuulke-snoring-1.wav
0:0:1.3(1.30s)!!!!!!!!!!!!!!!!!!!!!!!!!!!!!!!!!!!!!!!!!!!!!!!!!!!!!!!!!!!!!!!!!녹음 시작! 
0:0:45.0(45.00s)!!!!!!!!!!!!!!!!!!!!!!!!!!!!!!!!!!!!!!!!!!!!!!!!!!!!!!!!!!!!!!!!!녹음 종료! 
=====녹음중 분석 종료, 분석정보 시작=====
녹음파일 길이: 0:0:43.699
분석 종료
6.52~7.53
10.03~11.04
13.21~14.22
16.42~17.43
19.91~20.92
23.75~24.76
27.59~28.60
42.67~43.68
분석 시작 raw/114609__daxter31__snoring.wav
0:0:2.902(2.90s)!!!!!!!!!!!!!!!!!!!!!!!!!!!!!!!!!!!!!!!!!!!!!!!!!!!!!!!!!!!!!!!!!녹음 시작! 
0:0:46.01(46.01s)!!!!!!!!!!!!!!!!!!!!!!!!!!!!!!!!!!!!!!!!!!!!!!!!!!!!!!!!!!!!!!!!!녹음 종료! 
=====녹음중 분석 종료, 분석정보 시작=====
녹음파일 길이: 0:0:43.107
분석 종료
2.90~3.91
4.13~5.14
15.79~16.80
30.70~31.71
39.31~40.32
40.60~41.61
